[2024-11-06 19:13:56.063748] [0x00007f56e47e5880] [info] ------------------------------------------------------------
[2024-11-06 19:13:56.064949] [0x00007f56e47e5880] [info] Load information from PhyDB
[2024-11-06 19:13:56.065017] [0x00007f56e47e5880] [info]   placement grid not set in PhyDB
[2024-11-06 19:13:56.065048] [0x00007f56e47e5880] [info]   checking sites
[2024-11-06 19:13:56.065082] [0x00007f56e47e5880] [info]     width : 0.6um
[2024-11-06 19:13:56.065192] [0x00007f56e47e5880] [info]     height: 0.3um
[2024-11-06 19:13:56.067432] [0x00007f56e47e5880] [info] No P-well layer info provided, creating fake info
[2024-11-06 19:13:56.069298] [0x00007f56e47e5880] [info] (wall time: 0.006528s, cpu time: 0.003252)
[2024-11-06 19:13:56.069365] [0x00007f56e47e5880] [info] ------------------------------------------------------------
[2024-11-06 19:13:56.069377] [0x00007f56e47e5880] [info] Circuit brief summary:
[2024-11-06 19:13:56.069418] [0x00007f56e47e5880] [info]   movable blocks: 299
[2024-11-06 19:13:56.069446] [0x00007f56e47e5880] [info]   fixed blocks:   0
[2024-11-06 19:13:56.069481] [0x00007f56e47e5880] [info]   blocks:         299
[2024-11-06 19:13:56.069517] [0x00007f56e47e5880] [info]   iopins:         24
[2024-11-06 19:13:56.069559] [0x00007f56e47e5880] [info]   nets:           321
[2024-11-06 19:13:56.069594] [0x00007f56e47e5880] [info]   grid size x/y:  0.6/0.3um
[2024-11-06 19:13:56.069636] [0x00007f56e47e5880] [info]   total movable blk area: 24156
[2024-11-06 19:13:56.069702] [0x00007f56e47e5880] [info]   total white space     : 105768
[2024-11-06 19:13:56.069731] [0x00007f56e47e5880] [info]   total block area      : 24156
[2024-11-06 19:13:56.069766] [0x00007f56e47e5880] [info]   total space: 105768
[2024-11-06 19:13:56.069783] [0x00007f56e47e5880] [info]     left:   10
[2024-11-06 19:13:56.069814] [0x00007f56e47e5880] [info]     right:  236
[2024-11-06 19:13:56.069825] [0x00007f56e47e5880] [info]     bottom: 18
[2024-11-06 19:13:56.069832] [0x00007f56e47e5880] [info]     top:    486
[2024-11-06 19:13:56.069843] [0x00007f56e47e5880] [info]   average movable width/height: 5.7893/13.6823um
[2024-11-06 19:13:56.069876] [0x00007f56e47e5880] [info]   white space utility: 0.228387
[2024-11-06 19:13:56.069910] [0x00007f56e47e5880] [info]   current weighted HPWL: 1235.7um
[2024-11-06 19:13:56.070055] [0x00007f56e47e5880] [info] ------------------------------------------------------------
[2024-11-06 19:13:56.070088] [0x00007f56e47e5880] [info] Start global placement
[2024-11-06 19:13:56.070099] [0x00007f56e47e5880] [info]   target density: 0.25
[2024-11-06 19:13:56.070145] [0x00007f56e47e5880] [info]   Block location initialization:
    HPWL before, 1235.7
[2024-11-06 19:13:56.070208] [0x00007f56e47e5880] [info]     HPWL after, 28464.2
[2024-11-06 19:13:56.100111] [0x00007f56e47e5880] [info]   iter-0  : 1.0133e+03  1.0916e+04
[2024-11-06 19:13:56.127760] [0x00007f56e47e5880] [info]   iter-1  : 1.0168e+03  1.0471e+04
[2024-11-06 19:13:56.151675] [0x00007f56e47e5880] [info]   iter-2  : 1.0330e+03  8.0254e+03
[2024-11-06 19:13:56.186129] [0x00007f56e47e5880] [info]   iter-3  : 1.0645e+03  7.4098e+03
[2024-11-06 19:13:56.205403] [0x00007f56e47e5880] [info]   iter-4  : 1.1053e+03  7.6301e+03
[2024-11-06 19:13:56.253973] [0x00007f56e47e5880] [info]   iter-5  : 1.1865e+03  6.9996e+03
[2024-11-06 19:13:56.289957] [0x00007f56e47e5880] [info]   iter-6  : 1.3029e+03  6.6121e+03
[2024-11-06 19:13:56.318136] [0x00007f56e47e5880] [info]   iter-7  : 1.3816e+03  5.9435e+03
[2024-11-06 19:13:56.353342] [0x00007f56e47e5880] [info]   iter-8  : 1.5076e+03  5.5048e+03
[2024-11-06 19:13:56.372586] [0x00007f56e47e5880] [info]   iter-9  : 1.6095e+03  5.4488e+03
[2024-11-06 19:13:56.403624] [0x00007f56e47e5880] [info]   iter-10 : 1.7697e+03  5.1114e+03
[2024-11-06 19:13:56.435476] [0x00007f56e47e5880] [info]   iter-11 : 1.8825e+03  4.6267e+03
[2024-11-06 19:13:56.453368] [0x00007f56e47e5880] [info]   iter-12 : 1.9711e+03  4.4354e+03
[2024-11-06 19:13:56.470386] [0x00007f56e47e5880] [info]   iter-13 : 2.1068e+03  4.2059e+03
[2024-11-06 19:13:56.487214] [0x00007f56e47e5880] [info]   iter-14 : 2.1985e+03  4.0531e+03
[2024-11-06 19:13:56.504264] [0x00007f56e47e5880] [info]   iter-15 : 2.3251e+03  3.8511e+03
[2024-11-06 19:13:56.527440] [0x00007f56e47e5880] [info]   iter-16 : 2.4197e+03  3.8698e+03
[2024-11-06 19:13:56.553745] [0x00007f56e47e5880] [info]   iter-17 : 2.4969e+03  3.7985e+03
[2024-11-06 19:13:56.570637] [0x00007f56e47e5880] [info]   iter-18 : 2.5607e+03  4.2908e+03
[2024-11-06 19:13:56.601426] [0x00007f56e47e5880] [info]   iter-19 : 2.7265e+03  4.1965e+03
[2024-11-06 19:13:56.632559] [0x00007f56e47e5880] [info]   iter-20 : 2.8052e+03  4.0950e+03
[2024-11-06 19:13:56.650477] [0x00007f56e47e5880] [info]   iter-21 : 2.9006e+03  3.9823e+03
[2024-11-06 19:13:56.679478] [0x00007f56e47e5880] [info]   iter-22 : 2.9449e+03  4.0349e+03
[2024-11-06 19:13:56.697232] [0x00007f56e47e5880] [info]   iter-23 : 3.0200e+03  3.8973e+03
[2024-11-06 19:13:56.727076] [0x00007f56e47e5880] [info]   iter-24 : 3.0311e+03  3.9384e+03
[2024-11-06 19:13:56.744594] [0x00007f56e47e5880] [info]   iter-25 : 3.0833e+03  3.9411e+03
[2024-11-06 19:13:56.765005] [0x00007f56e47e5880] [info]   iter-26 : 3.1268e+03  3.9436e+03
[2024-11-06 19:13:56.765077] [0x00007f56e47e5880] [info]   current weighted HPWL: 3943.6um
[2024-11-06 19:13:56.765123] [0x00007f56e47e5880] [info] [0;36mGlobal placement completed[0m
[2024-11-06 19:13:56.765137] [0x00007f56e47e5880] [info] (wall time: 0.695082s, cpu time: 10.802990)
[2024-11-06 19:13:56.765267] [0x00007f56e47e5880] [info] (peak memory: 5394MB,  current memory: 5394MB)
[2024-11-06 19:13:56.765325] [0x00007f56e47e5880] [info] ------------------------------------------------------------
[2024-11-06 19:13:56.765345] [0x00007f56e47e5880] [info] Start standard cluster well legalization
[2024-11-06 19:13:56.765359] [0x00007f56e47e5880] [info]   Well max plug distance: 75um, 125 
[2024-11-06 19:13:56.765379] [0x00007f56e47e5880] [info]   GridValueX: 0.6 um
[2024-11-06 19:13:56.765390] [0x00007f56e47e5880] [info]   Well spacing: 1.275um, 3
[2024-11-06 19:13:56.765398] [0x00007f56e47e5880] [info]   Well tap cell width: 2
[2024-11-06 19:13:56.765509] [0x00007f56e47e5880] [info] Max movable cell width: 18
[2024-11-06 19:13:56.765537] [0x00007f56e47e5880] [info] Using default gridded row width: 2*max_unplug_length_
[2024-11-06 19:13:56.765549] [0x00007f56e47e5880] [info]   Total number of columns: 1
[2024-11-06 19:13:56.765557] [0x00007f56e47e5880] [info]   Gridded row width: 132um, 220
[2024-11-06 19:13:56.765693] [0x00007f56e47e5880] [info] Maximum possible number of gridded rows in a column: 51
[2024-11-06 19:13:56.765995] [0x00007f56e47e5880] [info] Form block clustering
[2024-11-06 19:13:56.766481] [0x00007f56e47e5880] [info]   current weighted HPWL: 4261.2um
[2024-11-06 19:13:56.766564] [0x00007f56e47e5880] [info] Flip cluster orientation
[2024-11-06 19:13:56.766598] [0x00007f56e47e5880] [info]   current weighted HPWL: 4561.8um
[2024-11-06 19:13:56.766637] [0x00007f56e47e5880] [info] Perform local reordering
[2024-11-06 19:13:56.766648] [0x00007f56e47e5880] [info] reorder iteration: 0
[2024-11-06 19:13:56.775264] [0x00007f56e47e5880] [info]   current weighted HPWL: 5383.2um
[2024-11-06 19:13:56.775395] [0x00007f56e47e5880] [info] reorder iteration: 1
[2024-11-06 19:13:56.777214] [0x00007f56e47e5880] [info]   current weighted HPWL: 5368.2um
[2024-11-06 19:13:56.777266] [0x00007f56e47e5880] [info] reorder iteration: 2
[2024-11-06 19:13:56.784709] [0x00007f56e47e5880] [info]   current weighted HPWL: 5385um
[2024-11-06 19:13:56.784870] [0x00007f56e47e5880] [info] reorder iteration: 3
[2024-11-06 19:13:56.790074] [0x00007f56e47e5880] [info]   current weighted HPWL: 5427um
[2024-11-06 19:13:56.790178] [0x00007f56e47e5880] [info] reorder iteration: 4
[2024-11-06 19:13:56.791928] [0x00007f56e47e5880] [info]   current weighted HPWL: 5464.8um
[2024-11-06 19:13:56.791967] [0x00007f56e47e5880] [info] reorder iteration: 5
[2024-11-06 19:13:56.794434] [0x00007f56e47e5880] [info]   current weighted HPWL: 5497.2um
[2024-11-06 19:13:56.794519] [0x00007f56e47e5880] [info] Insert well tap cells
[2024-11-06 19:13:56.795288] [0x00007f56e47e5880] [info] Insertion complete: 44 well tap cell created
[2024-11-06 19:13:56.795334] [0x00007f56e47e5880] [info] Skip creating end cap cells
[2024-11-06 19:13:56.795349] [0x00007f56e47e5880] [info]   current weighted HPWL: 5464.8um
[2024-11-06 19:13:56.795930] [0x00007f56e47e5880] [info] [0;36mStandard Cluster Well Legalization completed[0m
[2024-11-06 19:13:56.796008] [0x00007f56e47e5880] [info] (wall time: 0.030672s, cpu time: 0.458197)
[2024-11-06 19:13:56.796113] [0x00007f56e47e5880] [info] (peak memory: 5394MB,  current memory: 5394MB)
[2024-11-06 19:13:56.796176] [0x00007f56e47e5880] [info] Writing PP and NP rect file: dali_outppnp.rect
[2024-11-06 19:13:56.798782] [0x00007f56e47e5880] [info] Writing N-well rect file: dali_outwell.rect
[2024-11-06 19:13:56.799258] [0x00007f56e47e5880] [info] Writing cluster rect file: dali_out_router.cluster
[2024-11-06 19:13:56.800131] [0x00007f56e47e5880] [info] ------------------------------------------------------------
[2024-11-06 19:13:56.800257] [0x00007f56e47e5880] [info] Start I/O Placement
[2024-11-06 19:13:56.800389] [0x00007f56e47e5880] [info] [0;36mI/O Placement complete![0m
[2024-11-06 19:13:56.800489] [0x00007f56e47e5880] [warning] IoPlace flag not specified, use --auto-place by default
[2024-11-06 19:13:56.800509] [0x00007f56e47e5880] [info] ------------------------------------------------------------
[2024-11-06 19:13:56.800519] [0x00007f56e47e5880] [info] Start I/O Placement
[2024-11-06 19:13:56.800547] [0x00007f56e47e5880] [info] [0;36mI/O Placement complete![0m
[2024-11-06 19:13:56.800994] [0x00007f56e47e5880] [info] Export Pplus/Nplus fillings to PhyDB
[2024-11-06 19:13:56.801094] [0x00007f56e47e5880] [info] Export N wells to PhyDB
