[2024-11-05 20:21:51.729035] [0x00007f75ad774880] [info] ------------------------------------------------------------
[2024-11-05 20:21:51.729306] [0x00007f75ad774880] [info] Load information from PhyDB
[2024-11-05 20:21:51.729339] [0x00007f75ad774880] [info]   placement grid not set in PhyDB
[2024-11-05 20:21:51.729363] [0x00007f75ad774880] [info]   checking sites
[2024-11-05 20:21:51.729372] [0x00007f75ad774880] [info]     width : 0.6um
[2024-11-05 20:21:51.729516] [0x00007f75ad774880] [info]     height: 0.3um
[2024-11-05 20:21:51.730969] [0x00007f75ad774880] [info] No P-well layer info provided, creating fake info
[2024-11-05 20:21:51.731737] [0x00007f75ad774880] [info] (wall time: 0.003151s, cpu time: 0.001447)
[2024-11-05 20:21:51.731774] [0x00007f75ad774880] [info] ------------------------------------------------------------
[2024-11-05 20:21:51.731781] [0x00007f75ad774880] [info] Circuit brief summary:
[2024-11-05 20:21:51.731784] [0x00007f75ad774880] [info]   movable blocks: 299
[2024-11-05 20:21:51.731857] [0x00007f75ad774880] [info]   fixed blocks:   0
[2024-11-05 20:21:51.731864] [0x00007f75ad774880] [info]   blocks:         299
[2024-11-05 20:21:51.731867] [0x00007f75ad774880] [info]   iopins:         24
[2024-11-05 20:21:51.731872] [0x00007f75ad774880] [info]   nets:           321
[2024-11-05 20:21:51.731877] [0x00007f75ad774880] [info]   grid size x/y:  0.6/0.3um
[2024-11-05 20:21:51.731898] [0x00007f75ad774880] [info]   total movable blk area: 24156
[2024-11-05 20:21:51.731951] [0x00007f75ad774880] [info]   total white space     : 2556036
[2024-11-05 20:21:51.731958] [0x00007f75ad774880] [info]   total block area      : 24156
[2024-11-05 20:21:51.731984] [0x00007f75ad774880] [info]   total space: 2556036
[2024-11-05 20:21:51.732009] [0x00007f75ad774880] [info]     left:   10
[2024-11-05 20:21:51.732016] [0x00007f75ad774880] [info]     right:  1137
[2024-11-05 20:21:51.732020] [0x00007f75ad774880] [info]     bottom: 18
[2024-11-05 20:21:51.732023] [0x00007f75ad774880] [info]     top:    2286
[2024-11-05 20:21:51.732041] [0x00007f75ad774880] [info]   average movable width/height: 5.7893/13.6823um
[2024-11-05 20:21:51.732076] [0x00007f75ad774880] [info]   white space utility: 0.00945057
[2024-11-05 20:21:51.732084] [0x00007f75ad774880] [info]   current weighted HPWL: 1235.7um
[2024-11-05 20:21:51.732153] [0x00007f75ad774880] [info] ------------------------------------------------------------
[2024-11-05 20:21:51.732157] [0x00007f75ad774880] [info] Start global placement
[2024-11-05 20:21:51.732161] [0x00007f75ad774880] [info]   target density: 0.01
[2024-11-05 20:21:51.732174] [0x00007f75ad774880] [info]   Block location initialization:
    HPWL before, 1235.7
[2024-11-05 20:21:51.732211] [0x00007f75ad774880] [info]     HPWL after, 139819
[2024-11-05 20:21:51.761781] [0x00007f75ad774880] [info]   iter-0  : 1.0075e+03  5.7383e+04
[2024-11-05 20:21:51.768982] [0x00007f75ad774880] [info]   iter-1  : 1.0242e+03  4.5848e+04
[2024-11-05 20:21:51.775189] [0x00007f75ad774880] [info]   iter-2  : 1.0507e+03  4.3259e+04
[2024-11-05 20:21:51.782402] [0x00007f75ad774880] [info]   iter-3  : 1.0759e+03  4.0359e+04
[2024-11-05 20:21:51.795510] [0x00007f75ad774880] [info]   iter-4  : 1.1330e+03  3.7105e+04
[2024-11-05 20:21:51.806194] [0x00007f75ad774880] [info]   iter-5  : 1.2366e+03  3.4220e+04
[2024-11-05 20:21:51.830485] [0x00007f75ad774880] [info]   iter-6  : 1.4342e+03  3.1473e+04
[2024-11-05 20:21:51.841825] [0x00007f75ad774880] [info]   iter-7  : 1.7179e+03  3.0009e+04
[2024-11-05 20:21:51.854511] [0x00007f75ad774880] [info]   iter-8  : 2.1624e+03  2.7070e+04
[2024-11-05 20:21:51.874613] [0x00007f75ad774880] [info]   iter-9  : 2.8089e+03  2.5627e+04
[2024-11-05 20:21:51.907635] [0x00007f75ad774880] [info]   iter-10 : 4.7540e+03  2.2840e+04
[2024-11-05 20:21:51.926372] [0x00007f75ad774880] [info]   iter-11 : 5.9644e+03  2.2938e+04
[2024-11-05 20:21:51.951793] [0x00007f75ad774880] [info]   iter-12 : 6.9550e+03  2.3186e+04
[2024-11-05 20:21:51.977146] [0x00007f75ad774880] [info]   iter-13 : 7.5593e+03  2.2594e+04
[2024-11-05 20:21:51.998505] [0x00007f75ad774880] [info]   iter-14 : 8.2129e+03  2.1392e+04
[2024-11-05 20:21:52.016997] [0x00007f75ad774880] [info]   iter-15 : 8.9853e+03  2.0335e+04
[2024-11-05 20:21:52.020710] [0x00007f75ad774880] [info]   iter-16 : 9.6428e+03  1.9693e+04
[2024-11-05 20:21:52.036522] [0x00007f75ad774880] [info]   iter-17 : 1.0259e+04  1.9597e+04
[2024-11-05 20:21:52.038479] [0x00007f75ad774880] [info]   iter-18 : 1.0720e+04  1.8859e+04
[2024-11-05 20:21:52.055313] [0x00007f75ad774880] [info]   iter-19 : 1.1354e+04  1.9704e+04
[2024-11-05 20:21:52.060489] [0x00007f75ad774880] [info]   iter-20 : 1.1730e+04  1.8941e+04
[2024-11-05 20:21:52.067968] [0x00007f75ad774880] [info]   iter-21 : 1.2165e+04  1.8830e+04
[2024-11-05 20:21:52.081371] [0x00007f75ad774880] [info]   iter-22 : 1.2708e+04  1.9030e+04
[2024-11-05 20:21:52.090679] [0x00007f75ad774880] [info]   iter-23 : 1.3350e+04  1.9165e+04
[2024-11-05 20:21:52.102195] [0x00007f75ad774880] [info]   iter-24 : 1.3405e+04  1.8642e+04
[2024-11-05 20:21:52.110823] [0x00007f75ad774880] [info]   iter-25 : 1.3824e+04  1.8605e+04
[2024-11-05 20:21:52.116276] [0x00007f75ad774880] [info]   iter-26 : 1.3993e+04  1.8642e+04
[2024-11-05 20:21:52.116473] [0x00007f75ad774880] [info]   current weighted HPWL: 18641.9um
[2024-11-05 20:21:52.116559] [0x00007f75ad774880] [info] [0;36mGlobal placement completed[0m
[2024-11-05 20:21:52.116604] [0x00007f75ad774880] [info] (wall time: 0.384447s, cpu time: 5.893746)
[2024-11-05 20:21:52.116700] [0x00007f75ad774880] [info] (peak memory: 5394MB,  current memory: 5394MB)
[2024-11-05 20:21:52.116799] [0x00007f75ad774880] [info] ------------------------------------------------------------
[2024-11-05 20:21:52.116836] [0x00007f75ad774880] [info] Start standard cluster well legalization
[2024-11-05 20:21:52.116874] [0x00007f75ad774880] [info]   Well max plug distance: 75um, 125 
[2024-11-05 20:21:52.116911] [0x00007f75ad774880] [info]   GridValueX: 0.6 um
[2024-11-05 20:21:52.116950] [0x00007f75ad774880] [info]   Well spacing: 1.275um, 3
[2024-11-05 20:21:52.116985] [0x00007f75ad774880] [info]   Well tap cell width: 2
[2024-11-05 20:21:52.117415] [0x00007f75ad774880] [info] Max movable cell width: 18
[2024-11-05 20:21:52.117447] [0x00007f75ad774880] [info] Using default gridded row width: 2*max_unplug_length_
[2024-11-05 20:21:52.117476] [0x00007f75ad774880] [info]   Total number of columns: 5
[2024-11-05 20:21:52.117505] [0x00007f75ad774880] [info]   Gridded row width: 134.4um, 224
[2024-11-05 20:21:52.118443] [0x00007f75ad774880] [info] Maximum possible number of gridded rows in a column: 251
[2024-11-05 20:21:52.130946] [0x00007f75ad774880] [info] Form block clustering
[2024-11-05 20:21:52.131401] [0x00007f75ad774880] [info]   current weighted HPWL: 18785.7um
[2024-11-05 20:21:52.131524] [0x00007f75ad774880] [info] Flip cluster orientation
[2024-11-05 20:21:52.131644] [0x00007f75ad774880] [info]   current weighted HPWL: 19122um
[2024-11-05 20:21:52.131703] [0x00007f75ad774880] [info] Perform local reordering
[2024-11-05 20:21:52.131743] [0x00007f75ad774880] [info] reorder iteration: 0
[2024-11-05 20:21:52.131807] [0x00007f75ad774880] [info]   current weighted HPWL: 19119.6um
[2024-11-05 20:21:52.131854] [0x00007f75ad774880] [info] reorder iteration: 1
[2024-11-05 20:21:52.131907] [0x00007f75ad774880] [info]   current weighted HPWL: 19119.6um
[2024-11-05 20:21:52.131954] [0x00007f75ad774880] [info] reorder iteration: 2
[2024-11-05 20:21:52.132004] [0x00007f75ad774880] [info]   current weighted HPWL: 19119.6um
[2024-11-05 20:21:52.132049] [0x00007f75ad774880] [info] reorder iteration: 3
[2024-11-05 20:21:52.132098] [0x00007f75ad774880] [info]   current weighted HPWL: 19119.6um
[2024-11-05 20:21:52.132145] [0x00007f75ad774880] [info] reorder iteration: 4
[2024-11-05 20:21:52.132197] [0x00007f75ad774880] [info]   current weighted HPWL: 19119.6um
[2024-11-05 20:21:52.132241] [0x00007f75ad774880] [info] reorder iteration: 5
[2024-11-05 20:21:52.132289] [0x00007f75ad774880] [info]   current weighted HPWL: 19119.6um
[2024-11-05 20:21:52.132397] [0x00007f75ad774880] [info] Insert well tap cells
[2024-11-05 20:21:52.132716] [0x00007f75ad774880] [info] Insertion complete: 482 well tap cell created
[2024-11-05 20:21:52.132755] [0x00007f75ad774880] [info] Skip creating end cap cells
[2024-11-05 20:21:52.132787] [0x00007f75ad774880] [info]   current weighted HPWL: 19102.8um
[2024-11-05 20:21:52.132938] [0x00007f75ad774880] [info] [0;36mStandard Cluster Well Legalization completed[0m
[2024-11-05 20:21:52.132983] [0x00007f75ad774880] [info] (wall time: 0.016177s, cpu time: 0.268763)
[2024-11-05 20:21:52.133056] [0x00007f75ad774880] [info] (peak memory: 5395MB,  current memory: 5395MB)
[2024-11-05 20:21:52.133094] [0x00007f75ad774880] [info] Writing PP and NP rect file: dali_outppnp.rect
[2024-11-05 20:21:52.135027] [0x00007f75ad774880] [info] Writing N-well rect file: dali_outwell.rect
[2024-11-05 20:21:52.137603] [0x00007f75ad774880] [info] Writing cluster rect file: dali_out_router.cluster
[2024-11-05 20:21:52.137985] [0x00007f75ad774880] [info] ------------------------------------------------------------
[2024-11-05 20:21:52.138012] [0x00007f75ad774880] [info] Start I/O Placement
[2024-11-05 20:21:52.138043] [0x00007f75ad774880] [info] [0;36mI/O Placement complete![0m
[2024-11-05 20:21:52.138089] [0x00007f75ad774880] [warning] IoPlace flag not specified, use --auto-place by default
[2024-11-05 20:21:52.138113] [0x00007f75ad774880] [info] ------------------------------------------------------------
[2024-11-05 20:21:52.138139] [0x00007f75ad774880] [info] Start I/O Placement
[2024-11-05 20:21:52.138161] [0x00007f75ad774880] [info] [0;36mI/O Placement complete![0m
[2024-11-05 20:21:52.138516] [0x00007f75ad774880] [info] Export Pplus/Nplus fillings to PhyDB
[2024-11-05 20:21:52.138625] [0x00007f75ad774880] [info] Export N wells to PhyDB
