[2024-12-13 23:38:05.976643] [0x00001458c45c4980] [info] ------------------------------------------------------------
[2024-12-13 23:38:05.978262] [0x00001458c45c4980] [info] Load information from PhyDB
[2024-12-13 23:38:05.978271] [0x00001458c45c4980] [info]   placement grid not set in PhyDB
[2024-12-13 23:38:05.978275] [0x00001458c45c4980] [info]   checking sites
[2024-12-13 23:38:05.978279] [0x00001458c45c4980] [info]     width : 0.54um
[2024-12-13 23:38:05.978296] [0x00001458c45c4980] [info]     height: 0.9um
[2024-12-13 23:38:05.980935] [0x00001458c45c4980] [info] No P-well layer info provided, creating fake info
[2024-12-13 23:38:05.980974] [0x00001458c45c4980] [info] (wall time: 0.004402s, cpu time: 0.002908)
[2024-12-13 23:38:05.980980] [0x00001458c45c4980] [info] ------------------------------------------------------------
[2024-12-13 23:38:05.980984] [0x00001458c45c4980] [info] Circuit brief summary:
[2024-12-13 23:38:05.980988] [0x00001458c45c4980] [info]   movable blocks: 2094
[2024-12-13 23:38:05.980998] [0x00001458c45c4980] [info]   fixed blocks:   0
[2024-12-13 23:38:05.981002] [0x00001458c45c4980] [info]   blocks:         2094
[2024-12-13 23:38:05.981005] [0x00001458c45c4980] [info]   iopins:         31
[2024-12-13 23:38:05.981011] [0x00001458c45c4980] [info]   nets:           2114
[2024-12-13 23:38:05.981015] [0x00001458c45c4980] [info]   grid size x/y:  0.54/0.9um
[2024-12-13 23:38:05.981021] [0x00001458c45c4980] [info]   total movable blk area: 134702
[2024-12-13 23:38:05.981027] [0x00001458c45c4980] [info]   total white space     : 284418
[2024-12-13 23:38:05.981031] [0x00001458c45c4980] [info]   total block area      : 134702
[2024-12-13 23:38:05.981034] [0x00001458c45c4980] [info]   total space: 284418
[2024-12-13 23:38:05.981040] [0x00001458c45c4980] [info]     left:   10
[2024-12-13 23:38:05.981044] [0x00001458c45c4980] [info]     right:  697
[2024-12-13 23:38:05.981048] [0x00001458c45c4980] [info]     bottom: 18
[2024-12-13 23:38:05.981051] [0x00001458c45c4980] [info]     top:    432
[2024-12-13 23:38:05.981055] [0x00001458c45c4980] [info]   average movable width/height: 7.65473/8.09265um
[2024-12-13 23:38:05.981060] [0x00001458c45c4980] [info]   white space utility: 0.473606
[2024-12-13 23:38:05.981065] [0x00001458c45c4980] [info]   current weighted HPWL: 12707um
[2024-12-13 23:38:05.981189] [0x00001458c45c4980] [info] ------------------------------------------------------------
[2024-12-13 23:38:05.981194] [0x00001458c45c4980] [info] Start global placement
[2024-12-13 23:38:05.981199] [0x00001458c45c4980] [info]   target density: 0.5
[2024-12-13 23:38:05.981216] [0x00001458c45c4980] [info]   Block location initialization:
    HPWL before, 12707
[2024-12-13 23:38:05.981355] [0x00001458c45c4980] [info]     HPWL after, 603157
[2024-12-13 23:38:06.004822] [0x00001458c45c4980] [info]   iter-0  : 8.1362e+03  1.8374e+05
[2024-12-13 23:38:06.018304] [0x00001458c45c4980] [info]   iter-1  : 8.2399e+03  1.3861e+05
[2024-12-13 23:38:06.035728] [0x00001458c45c4980] [info]   iter-2  : 8.5799e+03  1.1254e+05
[2024-12-13 23:38:06.062874] [0x00001458c45c4980] [info]   iter-3  : 9.4351e+03  8.3983e+04
[2024-12-13 23:38:06.099004] [0x00001458c45c4980] [info]   iter-4  : 1.1066e+04  7.9992e+04
[2024-12-13 23:38:06.141362] [0x00001458c45c4980] [info]   iter-5  : 1.3691e+04  6.8198e+04
[2024-12-13 23:38:06.181615] [0x00001458c45c4980] [info]   iter-6  : 1.6636e+04  6.2275e+04
[2024-12-13 23:38:06.210882] [0x00001458c45c4980] [info]   iter-7  : 1.8894e+04  5.7172e+04
[2024-12-13 23:38:06.236912] [0x00001458c45c4980] [info]   iter-8  : 2.0697e+04  5.5767e+04
[2024-12-13 23:38:06.256494] [0x00001458c45c4980] [info]   iter-9  : 2.1794e+04  4.9620e+04
[2024-12-13 23:38:06.274698] [0x00001458c45c4980] [info]   iter-10 : 2.3553e+04  4.6581e+04
[2024-12-13 23:38:06.293584] [0x00001458c45c4980] [info]   iter-11 : 2.4779e+04  4.5750e+04
[2024-12-13 23:38:06.306020] [0x00001458c45c4980] [info]   iter-12 : 2.5756e+04  4.4383e+04
[2024-12-13 23:38:06.320521] [0x00001458c45c4980] [info]   iter-13 : 2.6461e+04  4.3876e+04
[2024-12-13 23:38:06.332307] [0x00001458c45c4980] [info]   iter-14 : 2.7332e+04  4.0712e+04
[2024-12-13 23:38:06.345666] [0x00001458c45c4980] [info]   iter-15 : 2.7697e+04  4.0529e+04
[2024-12-13 23:38:06.356813] [0x00001458c45c4980] [info]   iter-16 : 2.8540e+04  3.8528e+04
[2024-12-13 23:38:06.365881] [0x00001458c45c4980] [info]   iter-17 : 2.8818e+04  3.8391e+04
[2024-12-13 23:38:06.374998] [0x00001458c45c4980] [info]   iter-18 : 2.9347e+04  3.8129e+04
[2024-12-13 23:38:06.387328] [0x00001458c45c4980] [info]   iter-19 : 2.9683e+04  3.7551e+04
[2024-12-13 23:38:06.396323] [0x00001458c45c4980] [info]   iter-20 : 2.9788e+04  3.6947e+04
[2024-12-13 23:38:06.405475] [0x00001458c45c4980] [info]   iter-21 : 3.0012e+04  3.6282e+04
[2024-12-13 23:38:06.417648] [0x00001458c45c4980] [info]   iter-22 : 3.0242e+04  3.5885e+04
[2024-12-13 23:38:06.426651] [0x00001458c45c4980] [info]   iter-23 : 3.0298e+04  3.5521e+04
[2024-12-13 23:38:06.435656] [0x00001458c45c4980] [info]   iter-24 : 3.0357e+04  3.5366e+04
[2024-12-13 23:38:06.444350] [0x00001458c45c4980] [info]   iter-25 : 3.0367e+04  3.5639e+04
[2024-12-13 23:38:06.456633] [0x00001458c45c4980] [info]   iter-26 : 3.0706e+04  3.5496e+04
[2024-12-13 23:38:06.465503] [0x00001458c45c4980] [info]   iter-27 : 3.0648e+04  3.4939e+04
[2024-12-13 23:38:06.475020] [0x00001458c45c4980] [info]   iter-28 : 3.0745e+04  3.4973e+04
[2024-12-13 23:38:06.485163] [0x00001458c45c4980] [info]   iter-29 : 3.0872e+04  3.4979e+04
[2024-12-13 23:38:06.487352] [0x00001458c45c4980] [info]   current weighted HPWL: 34978.8um
[2024-12-13 23:38:06.487497] [0x00001458c45c4980] [info] [0;36mGlobal placement completed[0m
[2024-12-13 23:38:06.487506] [0x00001458c45c4980] [info] (wall time: 0.506314s, cpu time: 0.440350)
[2024-12-13 23:38:06.487544] [0x00001458c45c4980] [info] (peak memory: 20MB,  current memory: 20MB)
[2024-12-13 23:38:06.487631] [0x00001458c45c4980] [info] ------------------------------------------------------------
[2024-12-13 23:38:06.487637] [0x00001458c45c4980] [info] Start standard cluster well legalization
[2024-12-13 23:38:06.487650] [0x00001458c45c4980] [info]   Well max plug distance: 360um, 666 
[2024-12-13 23:38:06.487659] [0x00001458c45c4980] [info]   GridValueX: 0.54 um
[2024-12-13 23:38:06.487663] [0x00001458c45c4980] [info]   Well spacing: 0.63um, 2
[2024-12-13 23:38:06.487668] [0x00001458c45c4980] [info]   Well tap cell width: 3
[2024-12-13 23:38:06.487736] [0x00001458c45c4980] [info] Max movable cell width: 16
[2024-12-13 23:38:06.487742] [0x00001458c45c4980] [info] Using default gridded row width: 2*max_unplug_length_
[2024-12-13 23:38:06.487746] [0x00001458c45c4980] [info]   Total number of columns: 1
[2024-12-13 23:38:06.487750] [0x00001458c45c4980] [info]   Gridded row width: 368.82um, 683
[2024-12-13 23:38:06.487785] [0x00001458c45c4980] [info] Maximum possible number of gridded rows in a column: 82
[2024-12-13 23:38:06.487964] [0x00001458c45c4980] [info] Form block clustering
[2024-12-13 23:38:06.489009] [0x00001458c45c4980] [info]   current weighted HPWL: 42117.8um
[2024-12-13 23:38:06.489150] [0x00001458c45c4980] [info] Flip cluster orientation
[2024-12-13 23:38:06.489159] [0x00001458c45c4980] [info]   current weighted HPWL: 44768.2um
[2024-12-13 23:38:06.489284] [0x00001458c45c4980] [info] Perform local reordering
[2024-12-13 23:38:06.489288] [0x00001458c45c4980] [info] reorder iteration: 0
[2024-12-13 23:38:06.497976] [0x00001458c45c4980] [info]   current weighted HPWL: 45740.4um
[2024-12-13 23:38:06.498122] [0x00001458c45c4980] [info] reorder iteration: 1
[2024-12-13 23:38:06.508106] [0x00001458c45c4980] [info]   current weighted HPWL: 45879.8um
[2024-12-13 23:38:06.508252] [0x00001458c45c4980] [info] reorder iteration: 2
[2024-12-13 23:38:06.518855] [0x00001458c45c4980] [info]   current weighted HPWL: 45995.4um
[2024-12-13 23:38:06.518999] [0x00001458c45c4980] [info] reorder iteration: 3
[2024-12-13 23:38:06.528246] [0x00001458c45c4980] [info]   current weighted HPWL: 46098.9um
[2024-12-13 23:38:06.528380] [0x00001458c45c4980] [info] reorder iteration: 4
[2024-12-13 23:38:06.537058] [0x00001458c45c4980] [info]   current weighted HPWL: 46221.7um
[2024-12-13 23:38:06.537222] [0x00001458c45c4980] [info] reorder iteration: 5
[2024-12-13 23:38:06.546066] [0x00001458c45c4980] [info]   current weighted HPWL: 46310.5um
[2024-12-13 23:38:06.546208] [0x00001458c45c4980] [info] Insert well tap cells
[2024-12-13 23:38:06.546306] [0x00001458c45c4980] [info] Insertion complete: 70 well tap cell created
[2024-12-13 23:38:06.546312] [0x00001458c45c4980] [info] Skip creating end cap cells
[2024-12-13 23:38:06.546316] [0x00001458c45c4980] [info]   current weighted HPWL: 46247.8um
[2024-12-13 23:38:06.546442] [0x00001458c45c4980] [info] [0;36mStandard Cluster Well Legalization completed[0m
[2024-12-13 23:38:06.546450] [0x00001458c45c4980] [info] (wall time: 0.058817s, cpu time: 0.053737)
[2024-12-13 23:38:06.546474] [0x00001458c45c4980] [info] (peak memory: 20MB,  current memory: 19MB)
[2024-12-13 23:38:06.546482] [0x00001458c45c4980] [info] Writing PP and NP rect file: dali_outppnp.rect
[2024-12-13 23:38:06.555343] [0x00001458c45c4980] [info] Writing N-well rect file: dali_outwell.rect
[2024-12-13 23:38:06.558253] [0x00001458c45c4980] [info] Writing cluster rect file: dali_out_router.cluster
[2024-12-13 23:38:06.562762] [0x00001458c45c4980] [info] ------------------------------------------------------------
[2024-12-13 23:38:06.562777] [0x00001458c45c4980] [info] Start I/O Placement
[2024-12-13 23:38:06.562810] [0x00001458c45c4980] [info] [0;36mI/O Placement complete![0m
[2024-12-13 23:38:06.562842] [0x00001458c45c4980] [warning] IoPlace flag not specified, use --auto-place by default
[2024-12-13 23:38:06.562850] [0x00001458c45c4980] [fatal] Unknown flag: met1
[2024-12-13 23:38:06.562854] [0x00001458c45c4980] [info] [0;36mUsage: place-io -c/--config
  -h/--help
      print out function usage
  -m/--metal <left/right/bottom/top> <metal layer>
      use this command to specify which metal layers to use for IOPINs on each placement boundary
      example: -m left m1, for IOPINs on the left boundary, using layer m1 to create physical geometry
      'place-io <metal layer>' is a shorthand for 'place-io -c -m left m1 right m1 bottom m1 top m1'
[0m
[2024-12-13 23:38:06.562864] [0x00001458c45c4980] [fatal] Cannot successfully configure the IoPlacer
[2024-12-13 23:38:06.563298] [0x00001458c45c4980] [info] Export Pplus/Nplus fillings to PhyDB
[2024-12-13 23:38:06.563320] [0x00001458c45c4980] [info] Export N wells to PhyDB
