[2024-12-13 22:26:45.512742] [0x0000149ae7365980] [info] ------------------------------------------------------------
[2024-12-13 22:26:45.514289] [0x0000149ae7365980] [info] Load information from PhyDB
[2024-12-13 22:26:45.514298] [0x0000149ae7365980] [info]   placement grid not set in PhyDB
[2024-12-13 22:26:45.514303] [0x0000149ae7365980] [info]   checking sites
[2024-12-13 22:26:45.514307] [0x0000149ae7365980] [info]     width : 0.54um
[2024-12-13 22:26:45.514320] [0x0000149ae7365980] [info]     height: 0.9um
[2024-12-13 22:26:45.517095] [0x0000149ae7365980] [info] No P-well layer info provided, creating fake info
[2024-12-13 22:26:45.517149] [0x0000149ae7365980] [info] (wall time: 0.004490s, cpu time: 0.003084)
[2024-12-13 22:26:45.517157] [0x0000149ae7365980] [info] ------------------------------------------------------------
[2024-12-13 22:26:45.517161] [0x0000149ae7365980] [info] Circuit brief summary:
[2024-12-13 22:26:45.517165] [0x0000149ae7365980] [info]   movable blocks: 2094
[2024-12-13 22:26:45.517176] [0x0000149ae7365980] [info]   fixed blocks:   0
[2024-12-13 22:26:45.517179] [0x0000149ae7365980] [info]   blocks:         2094
[2024-12-13 22:26:45.517183] [0x0000149ae7365980] [info]   iopins:         31
[2024-12-13 22:26:45.517189] [0x0000149ae7365980] [info]   nets:           2114
[2024-12-13 22:26:45.517193] [0x0000149ae7365980] [info]   grid size x/y:  0.54/0.9um
[2024-12-13 22:26:45.517198] [0x0000149ae7365980] [info]   total movable blk area: 129046
[2024-12-13 22:26:45.517205] [0x0000149ae7365980] [info]   total white space     : 278622
[2024-12-13 22:26:45.517209] [0x0000149ae7365980] [info]   total block area      : 129046
[2024-12-13 22:26:45.517213] [0x0000149ae7365980] [info]   total space: 278622
[2024-12-13 22:26:45.517219] [0x0000149ae7365980] [info]     left:   10
[2024-12-13 22:26:45.517223] [0x0000149ae7365980] [info]     right:  683
[2024-12-13 22:26:45.517227] [0x0000149ae7365980] [info]     bottom: 18
[2024-12-13 22:26:45.517231] [0x0000149ae7365980] [info]     top:    432
[2024-12-13 22:26:45.517234] [0x0000149ae7365980] [info]   average movable width/height: 7.5554/7.90353um
[2024-12-13 22:26:45.517240] [0x0000149ae7365980] [info]   white space utility: 0.463158
[2024-12-13 22:26:45.517244] [0x0000149ae7365980] [info]   current weighted HPWL: 12855.2um
[2024-12-13 22:26:45.517365] [0x0000149ae7365980] [info] ------------------------------------------------------------
[2024-12-13 22:26:45.517370] [0x0000149ae7365980] [info] Start global placement
[2024-12-13 22:26:45.517375] [0x0000149ae7365980] [info]   target density: 0.5
[2024-12-13 22:26:45.517392] [0x0000149ae7365980] [info]   Block location initialization:
    HPWL before, 12855.2
[2024-12-13 22:26:45.517528] [0x0000149ae7365980] [info]     HPWL after, 596975
[2024-12-13 22:26:45.543532] [0x0000149ae7365980] [info]   iter-0  : 8.5435e+03  2.1356e+05
[2024-12-13 22:26:45.558765] [0x0000149ae7365980] [info]   iter-1  : 8.6166e+03  1.6583e+05
[2024-12-13 22:26:45.575496] [0x0000149ae7365980] [info]   iter-2  : 8.8779e+03  1.2261e+05
[2024-12-13 22:26:45.597867] [0x0000149ae7365980] [info]   iter-3  : 9.5295e+03  1.0452e+05
[2024-12-13 22:26:45.631471] [0x0000149ae7365980] [info]   iter-4  : 1.0768e+04  1.0946e+05
[2024-12-13 22:26:45.672663] [0x0000149ae7365980] [info]   iter-5  : 1.3136e+04  8.1567e+04
[2024-12-13 22:26:45.708851] [0x0000149ae7365980] [info]   iter-6  : 1.5402e+04  6.7402e+04
[2024-12-13 22:26:45.736550] [0x0000149ae7365980] [info]   iter-7  : 1.7776e+04  6.4071e+04
[2024-12-13 22:26:45.760077] [0x0000149ae7365980] [info]   iter-8  : 1.9346e+04  5.6364e+04
[2024-12-13 22:26:45.780772] [0x0000149ae7365980] [info]   iter-9  : 2.0719e+04  5.0587e+04
[2024-12-13 22:26:45.796810] [0x0000149ae7365980] [info]   iter-10 : 2.2062e+04  4.6253e+04
[2024-12-13 22:26:45.816138] [0x0000149ae7365980] [info]   iter-11 : 2.3887e+04  4.5105e+04
[2024-12-13 22:26:45.830037] [0x0000149ae7365980] [info]   iter-12 : 2.5301e+04  4.3301e+04
[2024-12-13 22:26:45.840717] [0x0000149ae7365980] [info]   iter-13 : 2.6149e+04  4.1155e+04
[2024-12-13 22:26:45.854844] [0x0000149ae7365980] [info]   iter-14 : 2.6715e+04  4.0223e+04
[2024-12-13 22:26:45.865193] [0x0000149ae7365980] [info]   iter-15 : 2.7317e+04  3.9543e+04
[2024-12-13 22:26:45.875742] [0x0000149ae7365980] [info]   iter-16 : 2.7613e+04  3.8037e+04
[2024-12-13 22:26:45.889655] [0x0000149ae7365980] [info]   iter-17 : 2.8076e+04  3.6680e+04
[2024-12-13 22:26:45.899155] [0x0000149ae7365980] [info]   iter-18 : 2.8166e+04  3.6102e+04
[2024-12-13 22:26:45.908063] [0x0000149ae7365980] [info]   iter-19 : 2.8124e+04  3.5663e+04
[2024-12-13 22:26:45.921772] [0x0000149ae7365980] [info]   iter-20 : 2.8621e+04  3.6395e+04
[2024-12-13 22:26:45.930763] [0x0000149ae7365980] [info]   iter-21 : 2.9179e+04  3.4535e+04
[2024-12-13 22:26:45.940054] [0x0000149ae7365980] [info]   iter-22 : 2.8973e+04  3.4895e+04
[2024-12-13 22:26:45.952600] [0x0000149ae7365980] [info]   iter-23 : 2.9315e+04  3.5778e+04
[2024-12-13 22:26:45.961814] [0x0000149ae7365980] [info]   iter-24 : 2.9853e+04  3.4802e+04
[2024-12-13 22:26:45.971028] [0x0000149ae7365980] [info]   iter-25 : 2.9980e+04  3.4143e+04
[2024-12-13 22:26:45.983316] [0x0000149ae7365980] [info]   iter-26 : 2.9833e+04  3.4044e+04
[2024-12-13 22:26:45.992337] [0x0000149ae7365980] [info]   iter-27 : 2.9968e+04  3.4560e+04
[2024-12-13 22:26:46.001445] [0x0000149ae7365980] [info]   iter-28 : 3.0283e+04  3.3907e+04
[2024-12-13 22:26:46.013680] [0x0000149ae7365980] [info]   iter-29 : 3.0299e+04  3.4532e+04
[2024-12-13 22:26:46.022543] [0x0000149ae7365980] [info]   iter-30 : 3.0394e+04  3.3422e+04
[2024-12-13 22:26:46.031822] [0x0000149ae7365980] [info]   iter-31 : 3.0152e+04  3.4069e+04
[2024-12-13 22:26:46.041619] [0x0000149ae7365980] [info]   iter-32 : 3.0463e+04  3.3988e+04
[2024-12-13 22:26:46.053333] [0x0000149ae7365980] [info]   iter-33 : 3.0631e+04  3.3842e+04
[2024-12-13 22:26:46.062365] [0x0000149ae7365980] [info]   iter-34 : 3.0697e+04  3.3552e+04
[2024-12-13 22:26:46.062397] [0x0000149ae7365980] [info]   current weighted HPWL: 33551.6um
[2024-12-13 22:26:46.062522] [0x0000149ae7365980] [info] [0;36mGlobal placement completed[0m
[2024-12-13 22:26:46.062529] [0x0000149ae7365980] [info] (wall time: 0.545163s, cpu time: 0.474300)
[2024-12-13 22:26:46.062574] [0x0000149ae7365980] [info] (peak memory: 19MB,  current memory: 19MB)
[2024-12-13 22:26:46.062645] [0x0000149ae7365980] [info] ------------------------------------------------------------
[2024-12-13 22:26:46.062650] [0x0000149ae7365980] [info] Start standard cluster well legalization
[2024-12-13 22:26:46.062663] [0x0000149ae7365980] [info]   Well max plug distance: 360um, 666 
[2024-12-13 22:26:46.062671] [0x0000149ae7365980] [info]   GridValueX: 0.54 um
[2024-12-13 22:26:46.062676] [0x0000149ae7365980] [info]   Well spacing: 0.63um, 2
[2024-12-13 22:26:46.062681] [0x0000149ae7365980] [info]   Well tap cell width: 3
[2024-12-13 22:26:46.062749] [0x0000149ae7365980] [info] Max movable cell width: 15
[2024-12-13 22:26:46.062754] [0x0000149ae7365980] [info] Using default gridded row width: 2*max_unplug_length_
[2024-12-13 22:26:46.062758] [0x0000149ae7365980] [info]   Total number of columns: 1
[2024-12-13 22:26:46.062763] [0x0000149ae7365980] [info]   Gridded row width: 361.26um, 669
[2024-12-13 22:26:46.062798] [0x0000149ae7365980] [info] Maximum possible number of gridded rows in a column: 82
[2024-12-13 22:26:46.062974] [0x0000149ae7365980] [info] Form block clustering
[2024-12-13 22:26:46.064047] [0x0000149ae7365980] [info]   current weighted HPWL: 40665.3um
[2024-12-13 22:26:46.064190] [0x0000149ae7365980] [info] Flip cluster orientation
[2024-12-13 22:26:46.064199] [0x0000149ae7365980] [info]   current weighted HPWL: 44471.4um
[2024-12-13 22:26:46.064326] [0x0000149ae7365980] [info] Perform local reordering
[2024-12-13 22:26:46.064330] [0x0000149ae7365980] [info] reorder iteration: 0
[2024-12-13 22:26:46.073385] [0x0000149ae7365980] [info]   current weighted HPWL: 45701.7um
[2024-12-13 22:26:46.073524] [0x0000149ae7365980] [info] reorder iteration: 1
[2024-12-13 22:26:46.085563] [0x0000149ae7365980] [info]   current weighted HPWL: 45949.8um
[2024-12-13 22:26:46.085732] [0x0000149ae7365980] [info] reorder iteration: 2
[2024-12-13 22:26:46.094521] [0x0000149ae7365980] [info]   current weighted HPWL: 46188.2um
[2024-12-13 22:26:46.094664] [0x0000149ae7365980] [info] reorder iteration: 3
[2024-12-13 22:26:46.103622] [0x0000149ae7365980] [info]   current weighted HPWL: 46317.5um
[2024-12-13 22:26:46.103764] [0x0000149ae7365980] [info] reorder iteration: 4
[2024-12-13 22:26:46.116094] [0x0000149ae7365980] [info]   current weighted HPWL: 46423.7um
[2024-12-13 22:26:46.116244] [0x0000149ae7365980] [info] reorder iteration: 5
[2024-12-13 22:26:46.125000] [0x0000149ae7365980] [info]   current weighted HPWL: 46497.6um
[2024-12-13 22:26:46.125148] [0x0000149ae7365980] [info] Insert well tap cells
[2024-12-13 22:26:46.125370] [0x0000149ae7365980] [info] Insertion complete: 70 well tap cell created
[2024-12-13 22:26:46.125379] [0x0000149ae7365980] [info] Skip creating end cap cells
[2024-12-13 22:26:46.125383] [0x0000149ae7365980] [info]   current weighted HPWL: 46424.9um
[2024-12-13 22:26:46.125517] [0x0000149ae7365980] [info] [0;36mStandard Cluster Well Legalization completed[0m
[2024-12-13 22:26:46.125526] [0x0000149ae7365980] [info] (wall time: 0.062879s, cpu time: 0.054433)
[2024-12-13 22:26:46.125552] [0x0000149ae7365980] [info] (peak memory: 19MB,  current memory: 19MB)
[2024-12-13 22:26:46.125561] [0x0000149ae7365980] [info] Writing PP and NP rect file: dali_outppnp.rect
[2024-12-13 22:26:46.128809] [0x0000149ae7365980] [info] Writing N-well rect file: dali_outwell.rect
[2024-12-13 22:26:46.131486] [0x0000149ae7365980] [info] Writing cluster rect file: dali_out_router.cluster
[2024-12-13 22:26:46.134524] [0x0000149ae7365980] [info] ------------------------------------------------------------
[2024-12-13 22:26:46.134539] [0x0000149ae7365980] [info] Start I/O Placement
[2024-12-13 22:26:46.134573] [0x0000149ae7365980] [info] [0;36mI/O Placement complete![0m
[2024-12-13 22:26:46.134607] [0x0000149ae7365980] [warning] IoPlace flag not specified, use --auto-place by default
[2024-12-13 22:26:46.134614] [0x0000149ae7365980] [fatal] Unknown flag: met1
[2024-12-13 22:26:46.134619] [0x0000149ae7365980] [info] [0;36mUsage: place-io -c/--config
  -h/--help
      print out function usage
  -m/--metal <left/right/bottom/top> <metal layer>
      use this command to specify which metal layers to use for IOPINs on each placement boundary
      example: -m left m1, for IOPINs on the left boundary, using layer m1 to create physical geometry
      'place-io <metal layer>' is a shorthand for 'place-io -c -m left m1 right m1 bottom m1 top m1'
[0m
[2024-12-13 22:26:46.134629] [0x0000149ae7365980] [fatal] Cannot successfully configure the IoPlacer
[2024-12-13 22:26:46.135094] [0x0000149ae7365980] [info] Export Pplus/Nplus fillings to PhyDB
[2024-12-13 22:26:46.135123] [0x0000149ae7365980] [info] Export N wells to PhyDB
