[2024-12-13 22:18:25.845842] [0x00001483edc47980] [info] ------------------------------------------------------------
[2024-12-13 22:18:25.847336] [0x00001483edc47980] [info] Load information from PhyDB
[2024-12-13 22:18:25.847346] [0x00001483edc47980] [info]   placement grid not set in PhyDB
[2024-12-13 22:18:25.847350] [0x00001483edc47980] [info]   checking sites
[2024-12-13 22:18:25.847355] [0x00001483edc47980] [info]     width : 0.54um
[2024-12-13 22:18:25.847369] [0x00001483edc47980] [info]     height: 0.9um
[2024-12-13 22:18:25.850192] [0x00001483edc47980] [info] No P-well layer info provided, creating fake info
[2024-12-13 22:18:25.850238] [0x00001483edc47980] [info] (wall time: 0.004470s, cpu time: 0.003107)
[2024-12-13 22:18:25.850245] [0x00001483edc47980] [info] ------------------------------------------------------------
[2024-12-13 22:18:25.850250] [0x00001483edc47980] [info] Circuit brief summary:
[2024-12-13 22:18:25.850254] [0x00001483edc47980] [info]   movable blocks: 2094
[2024-12-13 22:18:25.850264] [0x00001483edc47980] [info]   fixed blocks:   0
[2024-12-13 22:18:25.850268] [0x00001483edc47980] [info]   blocks:         2094
[2024-12-13 22:18:25.850272] [0x00001483edc47980] [info]   iopins:         31
[2024-12-13 22:18:25.850279] [0x00001483edc47980] [info]   nets:           2114
[2024-12-13 22:18:25.850282] [0x00001483edc47980] [info]   grid size x/y:  0.54/0.9um
[2024-12-13 22:18:25.850290] [0x00001483edc47980] [info]   total movable blk area: 140433
[2024-12-13 22:18:25.850296] [0x00001483edc47980] [info]   total white space     : 303264
[2024-12-13 22:18:25.850300] [0x00001483edc47980] [info]   total block area      : 140433
[2024-12-13 22:18:25.850304] [0x00001483edc47980] [info]   total space: 303264
[2024-12-13 22:18:25.850310] [0x00001483edc47980] [info]     left:   10
[2024-12-13 22:18:25.850314] [0x00001483edc47980] [info]     right:  712
[2024-12-13 22:18:25.850318] [0x00001483edc47980] [info]     bottom: 18
[2024-12-13 22:18:25.850322] [0x00001483edc47980] [info]     top:    450
[2024-12-13 22:18:25.850326] [0x00001483edc47980] [info]   average movable width/height: 7.90353/8.34145um
[2024-12-13 22:18:25.850331] [0x00001483edc47980] [info]   white space utility: 0.463072
[2024-12-13 22:18:25.850336] [0x00001483edc47980] [info]   current weighted HPWL: 11991.8um
[2024-12-13 22:18:25.850459] [0x00001483edc47980] [info] ------------------------------------------------------------
[2024-12-13 22:18:25.850463] [0x00001483edc47980] [info] Start global placement
[2024-12-13 22:18:25.850468] [0x00001483edc47980] [info]   target density: 0.5
[2024-12-13 22:18:25.850485] [0x00001483edc47980] [info]   Block location initialization:
    HPWL before, 11991.8
[2024-12-13 22:18:25.850623] [0x00001483edc47980] [info]     HPWL after, 622777
[2024-12-13 22:18:25.875181] [0x00001483edc47980] [info]   iter-0  : 7.7569e+03  1.8789e+05
[2024-12-13 22:18:25.893040] [0x00001483edc47980] [info]   iter-1  : 7.8796e+03  1.4511e+05
[2024-12-13 22:18:25.909904] [0x00001483edc47980] [info]   iter-2  : 8.2050e+03  1.1427e+05
[2024-12-13 22:18:25.939032] [0x00001483edc47980] [info]   iter-3  : 9.0698e+03  8.5662e+04
[2024-12-13 22:18:25.975311] [0x00001483edc47980] [info]   iter-4  : 1.0837e+04  7.7870e+04
[2024-12-13 22:18:26.017240] [0x00001483edc47980] [info]   iter-5  : 1.3763e+04  7.0747e+04
[2024-12-13 22:18:26.060848] [0x00001483edc47980] [info]   iter-6  : 1.6785e+04  6.4081e+04
[2024-12-13 22:18:26.090808] [0x00001483edc47980] [info]   iter-7  : 1.9061e+04  6.4962e+04
[2024-12-13 22:18:26.116670] [0x00001483edc47980] [info]   iter-8  : 2.0560e+04  5.5216e+04
[2024-12-13 22:18:26.141105] [0x00001483edc47980] [info]   iter-9  : 2.2318e+04  4.9503e+04
[2024-12-13 22:18:26.161564] [0x00001483edc47980] [info]   iter-10 : 2.3913e+04  4.6510e+04
[2024-12-13 22:18:26.175948] [0x00001483edc47980] [info]   iter-11 : 2.5123e+04  4.6668e+04
[2024-12-13 22:18:26.192768] [0x00001483edc47980] [info]   iter-12 : 2.6122e+04  4.3826e+04
[2024-12-13 22:18:26.203389] [0x00001483edc47980] [info]   iter-13 : 2.6250e+04  4.2076e+04
[2024-12-13 22:18:26.214579] [0x00001483edc47980] [info]   iter-14 : 2.6940e+04  4.1837e+04
[2024-12-13 22:18:26.229102] [0x00001483edc47980] [info]   iter-15 : 2.7703e+04  4.1151e+04
[2024-12-13 22:18:26.239815] [0x00001483edc47980] [info]   iter-16 : 2.8341e+04  4.0251e+04
[2024-12-13 22:18:26.253984] [0x00001483edc47980] [info]   iter-17 : 2.9000e+04  3.9972e+04
[2024-12-13 22:18:26.264584] [0x00001483edc47980] [info]   iter-18 : 2.9766e+04  3.9280e+04
[2024-12-13 22:18:26.273758] [0x00001483edc47980] [info]   iter-19 : 3.0146e+04  3.9367e+04
[2024-12-13 22:18:26.286851] [0x00001483edc47980] [info]   iter-20 : 3.0533e+04  3.9972e+04
[2024-12-13 22:18:26.297207] [0x00001483edc47980] [info]   iter-21 : 3.0981e+04  3.8815e+04
[2024-12-13 22:18:26.306533] [0x00001483edc47980] [info]   iter-22 : 3.0917e+04  3.8129e+04
[2024-12-13 22:18:26.315390] [0x00001483edc47980] [info]   iter-23 : 3.1044e+04  3.8437e+04
[2024-12-13 22:18:26.328137] [0x00001483edc47980] [info]   iter-24 : 3.1353e+04  3.7453e+04
[2024-12-13 22:18:26.337402] [0x00001483edc47980] [info]   iter-25 : 3.1526e+04  3.7804e+04
[2024-12-13 22:18:26.346306] [0x00001483edc47980] [info]   iter-26 : 3.1748e+04  3.7465e+04
[2024-12-13 22:18:26.359251] [0x00001483edc47980] [info]   iter-27 : 3.2016e+04  3.7462e+04
[2024-12-13 22:18:26.368734] [0x00001483edc47980] [info]   iter-28 : 3.2255e+04  3.6826e+04
[2024-12-13 22:18:26.377824] [0x00001483edc47980] [info]   iter-29 : 3.2198e+04  3.6148e+04
[2024-12-13 22:18:26.390527] [0x00001483edc47980] [info]   iter-30 : 3.2125e+04  3.6824e+04
[2024-12-13 22:18:26.400339] [0x00001483edc47980] [info]   iter-31 : 3.2393e+04  3.5767e+04
[2024-12-13 22:18:26.409237] [0x00001483edc47980] [info]   iter-32 : 3.2157e+04  3.6279e+04
[2024-12-13 22:18:26.421840] [0x00001483edc47980] [info]   iter-33 : 3.2217e+04  3.5614e+04
[2024-12-13 22:18:26.431197] [0x00001483edc47980] [info]   iter-34 : 3.2058e+04  3.5633e+04
[2024-12-13 22:18:26.440581] [0x00001483edc47980] [info]   iter-35 : 3.2252e+04  3.6428e+04
[2024-12-13 22:18:26.453257] [0x00001483edc47980] [info]   iter-36 : 3.2615e+04  3.5289e+04
[2024-12-13 22:18:26.453293] [0x00001483edc47980] [info]   current weighted HPWL: 35288.7um
[2024-12-13 22:18:26.453418] [0x00001483edc47980] [info] [0;36mGlobal placement completed[0m
[2024-12-13 22:18:26.453425] [0x00001483edc47980] [info] (wall time: 0.602965s, cpu time: 0.513642)
[2024-12-13 22:18:26.453459] [0x00001483edc47980] [info] (peak memory: 20MB,  current memory: 20MB)
[2024-12-13 22:18:26.453531] [0x00001483edc47980] [info] ------------------------------------------------------------
[2024-12-13 22:18:26.453536] [0x00001483edc47980] [info] Start standard cluster well legalization
[2024-12-13 22:18:26.453550] [0x00001483edc47980] [info]   Well max plug distance: 360um, 666 
[2024-12-13 22:18:26.453558] [0x00001483edc47980] [info]   GridValueX: 0.54 um
[2024-12-13 22:18:26.453563] [0x00001483edc47980] [info]   Well spacing: 0.63um, 2
[2024-12-13 22:18:26.453567] [0x00001483edc47980] [info]   Well tap cell width: 3
[2024-12-13 22:18:26.453638] [0x00001483edc47980] [info] Max movable cell width: 16
[2024-12-13 22:18:26.453644] [0x00001483edc47980] [info] Using default gridded row width: 2*max_unplug_length_
[2024-12-13 22:18:26.453648] [0x00001483edc47980] [info]   Total number of columns: 1
[2024-12-13 22:18:26.453653] [0x00001483edc47980] [info]   Gridded row width: 376.92um, 698
[2024-12-13 22:18:26.453688] [0x00001483edc47980] [info] Maximum possible number of gridded rows in a column: 86
[2024-12-13 22:18:26.453859] [0x00001483edc47980] [info] Form block clustering
[2024-12-13 22:18:26.454951] [0x00001483edc47980] [info]   current weighted HPWL: 42199.7um
[2024-12-13 22:18:26.455087] [0x00001483edc47980] [info] Flip cluster orientation
[2024-12-13 22:18:26.455096] [0x00001483edc47980] [info]   current weighted HPWL: 44705.9um
[2024-12-13 22:18:26.455226] [0x00001483edc47980] [info] Perform local reordering
[2024-12-13 22:18:26.455230] [0x00001483edc47980] [info] reorder iteration: 0
[2024-12-13 22:18:26.463873] [0x00001483edc47980] [info]   current weighted HPWL: 46245.5um
[2024-12-13 22:18:26.464035] [0x00001483edc47980] [info] reorder iteration: 1
[2024-12-13 22:18:26.473178] [0x00001483edc47980] [info]   current weighted HPWL: 46362.6um
[2024-12-13 22:18:26.473324] [0x00001483edc47980] [info] reorder iteration: 2
[2024-12-13 22:18:26.481762] [0x00001483edc47980] [info]   current weighted HPWL: 46543.9um
[2024-12-13 22:18:26.481891] [0x00001483edc47980] [info] reorder iteration: 3
[2024-12-13 22:18:26.494295] [0x00001483edc47980] [info]   current weighted HPWL: 46645.5um
[2024-12-13 22:18:26.494438] [0x00001483edc47980] [info] reorder iteration: 4
[2024-12-13 22:18:26.503422] [0x00001483edc47980] [info]   current weighted HPWL: 46744.8um
[2024-12-13 22:18:26.503570] [0x00001483edc47980] [info] reorder iteration: 5
[2024-12-13 22:18:26.512002] [0x00001483edc47980] [info]   current weighted HPWL: 46829.4um
[2024-12-13 22:18:26.512135] [0x00001483edc47980] [info] Insert well tap cells
[2024-12-13 22:18:26.512234] [0x00001483edc47980] [info] Insertion complete: 72 well tap cell created
[2024-12-13 22:18:26.512239] [0x00001483edc47980] [info] Skip creating end cap cells
[2024-12-13 22:18:26.512243] [0x00001483edc47980] [info]   current weighted HPWL: 46768.7um
[2024-12-13 22:18:26.512371] [0x00001483edc47980] [info] [0;36mStandard Cluster Well Legalization completed[0m
[2024-12-13 22:18:26.512379] [0x00001483edc47980] [info] (wall time: 0.058846s, cpu time: 0.053536)
[2024-12-13 22:18:26.512403] [0x00001483edc47980] [info] (peak memory: 20MB,  current memory: 19MB)
[2024-12-13 22:18:26.512413] [0x00001483edc47980] [info] Writing PP and NP rect file: dali_outppnp.rect
[2024-12-13 22:18:26.519688] [0x00001483edc47980] [info] Writing N-well rect file: dali_outwell.rect
[2024-12-13 22:18:26.528714] [0x00001483edc47980] [info] Writing cluster rect file: dali_out_router.cluster
[2024-12-13 22:18:26.532197] [0x00001483edc47980] [info] ------------------------------------------------------------
[2024-12-13 22:18:26.532208] [0x00001483edc47980] [info] Start I/O Placement
[2024-12-13 22:18:26.532247] [0x00001483edc47980] [info] [0;36mI/O Placement complete![0m
[2024-12-13 22:18:26.532282] [0x00001483edc47980] [warning] IoPlace flag not specified, use --auto-place by default
[2024-12-13 22:18:26.532290] [0x00001483edc47980] [fatal] Unknown flag: met1
[2024-12-13 22:18:26.532294] [0x00001483edc47980] [info] [0;36mUsage: place-io -c/--config
  -h/--help
      print out function usage
  -m/--metal <left/right/bottom/top> <metal layer>
      use this command to specify which metal layers to use for IOPINs on each placement boundary
      example: -m left m1, for IOPINs on the left boundary, using layer m1 to create physical geometry
      'place-io <metal layer>' is a shorthand for 'place-io -c -m left m1 right m1 bottom m1 top m1'
[0m
[2024-12-13 22:18:26.532305] [0x00001483edc47980] [fatal] Cannot successfully configure the IoPlacer
[2024-12-13 22:18:26.532766] [0x00001483edc47980] [info] Export Pplus/Nplus fillings to PhyDB
[2024-12-13 22:18:26.532789] [0x00001483edc47980] [info] Export N wells to PhyDB
