
Magic 8.3 revision 105 - Compiled on Mon, 06 Dec 2021 22:32:27 +0200.
Starting magic under Tcl interpreter
Using the terminal as the console.
Using NULL graphics device.
Input style generic: scaleFactor=15, multiplier=2
Processing system .magicrc file
Loading "_0_0std_0_0cells_0_0LATCH" from command line.
Using technology "sky130l", version 1
Extracting _0_0std_0_0cells_0_0LATCH into _0_0std_0_0cells_0_0LATCH.ext:
_0_0std_0_0cells_0_0LATCH: 4 warnings
Total of 4 warnings.

Magic 8.3 revision 105 - Compiled on Mon, 06 Dec 2021 22:32:27 +0200.
Starting magic under Tcl interpreter
Using the terminal as the console.
Using NULL graphics device.
Input style generic: scaleFactor=15, multiplier=2
Processing system .magicrc file
Loading "_0_0std_0_0cells_0_0LATCH" from command line.
Using technology "sky130l", version 1
exttosim finished.

Magic 8.3 revision 105 - Compiled on Mon, 06 Dec 2021 22:32:27 +0200.
Starting magic under Tcl interpreter
Using the terminal as the console.
Using NULL graphics device.
Input style generic: scaleFactor=15, multiplier=2
Processing system .magicrc file
Loading "_0_0std_0_0cells_0_0LATCH" from command line.
Using technology "sky130l", version 1
Extracting _0_0std_0_0cells_0_0LATCH into _0_0std_0_0cells_0_0LATCH.ext:
_0_0std_0_0cells_0_0LATCH: 4 warnings
Total of 4 warnings.

Magic 8.3 revision 105 - Compiled on Mon, 06 Dec 2021 22:32:27 +0200.
Starting magic under Tcl interpreter
Using the terminal as the console.
Using NULL graphics device.
Input style generic: scaleFactor=15, multiplier=2
Processing system .magicrc file
Loading "_0_0std_0_0cells_0_0LATCH" from command line.
Using technology "sky130l", version 1
exttosim finished.

Magic 8.3 revision 105 - Compiled on Mon, 06 Dec 2021 22:32:27 +0200.
Starting magic under Tcl interpreter
Using the terminal as the console.
Using NULL graphics device.
Input style generic: scaleFactor=15, multiplier=2
Processing system .magicrc file
Loading "_0_0std_0_0cells_0_0LATCH" from command line.
Using technology "sky130l", version 1
Extracting _0_0std_0_0cells_0_0LATCH into _0_0std_0_0cells_0_0LATCH.ext:
_0_0std_0_0cells_0_0LATCH: 4 warnings
Total of 4 warnings.

Magic 8.3 revision 105 - Compiled on Mon, 06 Dec 2021 22:32:27 +0200.
Starting magic under Tcl interpreter
Using the terminal as the console.
Using NULL graphics device.
Input style generic: scaleFactor=15, multiplier=2
Processing system .magicrc file
Loading "_0_0std_0_0cells_0_0LATCH" from command line.
Using technology "sky130l", version 1
exttosim finished.
