[2024-11-07 04:34:31.475865] [0x00007f1c50711880] [info] ------------------------------------------------------------
[2024-11-07 04:34:31.476357] [0x00007f1c50711880] [info] Load information from PhyDB
[2024-11-07 04:34:31.476379] [0x00007f1c50711880] [info]   placement grid not set in PhyDB
[2024-11-07 04:34:31.476388] [0x00007f1c50711880] [info]   checking sites
[2024-11-07 04:34:31.476394] [0x00007f1c50711880] [info]     width : 0.6um
[2024-11-07 04:34:31.476552] [0x00007f1c50711880] [info]     height: 0.3um
[2024-11-07 04:34:31.477656] [0x00007f1c50711880] [info] No P-well layer info provided, creating fake info
[2024-11-07 04:34:31.479425] [0x00007f1c50711880] [info] (wall time: 0.004637s, cpu time: 0.001361)
[2024-11-07 04:34:31.479460] [0x00007f1c50711880] [info] ------------------------------------------------------------
[2024-11-07 04:34:31.479467] [0x00007f1c50711880] [info] Circuit brief summary:
[2024-11-07 04:34:31.479470] [0x00007f1c50711880] [info]   movable blocks: 100
[2024-11-07 04:34:31.479476] [0x00007f1c50711880] [info]   fixed blocks:   0
[2024-11-07 04:34:31.479478] [0x00007f1c50711880] [info]   blocks:         100
[2024-11-07 04:34:31.479483] [0x00007f1c50711880] [info]   iopins:         0
[2024-11-07 04:34:31.479495] [0x00007f1c50711880] [info]   nets:           201
[2024-11-07 04:34:31.479497] [0x00007f1c50711880] [info]   grid size x/y:  0.6/0.3um
[2024-11-07 04:34:31.479502] [0x00007f1c50711880] [info]   total movable blk area: 19800
[2024-11-07 04:34:31.479506] [0x00007f1c50711880] [info]   total white space     : 44370
[2024-11-07 04:34:31.479508] [0x00007f1c50711880] [info]   total block area      : 19800
[2024-11-07 04:34:31.479510] [0x00007f1c50711880] [info]   total space: 44370
[2024-11-07 04:34:31.479531] [0x00007f1c50711880] [info]     left:   10
[2024-11-07 04:34:31.479533] [0x00007f1c50711880] [info]     right:  155
[2024-11-07 04:34:31.479535] [0x00007f1c50711880] [info]     bottom: 18
[2024-11-07 04:34:31.479543] [0x00007f1c50711880] [info]     top:    324
[2024-11-07 04:34:31.479548] [0x00007f1c50711880] [info]   average movable width/height: 11/18um
[2024-11-07 04:34:31.479561] [0x00007f1c50711880] [info]   white space utility: 0.446247
[2024-11-07 04:34:31.479582] [0x00007f1c50711880] [info]   current weighted HPWL: 456.638um
[2024-11-07 04:34:31.479658] [0x00007f1c50711880] [info] ------------------------------------------------------------
[2024-11-07 04:34:31.479737] [0x00007f1c50711880] [info] Start global placement
[2024-11-07 04:34:31.479743] [0x00007f1c50711880] [info]   target density: 0.5
[2024-11-07 04:34:31.479782] [0x00007f1c50711880] [info]   Block location initialization:
    HPWL before, 456.638
[2024-11-07 04:34:31.479844] [0x00007f1c50711880] [info]     HPWL after, 6148.73
[2024-11-07 04:34:31.491225] [0x00007f1c50711880] [info]   iter-0  : 2.9784e+02  5.6637e+02
[2024-11-07 04:34:31.492692] [0x00007f1c50711880] [info]   iter-1  : 2.3622e+02  5.5640e+02
[2024-11-07 04:34:31.493865] [0x00007f1c50711880] [info]   iter-2  : 2.3919e+02  5.1180e+02
[2024-11-07 04:34:31.494855] [0x00007f1c50711880] [info]   iter-3  : 2.4221e+02  4.6888e+02
[2024-11-07 04:34:31.495742] [0x00007f1c50711880] [info]   iter-4  : 2.4479e+02  4.4360e+02
[2024-11-07 04:34:31.498581] [0x00007f1c50711880] [info]   iter-5  : 2.5799e+02  4.3102e+02
[2024-11-07 04:34:31.502519] [0x00007f1c50711880] [info]   iter-6  : 2.6403e+02  4.3747e+02
[2024-11-07 04:34:31.506002] [0x00007f1c50711880] [info]   iter-7  : 2.7551e+02  4.2883e+02
[2024-11-07 04:34:31.510752] [0x00007f1c50711880] [info]   iter-8  : 2.8208e+02  4.3638e+02
[2024-11-07 04:34:31.511410] [0x00007f1c50711880] [info]   iter-9  : 2.9384e+02  3.1758e+02
[2024-11-07 04:34:31.512394] [0x00007f1c50711880] [info]   iter-10 : 2.8338e+02  5.7423e+02
[2024-11-07 04:34:31.517675] [0x00007f1c50711880] [info]   iter-11 : 3.5787e+02  5.2252e+02
[2024-11-07 04:34:31.519247] [0x00007f1c50711880] [info]   iter-12 : 3.6489e+02  5.3067e+02
[2024-11-07 04:34:31.519881] [0x00007f1c50711880] [info]   iter-13 : 3.7491e+02  5.2993e+02
[2024-11-07 04:34:31.520492] [0x00007f1c50711880] [info]   iter-14 : 3.8551e+02  3.9696e+02
[2024-11-07 04:34:31.521219] [0x00007f1c50711880] [info]   iter-15 : 3.6369e+02  5.1883e+02
[2024-11-07 04:34:31.523918] [0x00007f1c50711880] [info]   iter-16 : 4.0371e+02  4.1375e+02
[2024-11-07 04:34:31.533297] [0x00007f1c50711880] [info]   iter-17 : 3.8135e+02  4.9866e+02
[2024-11-07 04:34:31.535037] [0x00007f1c50711880] [info]   iter-18 : 4.0869e+02  5.0940e+02
[2024-11-07 04:34:31.536989] [0x00007f1c50711880] [info]   iter-19 : 4.1947e+02  4.2970e+02
[2024-11-07 04:34:31.538648] [0x00007f1c50711880] [info]   iter-20 : 3.9934e+02  5.1217e+02
[2024-11-07 04:34:31.539186] [0x00007f1c50711880] [info]   iter-21 : 4.2651e+02  4.3061e+02
[2024-11-07 04:34:31.539733] [0x00007f1c50711880] [info]   iter-22 : 4.0291e+02  4.0874e+02
[2024-11-07 04:34:31.540587] [0x00007f1c50711880] [info]   iter-23 : 3.9045e+02  5.0560e+02
[2024-11-07 04:34:31.549383] [0x00007f1c50711880] [info]   iter-24 : 4.3364e+02  4.3921e+02
[2024-11-07 04:34:31.556097] [0x00007f1c50711880] [info]   iter-25 : 4.1448e+02  4.1989e+02
[2024-11-07 04:34:31.567862] [0x00007f1c50711880] [info]   iter-26 : 4.0174e+02  4.9597e+02
[2024-11-07 04:34:31.572255] [0x00007f1c50711880] [info]   iter-27 : 4.3448e+02  5.1568e+02
[2024-11-07 04:34:31.572883] [0x00007f1c50711880] [info]   iter-28 : 4.3974e+02  4.4350e+02
[2024-11-07 04:34:31.574673] [0x00007f1c50711880] [info]   iter-29 : 4.2070e+02  4.2400e+02
[2024-11-07 04:34:31.575236] [0x00007f1c50711880] [info]   iter-30 : 4.1270e+02  4.1355e+02
[2024-11-07 04:34:31.575252] [0x00007f1c50711880] [info]   current weighted HPWL: 413.546um
[2024-11-07 04:34:31.575272] [0x00007f1c50711880] [info] [0;36mGlobal placement completed[0m
[2024-11-07 04:34:31.575283] [0x00007f1c50711880] [info] (wall time: 0.095624s, cpu time: 1.488554)
[2024-11-07 04:34:31.575350] [0x00007f1c50711880] [info] (peak memory: 13MB,  current memory: 13MB)
[2024-11-07 04:34:31.575370] [0x00007f1c50711880] [info] ------------------------------------------------------------
[2024-11-07 04:34:31.575378] [0x00007f1c50711880] [info] Start standard cluster well legalization
[2024-11-07 04:34:31.575389] [0x00007f1c50711880] [info]   Well max plug distance: 75um, 125 
[2024-11-07 04:34:31.575454] [0x00007f1c50711880] [info]   GridValueX: 0.6 um
[2024-11-07 04:34:31.575467] [0x00007f1c50711880] [info]   Well spacing: 1.275um, 3
[2024-11-07 04:34:31.575476] [0x00007f1c50711880] [info]   Well tap cell width: 2
[2024-11-07 04:34:31.575547] [0x00007f1c50711880] [info] Max movable cell width: 11
[2024-11-07 04:34:31.575555] [0x00007f1c50711880] [info] Using default gridded row width: 2*max_unplug_length_
[2024-11-07 04:34:31.575564] [0x00007f1c50711880] [info]   Total number of columns: 1
[2024-11-07 04:34:31.575572] [0x00007f1c50711880] [info]   Gridded row width: 83.4um, 139
[2024-11-07 04:34:31.575607] [0x00007f1c50711880] [info] Maximum possible number of gridded rows in a column: 16
[2024-11-07 04:34:31.575628] [0x00007f1c50711880] [info] Form block clustering
[2024-11-07 04:34:31.575706] [0x00007f1c50711880] [info]   current weighted HPWL: 878.287um
[2024-11-07 04:34:31.575720] [0x00007f1c50711880] [info] Flip cluster orientation
[2024-11-07 04:34:31.575728] [0x00007f1c50711880] [info]   current weighted HPWL: 903.412um
[2024-11-07 04:34:31.575741] [0x00007f1c50711880] [info] Perform local reordering
[2024-11-07 04:34:31.575748] [0x00007f1c50711880] [info] reorder iteration: 0
[2024-11-07 04:34:31.576016] [0x00007f1c50711880] [info]   current weighted HPWL: 1134.11um
[2024-11-07 04:34:31.576033] [0x00007f1c50711880] [info] reorder iteration: 1
[2024-11-07 04:34:31.576312] [0x00007f1c50711880] [info]   current weighted HPWL: 1145.74um
[2024-11-07 04:34:31.576330] [0x00007f1c50711880] [info] reorder iteration: 2
[2024-11-07 04:34:31.576566] [0x00007f1c50711880] [info]   current weighted HPWL: 1163.74um
[2024-11-07 04:34:31.576580] [0x00007f1c50711880] [info] reorder iteration: 3
[2024-11-07 04:34:31.577723] [0x00007f1c50711880] [info]   current weighted HPWL: 1172.81um
[2024-11-07 04:34:31.577783] [0x00007f1c50711880] [info] reorder iteration: 4
[2024-11-07 04:34:31.579096] [0x00007f1c50711880] [info]   current weighted HPWL: 1178.81um
[2024-11-07 04:34:31.579118] [0x00007f1c50711880] [info] reorder iteration: 5
[2024-11-07 04:34:31.579365] [0x00007f1c50711880] [info]   current weighted HPWL: 1181.89um
[2024-11-07 04:34:31.579469] [0x00007f1c50711880] [info] Insert well tap cells
[2024-11-07 04:34:31.579564] [0x00007f1c50711880] [info] Insertion complete: 30 well tap cell created
[2024-11-07 04:34:31.579736] [0x00007f1c50711880] [info] Skip creating end cap cells
[2024-11-07 04:34:31.579775] [0x00007f1c50711880] [info]   current weighted HPWL: 1169.89um
[2024-11-07 04:34:31.580187] [0x00007f1c50711880] [info] [0;36mStandard Cluster Well Legalization completed[0m
[2024-11-07 04:34:31.580237] [0x00007f1c50711880] [info] (wall time: 0.004858s, cpu time: 0.018036)
[2024-11-07 04:34:31.580434] [0x00007f1c50711880] [info] (peak memory: 13MB,  current memory: 13MB)
[2024-11-07 04:34:31.580478] [0x00007f1c50711880] [info] Writing PP and NP rect file: dali_outppnp.rect
[2024-11-07 04:34:31.581787] [0x00007f1c50711880] [info] Writing N-well rect file: dali_outwell.rect
[2024-11-07 04:34:31.582100] [0x00007f1c50711880] [info] Writing cluster rect file: dali_out_router.cluster
[2024-11-07 04:34:31.582508] [0x00007f1c50711880] [info] ------------------------------------------------------------
[2024-11-07 04:34:31.582572] [0x00007f1c50711880] [info] Start I/O Placement
[2024-11-07 04:34:31.582607] [0x00007f1c50711880] [info] [0;36mI/O Placement complete![0m
[2024-11-07 04:34:31.582690] [0x00007f1c50711880] [warning] IoPlace flag not specified, use --auto-place by default
[2024-11-07 04:34:31.582722] [0x00007f1c50711880] [info] ------------------------------------------------------------
[2024-11-07 04:34:31.582752] [0x00007f1c50711880] [info] Start I/O Placement
[2024-11-07 04:34:31.582782] [0x00007f1c50711880] [info] [0;36mI/O Placement complete![0m
[2024-11-07 04:34:31.582858] [0x00007f1c50711880] [info] Export Pplus/Nplus fillings to PhyDB
[2024-11-07 04:34:31.582903] [0x00007f1c50711880] [info] Export N wells to PhyDB
