[2024-12-13 23:00:59.123766] [0x00001546b7fbb980] [info] ------------------------------------------------------------
[2024-12-13 23:00:59.125772] [0x00001546b7fbb980] [info] Load information from PhyDB
[2024-12-13 23:00:59.125781] [0x00001546b7fbb980] [info]   placement grid not set in PhyDB
[2024-12-13 23:00:59.125785] [0x00001546b7fbb980] [info]   checking sites
[2024-12-13 23:00:59.125790] [0x00001546b7fbb980] [info]     width : 0.54um
[2024-12-13 23:00:59.125804] [0x00001546b7fbb980] [info]     height: 0.9um
[2024-12-13 23:00:59.128390] [0x00001546b7fbb980] [info] No P-well layer info provided, creating fake info
[2024-12-13 23:00:59.128430] [0x00001546b7fbb980] [info] (wall time: 0.004737s, cpu time: 0.002855)
[2024-12-13 23:00:59.128438] [0x00001546b7fbb980] [info] ------------------------------------------------------------
[2024-12-13 23:00:59.128442] [0x00001546b7fbb980] [info] Circuit brief summary:
[2024-12-13 23:00:59.128446] [0x00001546b7fbb980] [info]   movable blocks: 2094
[2024-12-13 23:00:59.128456] [0x00001546b7fbb980] [info]   fixed blocks:   0
[2024-12-13 23:00:59.128461] [0x00001546b7fbb980] [info]   blocks:         2094
[2024-12-13 23:00:59.128465] [0x00001546b7fbb980] [info]   iopins:         31
[2024-12-13 23:00:59.128471] [0x00001546b7fbb980] [info]   nets:           2114
[2024-12-13 23:00:59.128476] [0x00001546b7fbb980] [info]   grid size x/y:  0.54/0.9um
[2024-12-13 23:00:59.128482] [0x00001546b7fbb980] [info]   total movable blk area: 125920
[2024-12-13 23:00:59.128489] [0x00001546b7fbb980] [info]   total white space     : 274896
[2024-12-13 23:00:59.128493] [0x00001546b7fbb980] [info]   total block area      : 125920
[2024-12-13 23:00:59.128497] [0x00001546b7fbb980] [info]   total space: 274896
[2024-12-13 23:00:59.128503] [0x00001546b7fbb980] [info]     left:   10
[2024-12-13 23:00:59.128507] [0x00001546b7fbb980] [info]     right:  674
[2024-12-13 23:00:59.128511] [0x00001546b7fbb980] [info]     bottom: 18
[2024-12-13 23:00:59.128515] [0x00001546b7fbb980] [info]     top:    432
[2024-12-13 23:00:59.128519] [0x00001546b7fbb980] [info]   average movable width/height: 7.30659/7.90353um
[2024-12-13 23:00:59.128525] [0x00001546b7fbb980] [info]   white space utility: 0.458064
[2024-12-13 23:00:59.128530] [0x00001546b7fbb980] [info]   current weighted HPWL: 13258.2um
[2024-12-13 23:00:59.128644] [0x00001546b7fbb980] [info] ------------------------------------------------------------
[2024-12-13 23:00:59.128648] [0x00001546b7fbb980] [info] Start global placement
[2024-12-13 23:00:59.128653] [0x00001546b7fbb980] [info]   target density: 0.5
[2024-12-13 23:00:59.128670] [0x00001546b7fbb980] [info]   Block location initialization:
    HPWL before, 13258.2
[2024-12-13 23:00:59.128803] [0x00001546b7fbb980] [info]     HPWL after, 593010
[2024-12-13 23:00:59.152844] [0x00001546b7fbb980] [info]   iter-0  : 9.0198e+03  1.9382e+05
[2024-12-13 23:00:59.167835] [0x00001546b7fbb980] [info]   iter-1  : 9.0795e+03  1.5680e+05
[2024-12-13 23:00:59.183405] [0x00001546b7fbb980] [info]   iter-2  : 9.3575e+03  1.1093e+05
[2024-12-13 23:00:59.211415] [0x00001546b7fbb980] [info]   iter-3  : 1.0150e+04  9.7531e+04
[2024-12-13 23:00:59.243471] [0x00001546b7fbb980] [info]   iter-4  : 1.1317e+04  9.1433e+04
[2024-12-13 23:00:59.290062] [0x00001546b7fbb980] [info]   iter-5  : 1.3885e+04  7.0173e+04
[2024-12-13 23:00:59.331051] [0x00001546b7fbb980] [info]   iter-6  : 1.6970e+04  6.1173e+04
[2024-12-13 23:00:59.360124] [0x00001546b7fbb980] [info]   iter-7  : 1.8986e+04  6.1248e+04
[2024-12-13 23:00:59.378378] [0x00001546b7fbb980] [info]   iter-8  : 2.0156e+04  5.3605e+04
[2024-12-13 23:00:59.398660] [0x00001546b7fbb980] [info]   iter-9  : 2.1479e+04  4.9263e+04
[2024-12-13 23:00:59.415559] [0x00001546b7fbb980] [info]   iter-10 : 2.2859e+04  4.5646e+04
[2024-12-13 23:00:59.432034] [0x00001546b7fbb980] [info]   iter-11 : 2.3700e+04  4.3805e+04
[2024-12-13 23:00:59.444759] [0x00001546b7fbb980] [info]   iter-12 : 2.4556e+04  4.2916e+04
[2024-12-13 23:00:59.460288] [0x00001546b7fbb980] [info]   iter-13 : 2.6097e+04  4.1267e+04
[2024-12-13 23:00:59.471940] [0x00001546b7fbb980] [info]   iter-14 : 2.6487e+04  4.0559e+04
[2024-12-13 23:00:59.481919] [0x00001546b7fbb980] [info]   iter-15 : 2.6632e+04  3.9807e+04
[2024-12-13 23:00:59.493730] [0x00001546b7fbb980] [info]   iter-16 : 2.7913e+04  3.9180e+04
[2024-12-13 23:00:59.509368] [0x00001546b7fbb980] [info]   iter-17 : 2.8598e+04  3.8028e+04
[2024-12-13 23:00:59.518986] [0x00001546b7fbb980] [info]   iter-18 : 2.8787e+04  3.7594e+04
[2024-12-13 23:00:59.529051] [0x00001546b7fbb980] [info]   iter-19 : 2.9398e+04  3.6482e+04
[2024-12-13 23:00:59.541930] [0x00001546b7fbb980] [info]   iter-20 : 2.9475e+04  3.6319e+04
[2024-12-13 23:00:59.551432] [0x00001546b7fbb980] [info]   iter-21 : 2.9753e+04  3.5542e+04
[2024-12-13 23:00:59.560332] [0x00001546b7fbb980] [info]   iter-22 : 2.9671e+04  3.5483e+04
[2024-12-13 23:00:59.573381] [0x00001546b7fbb980] [info]   iter-23 : 2.9801e+04  3.5890e+04
[2024-12-13 23:00:59.582770] [0x00001546b7fbb980] [info]   iter-24 : 3.0332e+04  3.5101e+04
[2024-12-13 23:00:59.591694] [0x00001546b7fbb980] [info]   iter-25 : 3.0373e+04  3.4166e+04
[2024-12-13 23:00:59.600297] [0x00001546b7fbb980] [info]   iter-26 : 3.0196e+04  3.4346e+04
[2024-12-13 23:00:59.613747] [0x00001546b7fbb980] [info]   iter-27 : 3.0441e+04  3.4661e+04
[2024-12-13 23:00:59.622652] [0x00001546b7fbb980] [info]   iter-28 : 3.0697e+04  3.4710e+04
[2024-12-13 23:00:59.631215] [0x00001546b7fbb980] [info]   iter-29 : 3.1001e+04  3.3954e+04
[2024-12-13 23:00:59.643863] [0x00001546b7fbb980] [info]   iter-30 : 3.0655e+04  3.4319e+04
[2024-12-13 23:00:59.653479] [0x00001546b7fbb980] [info]   iter-31 : 3.0917e+04  3.4401e+04
[2024-12-13 23:00:59.662529] [0x00001546b7fbb980] [info]   iter-32 : 3.1018e+04  3.3822e+04
[2024-12-13 23:00:59.675212] [0x00001546b7fbb980] [info]   iter-33 : 3.0804e+04  3.3869e+04
[2024-12-13 23:00:59.684552] [0x00001546b7fbb980] [info]   iter-34 : 3.0933e+04  3.3804e+04
[2024-12-13 23:00:59.684589] [0x00001546b7fbb980] [info]   current weighted HPWL: 33804um
[2024-12-13 23:00:59.684714] [0x00001546b7fbb980] [info] [0;36mGlobal placement completed[0m
[2024-12-13 23:00:59.684722] [0x00001546b7fbb980] [info] (wall time: 0.556077s, cpu time: 0.474706)
[2024-12-13 23:00:59.684762] [0x00001546b7fbb980] [info] (peak memory: 20MB,  current memory: 20MB)
[2024-12-13 23:00:59.684839] [0x00001546b7fbb980] [info] ------------------------------------------------------------
[2024-12-13 23:00:59.684845] [0x00001546b7fbb980] [info] Start standard cluster well legalization
[2024-12-13 23:00:59.684859] [0x00001546b7fbb980] [info]   Well max plug distance: 360um, 666 
[2024-12-13 23:00:59.684867] [0x00001546b7fbb980] [info]   GridValueX: 0.54 um
[2024-12-13 23:00:59.684871] [0x00001546b7fbb980] [info]   Well spacing: 0.63um, 2
[2024-12-13 23:00:59.684876] [0x00001546b7fbb980] [info]   Well tap cell width: 3
[2024-12-13 23:00:59.684945] [0x00001546b7fbb980] [info] Max movable cell width: 15
[2024-12-13 23:00:59.684950] [0x00001546b7fbb980] [info] Using default gridded row width: 2*max_unplug_length_
[2024-12-13 23:00:59.684955] [0x00001546b7fbb980] [info]   Total number of columns: 1
[2024-12-13 23:00:59.684959] [0x00001546b7fbb980] [info]   Gridded row width: 356.4um, 660
[2024-12-13 23:00:59.684994] [0x00001546b7fbb980] [info] Maximum possible number of gridded rows in a column: 82
[2024-12-13 23:00:59.685170] [0x00001546b7fbb980] [info] Form block clustering
[2024-12-13 23:00:59.686215] [0x00001546b7fbb980] [info]   current weighted HPWL: 40817.8um
[2024-12-13 23:00:59.686351] [0x00001546b7fbb980] [info] Flip cluster orientation
[2024-12-13 23:00:59.686360] [0x00001546b7fbb980] [info]   current weighted HPWL: 44547.4um
[2024-12-13 23:00:59.686486] [0x00001546b7fbb980] [info] Perform local reordering
[2024-12-13 23:00:59.686490] [0x00001546b7fbb980] [info] reorder iteration: 0
[2024-12-13 23:00:59.699330] [0x00001546b7fbb980] [info]   current weighted HPWL: 46087.5um
[2024-12-13 23:00:59.699485] [0x00001546b7fbb980] [info] reorder iteration: 1
[2024-12-13 23:00:59.708445] [0x00001546b7fbb980] [info]   current weighted HPWL: 46220.9um
[2024-12-13 23:00:59.708617] [0x00001546b7fbb980] [info] reorder iteration: 2
[2024-12-13 23:00:59.718722] [0x00001546b7fbb980] [info]   current weighted HPWL: 46408.8um
[2024-12-13 23:00:59.718874] [0x00001546b7fbb980] [info] reorder iteration: 3
[2024-12-13 23:00:59.727544] [0x00001546b7fbb980] [info]   current weighted HPWL: 46560um
[2024-12-13 23:00:59.727688] [0x00001546b7fbb980] [info] reorder iteration: 4
[2024-12-13 23:00:59.739136] [0x00001546b7fbb980] [info]   current weighted HPWL: 46738.7um
[2024-12-13 23:00:59.739287] [0x00001546b7fbb980] [info] reorder iteration: 5
[2024-12-13 23:00:59.747840] [0x00001546b7fbb980] [info]   current weighted HPWL: 46887.8um
[2024-12-13 23:00:59.747974] [0x00001546b7fbb980] [info] Insert well tap cells
[2024-12-13 23:00:59.748084] [0x00001546b7fbb980] [info] Insertion complete: 70 well tap cell created
[2024-12-13 23:00:59.748089] [0x00001546b7fbb980] [info] Skip creating end cap cells
[2024-12-13 23:00:59.748094] [0x00001546b7fbb980] [info]   current weighted HPWL: 46838.1um
[2024-12-13 23:00:59.748980] [0x00001546b7fbb980] [info] [0;36mStandard Cluster Well Legalization completed[0m
[2024-12-13 23:00:59.748992] [0x00001546b7fbb980] [info] (wall time: 0.064150s, cpu time: 0.054034)
[2024-12-13 23:00:59.749021] [0x00001546b7fbb980] [info] (peak memory: 20MB,  current memory: 19MB)
[2024-12-13 23:00:59.749032] [0x00001546b7fbb980] [info] Writing PP and NP rect file: dali_outppnp.rect
[2024-12-13 23:00:59.753301] [0x00001546b7fbb980] [info] Writing N-well rect file: dali_outwell.rect
[2024-12-13 23:00:59.755600] [0x00001546b7fbb980] [info] Writing cluster rect file: dali_out_router.cluster
[2024-12-13 23:00:59.761742] [0x00001546b7fbb980] [info] ------------------------------------------------------------
[2024-12-13 23:00:59.761758] [0x00001546b7fbb980] [info] Start I/O Placement
[2024-12-13 23:00:59.761794] [0x00001546b7fbb980] [info] [0;36mI/O Placement complete![0m
[2024-12-13 23:00:59.761832] [0x00001546b7fbb980] [warning] IoPlace flag not specified, use --auto-place by default
[2024-12-13 23:00:59.761840] [0x00001546b7fbb980] [info] ------------------------------------------------------------
[2024-12-13 23:00:59.761844] [0x00001546b7fbb980] [info] Start I/O Placement
[2024-12-13 23:00:59.761859] [0x00001546b7fbb980] [info] [0;36mI/O Placement complete![0m
[2024-12-13 23:00:59.762337] [0x00001546b7fbb980] [info] Export Pplus/Nplus fillings to PhyDB
[2024-12-13 23:00:59.762362] [0x00001546b7fbb980] [info] Export N wells to PhyDB
