[2024-12-13 19:54:18.436479] [0x00001493923d7980] [info] ------------------------------------------------------------
[2024-12-13 19:54:18.438088] [0x00001493923d7980] [info] Load information from PhyDB
[2024-12-13 19:54:18.438097] [0x00001493923d7980] [info]   placement grid not set in PhyDB
[2024-12-13 19:54:18.438101] [0x00001493923d7980] [info]   checking sites
[2024-12-13 19:54:18.438106] [0x00001493923d7980] [info]     width : 0.54um
[2024-12-13 19:54:18.438128] [0x00001493923d7980] [info]     height: 0.9um
[2024-12-13 19:54:18.440877] [0x00001493923d7980] [info] No P-well layer info provided, creating fake info
[2024-12-13 19:54:18.440932] [0x00001493923d7980] [info] (wall time: 0.004540s, cpu time: 0.003069)
[2024-12-13 19:54:18.440943] [0x00001493923d7980] [info] ------------------------------------------------------------
[2024-12-13 19:54:18.440948] [0x00001493923d7980] [info] Circuit brief summary:
[2024-12-13 19:54:18.440952] [0x00001493923d7980] [info]   movable blocks: 2094
[2024-12-13 19:54:18.440965] [0x00001493923d7980] [info]   fixed blocks:   0
[2024-12-13 19:54:18.440969] [0x00001493923d7980] [info]   blocks:         2094
[2024-12-13 19:54:18.440973] [0x00001493923d7980] [info]   iopins:         31
[2024-12-13 19:54:18.440979] [0x00001493923d7980] [info]   nets:           2114
[2024-12-13 19:54:18.440983] [0x00001493923d7980] [info]   grid size x/y:  0.54/0.9um
[2024-12-13 19:54:18.440989] [0x00001493923d7980] [info]   total movable blk area: 125920
[2024-12-13 19:54:18.440996] [0x00001493923d7980] [info]   total white space     : 274896
[2024-12-13 19:54:18.441000] [0x00001493923d7980] [info]   total block area      : 125920
[2024-12-13 19:54:18.441004] [0x00001493923d7980] [info]   total space: 274896
[2024-12-13 19:54:18.441011] [0x00001493923d7980] [info]     left:   10
[2024-12-13 19:54:18.441015] [0x00001493923d7980] [info]     right:  674
[2024-12-13 19:54:18.441018] [0x00001493923d7980] [info]     bottom: 18
[2024-12-13 19:54:18.441022] [0x00001493923d7980] [info]     top:    432
[2024-12-13 19:54:18.441026] [0x00001493923d7980] [info]   average movable width/height: 7.30659/7.90353um
[2024-12-13 19:54:18.441031] [0x00001493923d7980] [info]   white space utility: 0.458064
[2024-12-13 19:54:18.441036] [0x00001493923d7980] [info]   current weighted HPWL: 13258.2um
[2024-12-13 19:54:18.441190] [0x00001493923d7980] [info] ------------------------------------------------------------
[2024-12-13 19:54:18.441195] [0x00001493923d7980] [info] Start global placement
[2024-12-13 19:54:18.441204] [0x00001493923d7980] [info]   target density: 0.5
[2024-12-13 19:54:18.441240] [0x00001493923d7980] [info]   Block location initialization:
    HPWL before, 13258.2
[2024-12-13 19:54:18.441383] [0x00001493923d7980] [info]     HPWL after, 593010
[2024-12-13 19:54:18.468906] [0x00001493923d7980] [info]   iter-0  : 9.0198e+03  1.9382e+05
[2024-12-13 19:54:18.481481] [0x00001493923d7980] [info]   iter-1  : 9.0795e+03  1.5680e+05
[2024-12-13 19:54:18.497099] [0x00001493923d7980] [info]   iter-2  : 9.3575e+03  1.1093e+05
[2024-12-13 19:54:18.527657] [0x00001493923d7980] [info]   iter-3  : 1.0150e+04  9.7531e+04
[2024-12-13 19:54:18.560724] [0x00001493923d7980] [info]   iter-4  : 1.1317e+04  9.1433e+04
[2024-12-13 19:54:18.602992] [0x00001493923d7980] [info]   iter-5  : 1.3885e+04  7.0173e+04
[2024-12-13 19:54:18.643910] [0x00001493923d7980] [info]   iter-6  : 1.6970e+04  6.1173e+04
[2024-12-13 19:54:18.672313] [0x00001493923d7980] [info]   iter-7  : 1.8986e+04  6.1248e+04
[2024-12-13 19:54:18.690289] [0x00001493923d7980] [info]   iter-8  : 2.0156e+04  5.3605e+04
[2024-12-13 19:54:18.710844] [0x00001493923d7980] [info]   iter-9  : 2.1479e+04  4.9263e+04
[2024-12-13 19:54:18.731059] [0x00001493923d7980] [info]   iter-10 : 2.2859e+04  4.5646e+04
[2024-12-13 19:54:18.743715] [0x00001493923d7980] [info]   iter-11 : 2.3700e+04  4.3805e+04
[2024-12-13 19:54:18.760435] [0x00001493923d7980] [info]   iter-12 : 2.4556e+04  4.2916e+04
[2024-12-13 19:54:18.774532] [0x00001493923d7980] [info]   iter-13 : 2.6097e+04  4.1267e+04
[2024-12-13 19:54:18.783505] [0x00001493923d7980] [info]   iter-14 : 2.6487e+04  4.0559e+04
[2024-12-13 19:54:18.794241] [0x00001493923d7980] [info]   iter-15 : 2.6632e+04  3.9807e+04
[2024-12-13 19:54:18.806207] [0x00001493923d7980] [info]   iter-16 : 2.7913e+04  3.9180e+04
[2024-12-13 19:54:18.820488] [0x00001493923d7980] [info]   iter-17 : 2.8598e+04  3.8028e+04
[2024-12-13 19:54:18.829990] [0x00001493923d7980] [info]   iter-18 : 2.8787e+04  3.7594e+04
[2024-12-13 19:54:18.840310] [0x00001493923d7980] [info]   iter-19 : 2.9398e+04  3.6482e+04
[2024-12-13 19:54:18.852851] [0x00001493923d7980] [info]   iter-20 : 2.9475e+04  3.6319e+04
[2024-12-13 19:54:18.861921] [0x00001493923d7980] [info]   iter-21 : 2.9753e+04  3.5542e+04
[2024-12-13 19:54:18.874304] [0x00001493923d7980] [info]   iter-22 : 2.9671e+04  3.5483e+04
[2024-12-13 19:54:18.883352] [0x00001493923d7980] [info]   iter-23 : 2.9801e+04  3.5890e+04
[2024-12-13 19:54:18.893273] [0x00001493923d7980] [info]   iter-24 : 3.0332e+04  3.5101e+04
[2024-12-13 19:54:18.902267] [0x00001493923d7980] [info]   iter-25 : 3.0373e+04  3.4166e+04
[2024-12-13 19:54:18.914546] [0x00001493923d7980] [info]   iter-26 : 3.0196e+04  3.4346e+04
[2024-12-13 19:54:18.923774] [0x00001493923d7980] [info]   iter-27 : 3.0441e+04  3.4661e+04
[2024-12-13 19:54:18.932860] [0x00001493923d7980] [info]   iter-28 : 3.0697e+04  3.4710e+04
[2024-12-13 19:54:18.945063] [0x00001493923d7980] [info]   iter-29 : 3.1001e+04  3.3954e+04
[2024-12-13 19:54:18.954119] [0x00001493923d7980] [info]   iter-30 : 3.0655e+04  3.4319e+04
[2024-12-13 19:54:18.963364] [0x00001493923d7980] [info]   iter-31 : 3.0917e+04  3.4401e+04
[2024-12-13 19:54:18.975709] [0x00001493923d7980] [info]   iter-32 : 3.1018e+04  3.3822e+04
[2024-12-13 19:54:18.984703] [0x00001493923d7980] [info]   iter-33 : 3.0804e+04  3.3869e+04
[2024-12-13 19:54:18.993861] [0x00001493923d7980] [info]   iter-34 : 3.0933e+04  3.3804e+04
[2024-12-13 19:54:18.993918] [0x00001493923d7980] [info]   current weighted HPWL: 33804um
[2024-12-13 19:54:18.994047] [0x00001493923d7980] [info] [0;36mGlobal placement completed[0m
[2024-12-13 19:54:18.994055] [0x00001493923d7980] [info] (wall time: 0.552864s, cpu time: 0.483112)
[2024-12-13 19:54:18.994097] [0x00001493923d7980] [info] (peak memory: 19MB,  current memory: 19MB)
[2024-12-13 19:54:18.994202] [0x00001493923d7980] [info] ------------------------------------------------------------
[2024-12-13 19:54:18.994208] [0x00001493923d7980] [info] Start standard cluster well legalization
[2024-12-13 19:54:18.994229] [0x00001493923d7980] [info]   Well max plug distance: 360um, 666 
[2024-12-13 19:54:18.994240] [0x00001493923d7980] [info]   GridValueX: 0.54 um
[2024-12-13 19:54:18.994245] [0x00001493923d7980] [info]   Well spacing: 0.63um, 2
[2024-12-13 19:54:18.994250] [0x00001493923d7980] [info]   Well tap cell width: 3
[2024-12-13 19:54:18.994334] [0x00001493923d7980] [info] Max movable cell width: 15
[2024-12-13 19:54:18.994343] [0x00001493923d7980] [info] Using default gridded row width: 2*max_unplug_length_
[2024-12-13 19:54:18.994347] [0x00001493923d7980] [info]   Total number of columns: 1
[2024-12-13 19:54:18.994351] [0x00001493923d7980] [info]   Gridded row width: 356.4um, 660
[2024-12-13 19:54:18.994390] [0x00001493923d7980] [info] Maximum possible number of gridded rows in a column: 82
[2024-12-13 19:54:18.994569] [0x00001493923d7980] [info] Form block clustering
[2024-12-13 19:54:18.995657] [0x00001493923d7980] [info]   current weighted HPWL: 40817.8um
[2024-12-13 19:54:18.995797] [0x00001493923d7980] [info] Flip cluster orientation
[2024-12-13 19:54:18.995806] [0x00001493923d7980] [info]   current weighted HPWL: 44547.4um
[2024-12-13 19:54:18.995933] [0x00001493923d7980] [info] Perform local reordering
[2024-12-13 19:54:18.995937] [0x00001493923d7980] [info] reorder iteration: 0
[2024-12-13 19:54:19.004749] [0x00001493923d7980] [info]   current weighted HPWL: 46087.5um
[2024-12-13 19:54:19.004888] [0x00001493923d7980] [info] reorder iteration: 1
[2024-12-13 19:54:19.016969] [0x00001493923d7980] [info]   current weighted HPWL: 46220.9um
[2024-12-13 19:54:19.017139] [0x00001493923d7980] [info] reorder iteration: 2
[2024-12-13 19:54:19.026179] [0x00001493923d7980] [info]   current weighted HPWL: 46408.8um
[2024-12-13 19:54:19.026325] [0x00001493923d7980] [info] reorder iteration: 3
[2024-12-13 19:54:19.035069] [0x00001493923d7980] [info]   current weighted HPWL: 46560um
[2024-12-13 19:54:19.035214] [0x00001493923d7980] [info] reorder iteration: 4
[2024-12-13 19:54:19.043758] [0x00001493923d7980] [info]   current weighted HPWL: 46738.7um
[2024-12-13 19:54:19.043888] [0x00001493923d7980] [info] reorder iteration: 5
[2024-12-13 19:54:19.056096] [0x00001493923d7980] [info]   current weighted HPWL: 46887.8um
[2024-12-13 19:54:19.056244] [0x00001493923d7980] [info] Insert well tap cells
[2024-12-13 19:54:19.056372] [0x00001493923d7980] [info] Insertion complete: 70 well tap cell created
[2024-12-13 19:54:19.056379] [0x00001493923d7980] [info] Skip creating end cap cells
[2024-12-13 19:54:19.056383] [0x00001493923d7980] [info]   current weighted HPWL: 46838.1um
[2024-12-13 19:54:19.056515] [0x00001493923d7980] [info] [0;36mStandard Cluster Well Legalization completed[0m
[2024-12-13 19:54:19.056524] [0x00001493923d7980] [info] (wall time: 0.062320s, cpu time: 0.054328)
[2024-12-13 19:54:19.056546] [0x00001493923d7980] [info] (peak memory: 19MB,  current memory: 19MB)
[2024-12-13 19:54:19.056561] [0x00001493923d7980] [info] Writing PP and NP rect file: dali_outppnp.rect
[2024-12-13 19:54:19.061141] [0x00001493923d7980] [info] Writing N-well rect file: dali_outwell.rect
[2024-12-13 19:54:19.065458] [0x00001493923d7980] [info] Writing cluster rect file: dali_out_router.cluster
[2024-12-13 19:54:19.071590] [0x00001493923d7980] [info] ------------------------------------------------------------
[2024-12-13 19:54:19.071606] [0x00001493923d7980] [info] Start I/O Placement
[2024-12-13 19:54:19.071661] [0x00001493923d7980] [info] [0;36mI/O Placement complete![0m
[2024-12-13 19:54:19.071696] [0x00001493923d7980] [warning] IoPlace flag not specified, use --auto-place by default
[2024-12-13 19:54:19.071706] [0x00001493923d7980] [fatal] Unknown flag: met1
[2024-12-13 19:54:19.071711] [0x00001493923d7980] [info] [0;36mUsage: place-io -c/--config
  -h/--help
      print out function usage
  -m/--metal <left/right/bottom/top> <metal layer>
      use this command to specify which metal layers to use for IOPINs on each placement boundary
      example: -m left m1, for IOPINs on the left boundary, using layer m1 to create physical geometry
      'place-io <metal layer>' is a shorthand for 'place-io -c -m left m1 right m1 bottom m1 top m1'
[0m
[2024-12-13 19:54:19.071722] [0x00001493923d7980] [fatal] Cannot successfully configure the IoPlacer
[2024-12-13 19:54:19.072201] [0x00001493923d7980] [info] Export Pplus/Nplus fillings to PhyDB
[2024-12-13 19:54:19.072224] [0x00001493923d7980] [info] Export N wells to PhyDB
