[2024-10-30 02:29:28.831268] [0x00007f8e47644880] [info] ------------------------------------------------------------
[2024-10-30 02:29:28.831500] [0x00007f8e47644880] [info] Load information from PhyDB
[2024-10-30 02:29:28.831512] [0x00007f8e47644880] [info]   placement grid not set in PhyDB
[2024-10-30 02:29:28.831516] [0x00007f8e47644880] [info]   checking sites
[2024-10-30 02:29:28.831519] [0x00007f8e47644880] [info]     width : 0.6um
[2024-10-30 02:29:28.831532] [0x00007f8e47644880] [info]     height: 0.3um
[2024-10-30 02:29:28.832079] [0x00007f8e47644880] [info] No P-well layer info provided, creating fake info
[2024-10-30 02:29:28.832205] [0x00007f8e47644880] [info] (wall time: 0.001001s, cpu time: 0.001011)
[2024-10-30 02:29:28.832212] [0x00007f8e47644880] [info] ------------------------------------------------------------
[2024-10-30 02:29:28.832215] [0x00007f8e47644880] [info] Circuit brief summary:
[2024-10-30 02:29:28.832218] [0x00007f8e47644880] [info]   movable blocks: 299
[2024-10-30 02:29:28.832276] [0x00007f8e47644880] [info]   fixed blocks:   0
[2024-10-30 02:29:28.832298] [0x00007f8e47644880] [info]   blocks:         299
[2024-10-30 02:29:28.832304] [0x00007f8e47644880] [info]   iopins:         24
[2024-10-30 02:29:28.832324] [0x00007f8e47644880] [info]   nets:           321
[2024-10-30 02:29:28.832341] [0x00007f8e47644880] [info]   grid size x/y:  0.6/0.3um
[2024-10-30 02:29:28.832377] [0x00007f8e47644880] [info]   total movable blk area: 26800
[2024-10-30 02:29:28.832385] [0x00007f8e47644880] [info]   total white space     : 57456
[2024-10-30 02:29:28.832388] [0x00007f8e47644880] [info]   total block area      : 26800
[2024-10-30 02:29:28.832391] [0x00007f8e47644880] [info]   total space: 57456
[2024-10-30 02:29:28.832397] [0x00007f8e47644880] [info]     left:   10
[2024-10-30 02:29:28.832414] [0x00007f8e47644880] [info]     right:  178
[2024-10-30 02:29:28.832421] [0x00007f8e47644880] [info]     bottom: 18
[2024-10-30 02:29:28.832454] [0x00007f8e47644880] [info]     top:    360
[2024-10-30 02:29:28.832460] [0x00007f8e47644880] [info]   average movable width/height: 5.78261/14.7291um
[2024-10-30 02:29:28.832465] [0x00007f8e47644880] [info]   white space utility: 0.466444
[2024-10-30 02:29:28.832468] [0x00007f8e47644880] [info]   current weighted HPWL: 1218.38um
[2024-10-30 02:29:28.832567] [0x00007f8e47644880] [info] ------------------------------------------------------------
[2024-10-30 02:29:28.832588] [0x00007f8e47644880] [info] Start global placement
[2024-10-30 02:29:28.832595] [0x00007f8e47644880] [info]   target density: 0.5
[2024-10-30 02:29:28.832653] [0x00007f8e47644880] [info]   Block location initialization:
    HPWL before, 1218.38
[2024-10-30 02:29:28.832710] [0x00007f8e47644880] [info]     HPWL after, 20954.2
[2024-10-30 02:29:28.861552] [0x00007f8e47644880] [info]   iter-0  : 8.4845e+02  8.4348e+03
[2024-10-30 02:29:28.874991] [0x00007f8e47644880] [info]   iter-1  : 8.5955e+02  7.4045e+03
[2024-10-30 02:29:28.878629] [0x00007f8e47644880] [info]   iter-2  : 8.8031e+02  6.6934e+03
[2024-10-30 02:29:28.895369] [0x00007f8e47644880] [info]   iter-3  : 9.0870e+02  6.1715e+03
[2024-10-30 02:29:28.902758] [0x00007f8e47644880] [info]   iter-4  : 9.4550e+02  5.8419e+03
[2024-10-30 02:29:28.909731] [0x00007f8e47644880] [info]   iter-5  : 1.0126e+03  5.4373e+03
[2024-10-30 02:29:28.916832] [0x00007f8e47644880] [info]   iter-6  : 1.0845e+03  4.8931e+03
[2024-10-30 02:29:28.928303] [0x00007f8e47644880] [info]   iter-7  : 1.1598e+03  4.5402e+03
[2024-10-30 02:29:28.936158] [0x00007f8e47644880] [info]   iter-8  : 1.2347e+03  4.2242e+03
[2024-10-30 02:29:28.945158] [0x00007f8e47644880] [info]   iter-9  : 1.2934e+03  4.1619e+03
[2024-10-30 02:29:28.952662] [0x00007f8e47644880] [info]   iter-10 : 1.4395e+03  4.0853e+03
[2024-10-30 02:29:28.958713] [0x00007f8e47644880] [info]   iter-11 : 1.5674e+03  3.8921e+03
[2024-10-30 02:29:28.995593] [0x00007f8e47644880] [info]   iter-12 : 1.6738e+03  3.7786e+03
[2024-10-30 02:29:29.026403] [0x00007f8e47644880] [info]   iter-13 : 1.7875e+03  3.6259e+03
[2024-10-30 02:29:29.046967] [0x00007f8e47644880] [info]   iter-14 : 1.8497e+03  3.5766e+03
[2024-10-30 02:29:29.053831] [0x00007f8e47644880] [info]   iter-15 : 1.9379e+03  3.4768e+03
[2024-10-30 02:29:29.061228] [0x00007f8e47644880] [info]   iter-16 : 2.0402e+03  3.3865e+03
[2024-10-30 02:29:29.071007] [0x00007f8e47644880] [info]   iter-17 : 2.0799e+03  3.3499e+03
[2024-10-30 02:29:29.079567] [0x00007f8e47644880] [info]   iter-18 : 2.1484e+03  3.3158e+03
[2024-10-30 02:29:29.088955] [0x00007f8e47644880] [info]   iter-19 : 2.2243e+03  3.2156e+03
[2024-10-30 02:29:29.103299] [0x00007f8e47644880] [info]   iter-20 : 2.2609e+03  3.2298e+03
[2024-10-30 02:29:29.115607] [0x00007f8e47644880] [info]   iter-21 : 2.3218e+03  3.1867e+03
[2024-10-30 02:29:29.130683] [0x00007f8e47644880] [info]   iter-22 : 2.3385e+03  3.2196e+03
[2024-10-30 02:29:29.148817] [0x00007f8e47644880] [info]   iter-23 : 2.3738e+03  3.2617e+03
[2024-10-30 02:29:29.157346] [0x00007f8e47644880] [info]   iter-24 : 2.4449e+03  3.1816e+03
[2024-10-30 02:29:29.171854] [0x00007f8e47644880] [info]   iter-25 : 2.4502e+03  3.1070e+03
[2024-10-30 02:29:29.182286] [0x00007f8e47644880] [info]   iter-26 : 2.4717e+03  3.1401e+03
[2024-10-30 02:29:29.193873] [0x00007f8e47644880] [info]   iter-27 : 2.4970e+03  3.0695e+03
[2024-10-30 02:29:29.206969] [0x00007f8e47644880] [info]   iter-28 : 2.4932e+03  3.1476e+03
[2024-10-30 02:29:29.215032] [0x00007f8e47644880] [info]   iter-29 : 2.5743e+03  3.0980e+03
[2024-10-30 02:29:29.233974] [0x00007f8e47644880] [info]   iter-30 : 2.5722e+03  3.0625e+03
[2024-10-30 02:29:29.248927] [0x00007f8e47644880] [info]   iter-31 : 2.5891e+03  3.0970e+03
[2024-10-30 02:29:29.259294] [0x00007f8e47644880] [info]   iter-32 : 2.6171e+03  3.0949e+03
[2024-10-30 02:29:29.270407] [0x00007f8e47644880] [info]   iter-33 : 2.6434e+03  2.7916e+03
[2024-10-30 02:29:29.270638] [0x00007f8e47644880] [info]   current weighted HPWL: 2791.59um
[2024-10-30 02:29:29.270726] [0x00007f8e47644880] [info] [0;36mGlobal placement completed[0m
[2024-10-30 02:29:29.270775] [0x00007f8e47644880] [info] (wall time: 0.438204s, cpu time: 6.865268)
[2024-10-30 02:29:29.270945] [0x00007f8e47644880] [info] (peak memory: 5395MB,  current memory: 5395MB)
[2024-10-30 02:29:29.271075] [0x00007f8e47644880] [info] ------------------------------------------------------------
[2024-10-30 02:29:29.271115] [0x00007f8e47644880] [info] Start standard cluster well legalization
[2024-10-30 02:29:29.271205] [0x00007f8e47644880] [info]   Well max plug distance: 75um, 125 
[2024-10-30 02:29:29.271260] [0x00007f8e47644880] [info]   GridValueX: 0.6 um
[2024-10-30 02:29:29.271290] [0x00007f8e47644880] [info]   Well spacing: 1.275um, 3
[2024-10-30 02:29:29.271327] [0x00007f8e47644880] [info]   Well tap cell width: 2
[2024-10-30 02:29:29.271429] [0x00007f8e47644880] [info] Max movable cell width: 17
[2024-10-30 02:29:29.273213] [0x00007f8e47644880] [info] Using default gridded row width: 2*max_unplug_length_
[2024-10-30 02:29:29.273297] [0x00007f8e47644880] [info]   Total number of columns: 1
[2024-10-30 02:29:29.273316] [0x00007f8e47644880] [info]   Gridded row width: 97.2um, 162
[2024-10-30 02:29:29.273375] [0x00007f8e47644880] [info] Maximum possible number of gridded rows in a column: 34
[2024-10-30 02:29:29.273445] [0x00007f8e47644880] [info] Form block clustering
[2024-10-30 02:29:29.273725] [0x00007f8e47644880] [info]   current weighted HPWL: 3670.65um
[2024-10-30 02:29:29.273786] [0x00007f8e47644880] [info] Flip cluster orientation
[2024-10-30 02:29:29.273796] [0x00007f8e47644880] [info]   current weighted HPWL: 3887.74um
[2024-10-30 02:29:29.273821] [0x00007f8e47644880] [info] Perform local reordering
[2024-10-30 02:29:29.273828] [0x00007f8e47644880] [info] reorder iteration: 0
[2024-10-30 02:29:29.275433] [0x00007f8e47644880] [info]   current weighted HPWL: 3860.1um
[2024-10-30 02:29:29.275518] [0x00007f8e47644880] [info] reorder iteration: 1
[2024-10-30 02:29:29.277065] [0x00007f8e47644880] [info]   current weighted HPWL: 3852um
[2024-10-30 02:29:29.277149] [0x00007f8e47644880] [info] reorder iteration: 2
[2024-10-30 02:29:29.282436] [0x00007f8e47644880] [info]   current weighted HPWL: 3863.17um
[2024-10-30 02:29:29.282675] [0x00007f8e47644880] [info] reorder iteration: 3
[2024-10-30 02:29:29.284416] [0x00007f8e47644880] [info]   current weighted HPWL: 3876.22um
[2024-10-30 02:29:29.284520] [0x00007f8e47644880] [info] reorder iteration: 4
[2024-10-30 02:29:29.286363] [0x00007f8e47644880] [info]   current weighted HPWL: 3891.22um
[2024-10-30 02:29:29.286678] [0x00007f8e47644880] [info] reorder iteration: 5
[2024-10-30 02:29:29.289169] [0x00007f8e47644880] [info]   current weighted HPWL: 3903.15um
[2024-10-30 02:29:29.289248] [0x00007f8e47644880] [info] Insert well tap cells
[2024-10-30 02:29:29.289378] [0x00007f8e47644880] [info] Insertion complete: 30 well tap cell created
[2024-10-30 02:29:29.289518] [0x00007f8e47644880] [info] Skip creating end cap cells
[2024-10-30 02:29:29.289538] [0x00007f8e47644880] [info]   current weighted HPWL: 3887.85um
[2024-10-30 02:29:29.289599] [0x00007f8e47644880] [info] [0;36mStandard Cluster Well Legalization completed[0m
[2024-10-30 02:29:29.289626] [0x00007f8e47644880] [info] (wall time: 0.018544s, cpu time: 0.312682)
[2024-10-30 02:29:29.289694] [0x00007f8e47644880] [info] (peak memory: 5395MB,  current memory: 5395MB)
[2024-10-30 02:29:29.289727] [0x00007f8e47644880] [info] Writing PP and NP rect file: dali_outppnp.rect
[2024-10-30 02:29:29.290067] [0x00007f8e47644880] [info] Writing N-well rect file: dali_outwell.rect
[2024-10-30 02:29:29.290221] [0x00007f8e47644880] [info] Writing cluster rect file: dali_out_router.cluster
[2024-10-30 02:29:29.290464] [0x00007f8e47644880] [info] ------------------------------------------------------------
[2024-10-30 02:29:29.290498] [0x00007f8e47644880] [info] Start I/O Placement
[2024-10-30 02:29:29.290585] [0x00007f8e47644880] [info] [0;36mI/O Placement complete![0m
[2024-10-30 02:29:29.290651] [0x00007f8e47644880] [warning] IoPlace flag not specified, use --auto-place by default
[2024-10-30 02:29:29.290680] [0x00007f8e47644880] [info] ------------------------------------------------------------
[2024-10-30 02:29:29.290692] [0x00007f8e47644880] [info] Start I/O Placement
[2024-10-30 02:29:29.290710] [0x00007f8e47644880] [info] [0;36mI/O Placement complete![0m
[2024-10-30 02:29:29.290823] [0x00007f8e47644880] [info] Export Pplus/Nplus fillings to PhyDB
[2024-10-30 02:29:29.290864] [0x00007f8e47644880] [info] Export N wells to PhyDB
