[2024-10-30 02:26:30.291535] [0x00007fcc76141880] [info] ------------------------------------------------------------
[2024-10-30 02:26:30.292527] [0x00007fcc76141880] [info] Load information from PhyDB
[2024-10-30 02:26:30.292610] [0x00007fcc76141880] [info]   placement grid not set in PhyDB
[2024-10-30 02:26:30.292648] [0x00007fcc76141880] [info]   checking sites
[2024-10-30 02:26:30.292706] [0x00007fcc76141880] [info]     width : 0.6um
[2024-10-30 02:26:30.292977] [0x00007fcc76141880] [info]     height: 0.3um
[2024-10-30 02:26:30.295995] [0x00007fcc76141880] [info] No P-well layer info provided, creating fake info
[2024-10-30 02:26:30.297812] [0x00007fcc76141880] [info] (wall time: 0.007560s, cpu time: 0.003818)
[2024-10-30 02:26:30.297910] [0x00007fcc76141880] [info] ------------------------------------------------------------
[2024-10-30 02:26:30.297922] [0x00007fcc76141880] [info] Circuit brief summary:
[2024-10-30 02:26:30.297947] [0x00007fcc76141880] [info]   movable blocks: 299
[2024-10-30 02:26:30.297977] [0x00007fcc76141880] [info]   fixed blocks:   0
[2024-10-30 02:26:30.297983] [0x00007fcc76141880] [info]   blocks:         299
[2024-10-30 02:26:30.298020] [0x00007fcc76141880] [info]   iopins:         24
[2024-10-30 02:26:30.298028] [0x00007fcc76141880] [info]   nets:           321
[2024-10-30 02:26:30.298032] [0x00007fcc76141880] [info]   grid size x/y:  0.6/0.3um
[2024-10-30 02:26:30.298038] [0x00007fcc76141880] [info]   total movable blk area: 26800
[2024-10-30 02:26:30.298046] [0x00007fcc76141880] [info]   total white space     : 57456
[2024-10-30 02:26:30.298049] [0x00007fcc76141880] [info]   total block area      : 26800
[2024-10-30 02:26:30.298052] [0x00007fcc76141880] [info]   total space: 57456
[2024-10-30 02:26:30.298091] [0x00007fcc76141880] [info]     left:   10
[2024-10-30 02:26:30.298098] [0x00007fcc76141880] [info]     right:  178
[2024-10-30 02:26:30.298102] [0x00007fcc76141880] [info]     bottom: 18
[2024-10-30 02:26:30.298106] [0x00007fcc76141880] [info]     top:    360
[2024-10-30 02:26:30.298110] [0x00007fcc76141880] [info]   average movable width/height: 5.78261/14.7291um
[2024-10-30 02:26:30.298133] [0x00007fcc76141880] [info]   white space utility: 0.466444
[2024-10-30 02:26:30.298141] [0x00007fcc76141880] [info]   current weighted HPWL: 1218.38um
[2024-10-30 02:26:30.298305] [0x00007fcc76141880] [info] ------------------------------------------------------------
[2024-10-30 02:26:30.298334] [0x00007fcc76141880] [info] Start global placement
[2024-10-30 02:26:30.298357] [0x00007fcc76141880] [info]   target density: 0.5
[2024-10-30 02:26:30.298372] [0x00007fcc76141880] [info]   Block location initialization:
    HPWL before, 1218.38
[2024-10-30 02:26:30.298430] [0x00007fcc76141880] [info]     HPWL after, 20954.2
[2024-10-30 02:26:30.313450] [0x00007fcc76141880] [info]   iter-0  : 8.4845e+02  8.4348e+03
[2024-10-30 02:26:30.318170] [0x00007fcc76141880] [info]   iter-1  : 8.5955e+02  7.4045e+03
[2024-10-30 02:26:30.322623] [0x00007fcc76141880] [info]   iter-2  : 8.8031e+02  6.6934e+03
[2024-10-30 02:26:30.325136] [0x00007fcc76141880] [info]   iter-3  : 9.0870e+02  6.1715e+03
[2024-10-30 02:26:30.327459] [0x00007fcc76141880] [info]   iter-4  : 9.4550e+02  5.8419e+03
[2024-10-30 02:26:30.334611] [0x00007fcc76141880] [info]   iter-5  : 1.0126e+03  5.4373e+03
[2024-10-30 02:26:30.340837] [0x00007fcc76141880] [info]   iter-6  : 1.0845e+03  4.8931e+03
[2024-10-30 02:26:30.345752] [0x00007fcc76141880] [info]   iter-7  : 1.1598e+03  4.5402e+03
[2024-10-30 02:26:30.348786] [0x00007fcc76141880] [info]   iter-8  : 1.2347e+03  4.2242e+03
[2024-10-30 02:26:30.357043] [0x00007fcc76141880] [info]   iter-9  : 1.2934e+03  4.1619e+03
[2024-10-30 02:26:30.363189] [0x00007fcc76141880] [info]   iter-10 : 1.4395e+03  4.0853e+03
[2024-10-30 02:26:30.365636] [0x00007fcc76141880] [info]   iter-11 : 1.5674e+03  3.8921e+03
[2024-10-30 02:26:30.367875] [0x00007fcc76141880] [info]   iter-12 : 1.6738e+03  3.7786e+03
[2024-10-30 02:26:30.374858] [0x00007fcc76141880] [info]   iter-13 : 1.7875e+03  3.6259e+03
[2024-10-30 02:26:30.380365] [0x00007fcc76141880] [info]   iter-14 : 1.8497e+03  3.5766e+03
[2024-10-30 02:26:30.386463] [0x00007fcc76141880] [info]   iter-15 : 1.9379e+03  3.4768e+03
[2024-10-30 02:26:30.394017] [0x00007fcc76141880] [info]   iter-16 : 2.0402e+03  3.3865e+03
[2024-10-30 02:26:30.396566] [0x00007fcc76141880] [info]   iter-17 : 2.0799e+03  3.3499e+03
[2024-10-30 02:26:30.413794] [0x00007fcc76141880] [info]   iter-18 : 2.1484e+03  3.3158e+03
[2024-10-30 02:26:30.420456] [0x00007fcc76141880] [info]   iter-19 : 2.2243e+03  3.2156e+03
[2024-10-30 02:26:30.425554] [0x00007fcc76141880] [info]   iter-20 : 2.2609e+03  3.2298e+03
[2024-10-30 02:26:30.436772] [0x00007fcc76141880] [info]   iter-21 : 2.3218e+03  3.1867e+03
[2024-10-30 02:26:30.446259] [0x00007fcc76141880] [info]   iter-22 : 2.3385e+03  3.2196e+03
[2024-10-30 02:26:30.450357] [0x00007fcc76141880] [info]   iter-23 : 2.3738e+03  3.2617e+03
[2024-10-30 02:26:30.465719] [0x00007fcc76141880] [info]   iter-24 : 2.4449e+03  3.1816e+03
[2024-10-30 02:26:30.480021] [0x00007fcc76141880] [info]   iter-25 : 2.4502e+03  3.1070e+03
[2024-10-30 02:26:30.500409] [0x00007fcc76141880] [info]   iter-26 : 2.4717e+03  3.1401e+03
[2024-10-30 02:26:30.520408] [0x00007fcc76141880] [info]   iter-27 : 2.4970e+03  3.0695e+03
[2024-10-30 02:26:30.552834] [0x00007fcc76141880] [info]   iter-28 : 2.4932e+03  3.1476e+03
[2024-10-30 02:26:30.577030] [0x00007fcc76141880] [info]   iter-29 : 2.5743e+03  3.0980e+03
[2024-10-30 02:26:30.599624] [0x00007fcc76141880] [info]   iter-30 : 2.5722e+03  3.0625e+03
[2024-10-30 02:26:30.616915] [0x00007fcc76141880] [info]   iter-31 : 2.5891e+03  3.0970e+03
[2024-10-30 02:26:30.627294] [0x00007fcc76141880] [info]   iter-32 : 2.6171e+03  3.0949e+03
[2024-10-30 02:26:30.639545] [0x00007fcc76141880] [info]   iter-33 : 2.6434e+03  2.7916e+03
[2024-10-30 02:26:30.640041] [0x00007fcc76141880] [info]   current weighted HPWL: 2791.59um
[2024-10-30 02:26:30.640154] [0x00007fcc76141880] [info] [0;36mGlobal placement completed[0m
[2024-10-30 02:26:30.640196] [0x00007fcc76141880] [info] (wall time: 0.341887s, cpu time: 5.249753)
[2024-10-30 02:26:30.640295] [0x00007fcc76141880] [info] (peak memory: 5395MB,  current memory: 5395MB)
[2024-10-30 02:26:30.640351] [0x00007fcc76141880] [info] ------------------------------------------------------------
[2024-10-30 02:26:30.640385] [0x00007fcc76141880] [info] Start standard cluster well legalization
[2024-10-30 02:26:30.640478] [0x00007fcc76141880] [info]   Well max plug distance: 75um, 125 
[2024-10-30 02:26:30.640530] [0x00007fcc76141880] [info]   GridValueX: 0.6 um
[2024-10-30 02:26:30.640560] [0x00007fcc76141880] [info]   Well spacing: 1.275um, 3
[2024-10-30 02:26:30.640594] [0x00007fcc76141880] [info]   Well tap cell width: 2
[2024-10-30 02:26:30.640705] [0x00007fcc76141880] [info] Max movable cell width: 17
[2024-10-30 02:26:30.640741] [0x00007fcc76141880] [info] Using default gridded row width: 2*max_unplug_length_
[2024-10-30 02:26:30.640773] [0x00007fcc76141880] [info]   Total number of columns: 1
[2024-10-30 02:26:30.640804] [0x00007fcc76141880] [info]   Gridded row width: 97.2um, 162
[2024-10-30 02:26:30.640870] [0x00007fcc76141880] [info] Maximum possible number of gridded rows in a column: 34
[2024-10-30 02:26:30.640936] [0x00007fcc76141880] [info] Form block clustering
[2024-10-30 02:26:30.641157] [0x00007fcc76141880] [info]   current weighted HPWL: 3670.65um
[2024-10-30 02:26:30.641219] [0x00007fcc76141880] [info] Flip cluster orientation
[2024-10-30 02:26:30.641250] [0x00007fcc76141880] [info]   current weighted HPWL: 3887.74um
[2024-10-30 02:26:30.641301] [0x00007fcc76141880] [info] Perform local reordering
[2024-10-30 02:26:30.641332] [0x00007fcc76141880] [info] reorder iteration: 0
[2024-10-30 02:26:30.647698] [0x00007fcc76141880] [info]   current weighted HPWL: 3860.1um
[2024-10-30 02:26:30.648155] [0x00007fcc76141880] [info] reorder iteration: 1
[2024-10-30 02:26:30.650368] [0x00007fcc76141880] [info]   current weighted HPWL: 3852um
[2024-10-30 02:26:30.650710] [0x00007fcc76141880] [info] reorder iteration: 2
[2024-10-30 02:26:30.656572] [0x00007fcc76141880] [info]   current weighted HPWL: 3863.17um
[2024-10-30 02:26:30.656687] [0x00007fcc76141880] [info] reorder iteration: 3
[2024-10-30 02:26:30.658183] [0x00007fcc76141880] [info]   current weighted HPWL: 3876.22um
[2024-10-30 02:26:30.658253] [0x00007fcc76141880] [info] reorder iteration: 4
[2024-10-30 02:26:30.659641] [0x00007fcc76141880] [info]   current weighted HPWL: 3891.22um
[2024-10-30 02:26:30.659680] [0x00007fcc76141880] [info] reorder iteration: 5
[2024-10-30 02:26:30.660819] [0x00007fcc76141880] [info]   current weighted HPWL: 3903.15um
[2024-10-30 02:26:30.660867] [0x00007fcc76141880] [info] Insert well tap cells
[2024-10-30 02:26:30.660909] [0x00007fcc76141880] [info] Insertion complete: 30 well tap cell created
[2024-10-30 02:26:30.660930] [0x00007fcc76141880] [info] Skip creating end cap cells
[2024-10-30 02:26:30.660954] [0x00007fcc76141880] [info]   current weighted HPWL: 3887.85um
[2024-10-30 02:26:30.660992] [0x00007fcc76141880] [info] [0;36mStandard Cluster Well Legalization completed[0m
[2024-10-30 02:26:30.661011] [0x00007fcc76141880] [info] (wall time: 0.020652s, cpu time: 0.371717)
[2024-10-30 02:26:30.661075] [0x00007fcc76141880] [info] (peak memory: 5395MB,  current memory: 5395MB)
[2024-10-30 02:26:30.661143] [0x00007fcc76141880] [info] Writing PP and NP rect file: dali_outppnp.rect
[2024-10-30 02:26:30.661392] [0x00007fcc76141880] [info] Writing N-well rect file: dali_outwell.rect
[2024-10-30 02:26:30.661796] [0x00007fcc76141880] [info] Writing cluster rect file: dali_out_router.cluster
[2024-10-30 02:26:30.661984] [0x00007fcc76141880] [info] ------------------------------------------------------------
[2024-10-30 02:26:30.662014] [0x00007fcc76141880] [info] Start I/O Placement
[2024-10-30 02:26:30.662042] [0x00007fcc76141880] [info] [0;36mI/O Placement complete![0m
[2024-10-30 02:26:30.662105] [0x00007fcc76141880] [warning] IoPlace flag not specified, use --auto-place by default
[2024-10-30 02:26:30.662137] [0x00007fcc76141880] [info] ------------------------------------------------------------
[2024-10-30 02:26:30.662146] [0x00007fcc76141880] [info] Start I/O Placement
[2024-10-30 02:26:30.662161] [0x00007fcc76141880] [info] [0;36mI/O Placement complete![0m
[2024-10-30 02:26:30.662320] [0x00007fcc76141880] [info] Export Pplus/Nplus fillings to PhyDB
[2024-10-30 02:26:30.662368] [0x00007fcc76141880] [info] Export N wells to PhyDB
