[2024-11-07 17:40:12.667202] [0x00007f34d30a3880] [info] ------------------------------------------------------------
[2024-11-07 17:40:12.667443] [0x00007f34d30a3880] [info] Load information from PhyDB
[2024-11-07 17:40:12.667462] [0x00007f34d30a3880] [info]   placement grid not set in PhyDB
[2024-11-07 17:40:12.667477] [0x00007f34d30a3880] [info]   checking sites
[2024-11-07 17:40:12.667486] [0x00007f34d30a3880] [info]     width : 0.6um
[2024-11-07 17:40:12.667532] [0x00007f34d30a3880] [info]     height: 0.3um
[2024-11-07 17:40:12.667906] [0x00007f34d30a3880] [info] No P-well layer info provided, creating fake info
[2024-11-07 17:40:12.667995] [0x00007f34d30a3880] [info] (wall time: 0.000829s, cpu time: 0.000891)
[2024-11-07 17:40:12.668006] [0x00007f34d30a3880] [info] ------------------------------------------------------------
[2024-11-07 17:40:12.668011] [0x00007f34d30a3880] [info] Circuit brief summary:
[2024-11-07 17:40:12.668015] [0x00007f34d30a3880] [info]   movable blocks: 100
[2024-11-07 17:40:12.668023] [0x00007f34d30a3880] [info]   fixed blocks:   0
[2024-11-07 17:40:12.668052] [0x00007f34d30a3880] [info]   blocks:         100
[2024-11-07 17:40:12.668069] [0x00007f34d30a3880] [info]   iopins:         0
[2024-11-07 17:40:12.668083] [0x00007f34d30a3880] [info]   nets:           301
[2024-11-07 17:40:12.668116] [0x00007f34d30a3880] [info]   grid size x/y:  0.6/0.3um
[2024-11-07 17:40:12.668185] [0x00007f34d30a3880] [info]   total movable blk area: 17600
[2024-11-07 17:40:12.668197] [0x00007f34d30a3880] [info]   total white space     : 39168
[2024-11-07 17:40:12.668202] [0x00007f34d30a3880] [info]   total block area      : 17600
[2024-11-07 17:40:12.668206] [0x00007f34d30a3880] [info]   total space: 39168
[2024-11-07 17:40:12.668215] [0x00007f34d30a3880] [info]     left:   10
[2024-11-07 17:40:12.668219] [0x00007f34d30a3880] [info]     right:  146
[2024-11-07 17:40:12.668223] [0x00007f34d30a3880] [info]     bottom: 18
[2024-11-07 17:40:12.668227] [0x00007f34d30a3880] [info]     top:    306
[2024-11-07 17:40:12.668231] [0x00007f34d30a3880] [info]   average movable width/height: 11/16um
[2024-11-07 17:40:12.668239] [0x00007f34d30a3880] [info]   white space utility: 0.449346
[2024-11-07 17:40:12.668244] [0x00007f34d30a3880] [info]   current weighted HPWL: 330.413um
[2024-11-07 17:40:12.668288] [0x00007f34d30a3880] [info] ------------------------------------------------------------
[2024-11-07 17:40:12.668342] [0x00007f34d30a3880] [info] Start global placement
[2024-11-07 17:40:12.668419] [0x00007f34d30a3880] [info]   target density: 0.5
[2024-11-07 17:40:12.668442] [0x00007f34d30a3880] [info]   Block location initialization:
    HPWL before, 330.413
[2024-11-07 17:40:12.668458] [0x00007f34d30a3880] [info]     HPWL after, 5778.72
[2024-11-07 17:40:12.707151] [0x00007f34d30a3880] [info]   iter-0  : 1.9649e+00  1.0967e+03
[2024-11-07 17:40:12.718432] [0x00007f34d30a3880] [info]   iter-1  : 1.5874e+02  5.0071e+02
[2024-11-07 17:40:12.725953] [0x00007f34d30a3880] [info]   iter-2  : 1.4939e+02  5.8866e+02
[2024-11-07 17:40:12.727473] [0x00007f34d30a3880] [info]   iter-3  : 1.6707e+02  3.9620e+02
[2024-11-07 17:40:12.728384] [0x00007f34d30a3880] [info]   iter-4  : 1.6795e+02  3.8049e+02
[2024-11-07 17:40:12.730336] [0x00007f34d30a3880] [info]   iter-5  : 1.8743e+02  5.8408e+02
[2024-11-07 17:40:12.731327] [0x00007f34d30a3880] [info]   iter-6  : 2.0870e+02  4.1097e+02
[2024-11-07 17:40:12.735010] [0x00007f34d30a3880] [info]   iter-7  : 2.1846e+02  4.0271e+02
[2024-11-07 17:40:12.735656] [0x00007f34d30a3880] [info]   iter-8  : 2.2149e+02  4.0034e+02
[2024-11-07 17:40:12.736327] [0x00007f34d30a3880] [info]   iter-9  : 2.3059e+02  4.0039e+02
[2024-11-07 17:40:12.737018] [0x00007f34d30a3880] [info]   iter-10 : 2.4562e+02  3.9516e+02
[2024-11-07 17:40:12.737610] [0x00007f34d30a3880] [info]   iter-11 : 2.6008e+02  3.9605e+02
[2024-11-07 17:40:12.738157] [0x00007f34d30a3880] [info]   iter-12 : 2.7264e+02  3.9416e+02
[2024-11-07 17:40:12.738723] [0x00007f34d30a3880] [info]   iter-13 : 2.7789e+02  3.9441e+02
[2024-11-07 17:40:12.739637] [0x00007f34d30a3880] [info]   iter-14 : 2.8566e+02  3.9548e+02
[2024-11-07 17:40:12.740201] [0x00007f34d30a3880] [info]   iter-15 : 2.9853e+02  3.9426e+02
[2024-11-07 17:40:12.740712] [0x00007f34d30a3880] [info]   iter-16 : 2.9789e+02  3.9484e+02
[2024-11-07 17:40:12.741237] [0x00007f34d30a3880] [info]   iter-17 : 3.0637e+02  5.5349e+02
[2024-11-07 17:40:12.742033] [0x00007f34d30a3880] [info]   iter-18 : 4.1881e+02  5.5212e+02
[2024-11-07 17:40:12.742613] [0x00007f34d30a3880] [info]   iter-19 : 4.3048e+02  4.3300e+02
[2024-11-07 17:40:12.742689] [0x00007f34d30a3880] [info]   current weighted HPWL: 432.999um
[2024-11-07 17:40:12.742727] [0x00007f34d30a3880] [info] [0;36mGlobal placement completed[0m
[2024-11-07 17:40:12.742763] [0x00007f34d30a3880] [info] (wall time: 0.074474s, cpu time: 1.122399)
[2024-11-07 17:40:12.742840] [0x00007f34d30a3880] [info] (peak memory: 13MB,  current memory: 13MB)
[2024-11-07 17:40:12.742882] [0x00007f34d30a3880] [info] ------------------------------------------------------------
[2024-11-07 17:40:12.742911] [0x00007f34d30a3880] [info] Start standard cluster well legalization
[2024-11-07 17:40:12.742942] [0x00007f34d30a3880] [info]   Well max plug distance: 75um, 125 
[2024-11-07 17:40:12.742978] [0x00007f34d30a3880] [info]   GridValueX: 0.6 um
[2024-11-07 17:40:12.743007] [0x00007f34d30a3880] [info]   Well spacing: 1.275um, 3
[2024-11-07 17:40:12.743035] [0x00007f34d30a3880] [info]   Well tap cell width: 2
[2024-11-07 17:40:12.743114] [0x00007f34d30a3880] [info] Max movable cell width: 11
[2024-11-07 17:40:12.743143] [0x00007f34d30a3880] [info] Using default gridded row width: 2*max_unplug_length_
[2024-11-07 17:40:12.743172] [0x00007f34d30a3880] [info]   Total number of columns: 1
[2024-11-07 17:40:12.743200] [0x00007f34d30a3880] [info]   Gridded row width: 78um, 130
[2024-11-07 17:40:12.743255] [0x00007f34d30a3880] [info] Maximum possible number of gridded rows in a column: 17
[2024-11-07 17:40:12.743301] [0x00007f34d30a3880] [info] Form block clustering
[2024-11-07 17:40:12.743382] [0x00007f34d30a3880] [info]   current weighted HPWL: 932.888um
[2024-11-07 17:40:12.743416] [0x00007f34d30a3880] [info] Flip cluster orientation
[2024-11-07 17:40:12.743446] [0x00007f34d30a3880] [info]   current weighted HPWL: 957.263um
[2024-11-07 17:40:12.743481] [0x00007f34d30a3880] [info] Perform local reordering
[2024-11-07 17:40:12.743509] [0x00007f34d30a3880] [info] reorder iteration: 0
[2024-11-07 17:40:12.743883] [0x00007f34d30a3880] [info]   current weighted HPWL: 1154.51um
[2024-11-07 17:40:12.743925] [0x00007f34d30a3880] [info] reorder iteration: 1
[2024-11-07 17:40:12.744286] [0x00007f34d30a3880] [info]   current weighted HPWL: 1135.31um
[2024-11-07 17:40:12.744321] [0x00007f34d30a3880] [info] reorder iteration: 2
[2024-11-07 17:40:12.744652] [0x00007f34d30a3880] [info]   current weighted HPWL: 1156.84um
[2024-11-07 17:40:12.744686] [0x00007f34d30a3880] [info] reorder iteration: 3
[2024-11-07 17:40:12.745011] [0x00007f34d30a3880] [info]   current weighted HPWL: 1171.24um
[2024-11-07 17:40:12.745046] [0x00007f34d30a3880] [info] reorder iteration: 4
[2024-11-07 17:40:12.745372] [0x00007f34d30a3880] [info]   current weighted HPWL: 1180.76um
[2024-11-07 17:40:12.745405] [0x00007f34d30a3880] [info] reorder iteration: 5
[2024-11-07 17:40:12.745752] [0x00007f34d30a3880] [info]   current weighted HPWL: 1186.76um
[2024-11-07 17:40:12.745787] [0x00007f34d30a3880] [info] Insert well tap cells
[2024-11-07 17:40:12.745838] [0x00007f34d30a3880] [info] Insertion complete: 32 well tap cell created
[2024-11-07 17:40:12.745868] [0x00007f34d30a3880] [info] Skip creating end cap cells
[2024-11-07 17:40:12.745897] [0x00007f34d30a3880] [info]   current weighted HPWL: 1167.64um
[2024-11-07 17:40:12.745930] [0x00007f34d30a3880] [info] [0;36mStandard Cluster Well Legalization completed[0m
[2024-11-07 17:40:12.745962] [0x00007f34d30a3880] [info] (wall time: 0.003077s, cpu time: 0.002634)
[2024-11-07 17:40:12.746010] [0x00007f34d30a3880] [info] (peak memory: 13MB,  current memory: 13MB)
[2024-11-07 17:40:12.746041] [0x00007f34d30a3880] [info] Writing PP and NP rect file: dali_outppnp.rect
[2024-11-07 17:40:12.746570] [0x00007f34d30a3880] [info] Writing N-well rect file: dali_outwell.rect
[2024-11-07 17:40:12.746756] [0x00007f34d30a3880] [info] Writing cluster rect file: dali_out_router.cluster
[2024-11-07 17:40:12.746996] [0x00007f34d30a3880] [info] ------------------------------------------------------------
[2024-11-07 17:40:12.747053] [0x00007f34d30a3880] [info] Start I/O Placement
[2024-11-07 17:40:12.747088] [0x00007f34d30a3880] [info] [0;36mI/O Placement complete![0m
[2024-11-07 17:40:12.747321] [0x00007f34d30a3880] [warning] IoPlace flag not specified, use --auto-place by default
[2024-11-07 17:40:12.747353] [0x00007f34d30a3880] [info] ------------------------------------------------------------
[2024-11-07 17:40:12.747378] [0x00007f34d30a3880] [info] Start I/O Placement
[2024-11-07 17:40:12.747404] [0x00007f34d30a3880] [info] [0;36mI/O Placement complete![0m
[2024-11-07 17:40:12.747467] [0x00007f34d30a3880] [info] Export Pplus/Nplus fillings to PhyDB
[2024-11-07 17:40:12.747514] [0x00007f34d30a3880] [info] Export N wells to PhyDB
