[2024-10-28 18:34:43.896293] [0x00007fe2d3d9c880] [info] ------------------------------------------------------------
[2024-10-28 18:34:43.896508] [0x00007fe2d3d9c880] [info] Load information from PhyDB
[2024-10-28 18:34:43.896545] [0x00007fe2d3d9c880] [info]   placement grid not set in PhyDB
[2024-10-28 18:34:43.896571] [0x00007fe2d3d9c880] [info]   checking sites
[2024-10-28 18:34:43.896596] [0x00007fe2d3d9c880] [info]     width : 0.6um
[2024-10-28 18:34:43.896667] [0x00007fe2d3d9c880] [info]     height: 0.3um
[2024-10-28 18:34:43.897935] [0x00007fe2d3d9c880] [info] No P-well layer info provided, creating fake info
[2024-10-28 18:34:43.898584] [0x00007fe2d3d9c880] [info] (wall time: 0.002685s, cpu time: 0.001031)
[2024-10-28 18:34:43.898608] [0x00007fe2d3d9c880] [info] ------------------------------------------------------------
[2024-10-28 18:34:43.898629] [0x00007fe2d3d9c880] [info] Circuit brief summary:
[2024-10-28 18:34:43.898650] [0x00007fe2d3d9c880] [info]   movable blocks: 299
[2024-10-28 18:34:43.898674] [0x00007fe2d3d9c880] [info]   fixed blocks:   0
[2024-10-28 18:34:43.898694] [0x00007fe2d3d9c880] [info]   blocks:         299
[2024-10-28 18:34:43.898714] [0x00007fe2d3d9c880] [info]   iopins:         24
[2024-10-28 18:34:43.898747] [0x00007fe2d3d9c880] [info]   nets:           321
[2024-10-28 18:34:43.898750] [0x00007fe2d3d9c880] [info]   grid size x/y:  0.6/0.3um
[2024-10-28 18:34:43.898769] [0x00007fe2d3d9c880] [info]   total movable blk area: 24156
[2024-10-28 18:34:43.898790] [0x00007fe2d3d9c880] [info]   total white space     : 51840
[2024-10-28 18:34:43.898810] [0x00007fe2d3d9c880] [info]   total block area      : 24156
[2024-10-28 18:34:43.898830] [0x00007fe2d3d9c880] [info]   total space: 51840
[2024-10-28 18:34:43.898853] [0x00007fe2d3d9c880] [info]     left:   10
[2024-10-28 18:34:43.898873] [0x00007fe2d3d9c880] [info]     right:  170
[2024-10-28 18:34:43.898879] [0x00007fe2d3d9c880] [info]     bottom: 18
[2024-10-28 18:34:43.898896] [0x00007fe2d3d9c880] [info]     top:    342
[2024-10-28 18:34:43.898902] [0x00007fe2d3d9c880] [info]   average movable width/height: 5.7893/13.6823um
[2024-10-28 18:34:43.898908] [0x00007fe2d3d9c880] [info]   white space utility: 0.465972
[2024-10-28 18:34:43.898911] [0x00007fe2d3d9c880] [info]   current weighted HPWL: 1235.7um
[2024-10-28 18:34:43.898967] [0x00007fe2d3d9c880] [info] ------------------------------------------------------------
[2024-10-28 18:34:43.898987] [0x00007fe2d3d9c880] [info] Start global placement
[2024-10-28 18:34:43.898993] [0x00007fe2d3d9c880] [info]   target density: 0.5
[2024-10-28 18:34:43.899020] [0x00007fe2d3d9c880] [info]   Block location initialization:
    HPWL before, 1235.7
[2024-10-28 18:34:43.899057] [0x00007fe2d3d9c880] [info]     HPWL after, 19956.4
[2024-10-28 18:34:43.924199] [0x00007fe2d3d9c880] [info]   iter-0  : 1.0117e+03  7.1178e+03
[2024-10-28 18:34:43.942363] [0x00007fe2d3d9c880] [info]   iter-1  : 1.0199e+03  6.2880e+03
[2024-10-28 18:34:43.953872] [0x00007fe2d3d9c880] [info]   iter-2  : 1.0354e+03  5.3029e+03
[2024-10-28 18:34:43.962000] [0x00007fe2d3d9c880] [info]   iter-3  : 1.0622e+03  5.1514e+03
[2024-10-28 18:34:43.971829] [0x00007fe2d3d9c880] [info]   iter-4  : 1.0958e+03  4.8206e+03
[2024-10-28 18:34:43.977496] [0x00007fe2d3d9c880] [info]   iter-5  : 1.1639e+03  4.7144e+03
[2024-10-28 18:34:43.982378] [0x00007fe2d3d9c880] [info]   iter-6  : 1.2417e+03  4.3744e+03
[2024-10-28 18:34:43.988542] [0x00007fe2d3d9c880] [info]   iter-7  : 1.3300e+03  4.1127e+03
[2024-10-28 18:34:43.999047] [0x00007fe2d3d9c880] [info]   iter-8  : 1.4107e+03  4.0624e+03
[2024-10-28 18:34:44.004427] [0x00007fe2d3d9c880] [info]   iter-9  : 1.4738e+03  4.0929e+03
[2024-10-28 18:34:44.013718] [0x00007fe2d3d9c880] [info]   iter-10 : 1.5791e+03  3.7947e+03
[2024-10-28 18:34:44.021849] [0x00007fe2d3d9c880] [info]   iter-11 : 1.6587e+03  3.5617e+03
[2024-10-28 18:34:44.032378] [0x00007fe2d3d9c880] [info]   iter-12 : 1.7435e+03  3.4656e+03
[2024-10-28 18:34:44.038543] [0x00007fe2d3d9c880] [info]   iter-13 : 1.7989e+03  3.1840e+03
[2024-10-28 18:34:44.046888] [0x00007fe2d3d9c880] [info]   iter-14 : 1.8695e+03  2.9021e+03
[2024-10-28 18:34:44.053034] [0x00007fe2d3d9c880] [info]   iter-15 : 1.8909e+03  2.8479e+03
[2024-10-28 18:34:44.062738] [0x00007fe2d3d9c880] [info]   iter-16 : 1.9330e+03  2.8593e+03
[2024-10-28 18:34:44.070211] [0x00007fe2d3d9c880] [info]   iter-17 : 1.9990e+03  2.9352e+03
[2024-10-28 18:34:44.081540] [0x00007fe2d3d9c880] [info]   iter-18 : 2.1106e+03  2.8199e+03
[2024-10-28 18:34:44.086441] [0x00007fe2d3d9c880] [info]   iter-19 : 2.1106e+03  2.7354e+03
[2024-10-28 18:34:44.094148] [0x00007fe2d3d9c880] [info]   iter-20 : 2.1019e+03  2.8470e+03
[2024-10-28 18:34:44.103456] [0x00007fe2d3d9c880] [info]   iter-21 : 2.2054e+03  2.7363e+03
[2024-10-28 18:34:44.111646] [0x00007fe2d3d9c880] [info]   iter-22 : 2.1786e+03  2.8948e+03
[2024-10-28 18:34:44.129000] [0x00007fe2d3d9c880] [info]   iter-23 : 2.2589e+03  2.9137e+03
[2024-10-28 18:34:44.139658] [0x00007fe2d3d9c880] [info]   iter-24 : 2.3004e+03  2.9943e+03
[2024-10-28 18:34:44.147108] [0x00007fe2d3d9c880] [info]   iter-25 : 2.3297e+03  2.8978e+03
[2024-10-28 18:34:44.155551] [0x00007fe2d3d9c880] [info]   iter-26 : 2.3068e+03  2.8284e+03
[2024-10-28 18:34:44.165098] [0x00007fe2d3d9c880] [info]   iter-27 : 2.3166e+03  2.9167e+03
[2024-10-28 18:34:44.170608] [0x00007fe2d3d9c880] [info]   iter-28 : 2.3845e+03  2.8099e+03
[2024-10-28 18:34:44.178097] [0x00007fe2d3d9c880] [info]   iter-29 : 2.3720e+03  2.7435e+03
[2024-10-28 18:34:44.185889] [0x00007fe2d3d9c880] [info]   iter-30 : 2.3499e+03  2.7540e+03
[2024-10-28 18:34:44.199987] [0x00007fe2d3d9c880] [info]   iter-31 : 2.3599e+03  2.7966e+03
[2024-10-28 18:34:44.215017] [0x00007fe2d3d9c880] [info]   iter-32 : 2.3733e+03  2.7943e+03
[2024-10-28 18:34:44.228880] [0x00007fe2d3d9c880] [info]   iter-33 : 2.3861e+03  2.9090e+03
[2024-10-28 18:34:44.244480] [0x00007fe2d3d9c880] [info]   iter-34 : 2.4570e+03  2.8797e+03
[2024-10-28 18:34:44.249064] [0x00007fe2d3d9c880] [info]   iter-35 : 2.4653e+03  2.8040e+03
[2024-10-28 18:34:44.256720] [0x00007fe2d3d9c880] [info]   iter-36 : 2.4512e+03  2.7765e+03
[2024-10-28 18:34:44.262785] [0x00007fe2d3d9c880] [info]   iter-37 : 2.4378e+03  2.9404e+03
[2024-10-28 18:34:44.267278] [0x00007fe2d3d9c880] [info]   iter-38 : 2.5168e+03  2.7939e+03
[2024-10-28 18:34:44.274048] [0x00007fe2d3d9c880] [info]   iter-39 : 2.4799e+03  2.7679e+03
[2024-10-28 18:34:44.282829] [0x00007fe2d3d9c880] [info]   iter-40 : 2.4728e+03  2.7149e+03
[2024-10-28 18:34:44.282898] [0x00007fe2d3d9c880] [info]   current weighted HPWL: 2714.93um
[2024-10-28 18:34:44.283228] [0x00007fe2d3d9c880] [info] [0;36mGlobal placement completed[0m
[2024-10-28 18:34:44.283245] [0x00007fe2d3d9c880] [info] (wall time: 0.384274s, cpu time: 5.897924)
[2024-10-28 18:34:44.283316] [0x00007fe2d3d9c880] [info] (peak memory: 5395MB,  current memory: 5395MB)
[2024-10-28 18:34:44.283350] [0x00007fe2d3d9c880] [info] ------------------------------------------------------------
[2024-10-28 18:34:44.283362] [0x00007fe2d3d9c880] [info] Start standard cluster well legalization
[2024-10-28 18:34:44.283374] [0x00007fe2d3d9c880] [info]   Well max plug distance: 75um, 125 
[2024-10-28 18:34:44.283395] [0x00007fe2d3d9c880] [info]   GridValueX: 0.6 um
[2024-10-28 18:34:44.283404] [0x00007fe2d3d9c880] [info]   Well spacing: 1.275um, 3
[2024-10-28 18:34:44.283413] [0x00007fe2d3d9c880] [info]   Well tap cell width: 2
[2024-10-28 18:34:44.283507] [0x00007fe2d3d9c880] [info] Max movable cell width: 18
[2024-10-28 18:34:44.283521] [0x00007fe2d3d9c880] [info] Using default gridded row width: 2*max_unplug_length_
[2024-10-28 18:34:44.283530] [0x00007fe2d3d9c880] [info]   Total number of columns: 1
[2024-10-28 18:34:44.283538] [0x00007fe2d3d9c880] [info]   Gridded row width: 92.4um, 154
[2024-10-28 18:34:44.283580] [0x00007fe2d3d9c880] [info] Maximum possible number of gridded rows in a column: 35
[2024-10-28 18:34:44.283632] [0x00007fe2d3d9c880] [info] Form block clustering
[2024-10-28 18:34:44.283993] [0x00007fe2d3d9c880] [info]   current weighted HPWL: 3580.5um
[2024-10-28 18:34:44.284039] [0x00007fe2d3d9c880] [info] Flip cluster orientation
[2024-10-28 18:34:44.284219] [0x00007fe2d3d9c880] [info]   current weighted HPWL: 3833.1um
[2024-10-28 18:34:44.284261] [0x00007fe2d3d9c880] [info] Perform local reordering
[2024-10-28 18:34:44.284270] [0x00007fe2d3d9c880] [info] reorder iteration: 0
[2024-10-28 18:34:44.285722] [0x00007fe2d3d9c880] [info]   current weighted HPWL: 3825.3um
[2024-10-28 18:34:44.285752] [0x00007fe2d3d9c880] [info] reorder iteration: 1
[2024-10-28 18:34:44.287193] [0x00007fe2d3d9c880] [info]   current weighted HPWL: 3759.3um
[2024-10-28 18:34:44.287239] [0x00007fe2d3d9c880] [info] reorder iteration: 2
[2024-10-28 18:34:44.288803] [0x00007fe2d3d9c880] [info]   current weighted HPWL: 3760.5um
[2024-10-28 18:34:44.288859] [0x00007fe2d3d9c880] [info] reorder iteration: 3
[2024-10-28 18:34:44.290845] [0x00007fe2d3d9c880] [info]   current weighted HPWL: 3761.7um
[2024-10-28 18:34:44.290900] [0x00007fe2d3d9c880] [info] reorder iteration: 4
[2024-10-28 18:34:44.292308] [0x00007fe2d3d9c880] [info]   current weighted HPWL: 3771.9um
[2024-10-28 18:34:44.292337] [0x00007fe2d3d9c880] [info] reorder iteration: 5
[2024-10-28 18:34:44.293756] [0x00007fe2d3d9c880] [info]   current weighted HPWL: 3783.3um
[2024-10-28 18:34:44.293785] [0x00007fe2d3d9c880] [info] Insert well tap cells
[2024-10-28 18:34:44.293823] [0x00007fe2d3d9c880] [info] Insertion complete: 30 well tap cell created
[2024-10-28 18:34:44.293831] [0x00007fe2d3d9c880] [info] Skip creating end cap cells
[2024-10-28 18:34:44.293839] [0x00007fe2d3d9c880] [info]   current weighted HPWL: 3746.7um
[2024-10-28 18:34:44.293861] [0x00007fe2d3d9c880] [info] [0;36mStandard Cluster Well Legalization completed[0m
[2024-10-28 18:34:44.293874] [0x00007fe2d3d9c880] [info] (wall time: 0.010520s, cpu time: 0.251236)
[2024-10-28 18:34:44.293921] [0x00007fe2d3d9c880] [info] (peak memory: 5395MB,  current memory: 5395MB)
[2024-10-28 18:34:44.293942] [0x00007fe2d3d9c880] [info] Writing PP and NP rect file: dali_outppnp.rect
[2024-10-28 18:34:44.294392] [0x00007fe2d3d9c880] [info] Writing N-well rect file: dali_outwell.rect
[2024-10-28 18:34:44.294567] [0x00007fe2d3d9c880] [info] Writing cluster rect file: dali_out_router.cluster
[2024-10-28 18:34:44.294788] [0x00007fe2d3d9c880] [info] ------------------------------------------------------------
[2024-10-28 18:34:44.294805] [0x00007fe2d3d9c880] [info] Start I/O Placement
[2024-10-28 18:34:44.294832] [0x00007fe2d3d9c880] [info] [0;36mI/O Placement complete![0m
[2024-10-28 18:34:44.294907] [0x00007fe2d3d9c880] [warning] IoPlace flag not specified, use --auto-place by default
[2024-10-28 18:34:44.294925] [0x00007fe2d3d9c880] [info] ------------------------------------------------------------
[2024-10-28 18:34:44.294933] [0x00007fe2d3d9c880] [info] Start I/O Placement
[2024-10-28 18:34:44.294952] [0x00007fe2d3d9c880] [info] [0;36mI/O Placement complete![0m
[2024-10-28 18:34:44.295056] [0x00007fe2d3d9c880] [info] Export Pplus/Nplus fillings to PhyDB
[2024-10-28 18:34:44.295086] [0x00007fe2d3d9c880] [info] Export N wells to PhyDB
