[2024-11-03 00:31:47.123848] [0x00007f835586f880] [info] ------------------------------------------------------------
[2024-11-03 00:31:47.124390] [0x00007f835586f880] [info] Load information from PhyDB
[2024-11-03 00:31:47.124407] [0x00007f835586f880] [info]   placement grid not set in PhyDB
[2024-11-03 00:31:47.124412] [0x00007f835586f880] [info]   checking sites
[2024-11-03 00:31:47.124416] [0x00007f835586f880] [info]     width : 0.6um
[2024-11-03 00:31:47.124469] [0x00007f835586f880] [info]     height: 0.3um
[2024-11-03 00:31:47.124926] [0x00007f835586f880] [info] No P-well layer info provided, creating fake info
[2024-11-03 00:31:47.125080] [0x00007f835586f880] [info] (wall time: 0.001411s, cpu time: 0.001261)
[2024-11-03 00:31:47.125143] [0x00007f835586f880] [info] ------------------------------------------------------------
[2024-11-03 00:31:47.125173] [0x00007f835586f880] [info] Circuit brief summary:
[2024-11-03 00:31:47.125218] [0x00007f835586f880] [info]   movable blocks: 100
[2024-11-03 00:31:47.125230] [0x00007f835586f880] [info]   fixed blocks:   0
[2024-11-03 00:31:47.125234] [0x00007f835586f880] [info]   blocks:         100
[2024-11-03 00:31:47.125237] [0x00007f835586f880] [info]   iopins:         0
[2024-11-03 00:31:47.125243] [0x00007f835586f880] [info]   nets:           201
[2024-11-03 00:31:47.125246] [0x00007f835586f880] [info]   grid size x/y:  0.6/0.3um
[2024-11-03 00:31:47.125251] [0x00007f835586f880] [info]   total movable blk area: 8400
[2024-11-03 00:31:47.125273] [0x00007f835586f880] [info]   total white space     : 18612
[2024-11-03 00:31:47.125277] [0x00007f835586f880] [info]   total block area      : 8400
[2024-11-03 00:31:47.125280] [0x00007f835586f880] [info]   total space: 18612
[2024-11-03 00:31:47.125287] [0x00007f835586f880] [info]     left:   10
[2024-11-03 00:31:47.125290] [0x00007f835586f880] [info]     right:  104
[2024-11-03 00:31:47.125293] [0x00007f835586f880] [info]     bottom: 18
[2024-11-03 00:31:47.125296] [0x00007f835586f880] [info]     top:    216
[2024-11-03 00:31:47.125300] [0x00007f835586f880] [info]   average movable width/height: 6/14um
[2024-11-03 00:31:47.125306] [0x00007f835586f880] [info]   white space utility: 0.451322
[2024-11-03 00:31:47.125310] [0x00007f835586f880] [info]   current weighted HPWL: 304.425um
[2024-11-03 00:31:47.125366] [0x00007f835586f880] [info] ------------------------------------------------------------
[2024-11-03 00:31:47.125373] [0x00007f835586f880] [info] Start global placement
[2024-11-03 00:31:47.125379] [0x00007f835586f880] [info]   target density: 0.5
[2024-11-03 00:31:47.125388] [0x00007f835586f880] [info]   Block location initialization:
    HPWL before, 304.425
[2024-11-03 00:31:47.125400] [0x00007f835586f880] [info]     HPWL after, 3990.2
[2024-11-03 00:31:47.150339] [0x00007f835586f880] [info]   iter-0  : 4.6869e+01  4.1760e+02
[2024-11-03 00:31:47.154350] [0x00007f835586f880] [info]   iter-1  : 1.3269e+02  3.2380e+02
[2024-11-03 00:31:47.156132] [0x00007f835586f880] [info]   iter-2  : 1.5383e+02  4.7334e+02
[2024-11-03 00:31:47.170280] [0x00007f835586f880] [info]   iter-3  : 1.8000e+02  4.1146e+02
[2024-11-03 00:31:47.183488] [0x00007f835586f880] [info]   iter-4  : 1.8470e+02  2.9483e+02
[2024-11-03 00:31:47.190217] [0x00007f835586f880] [info]   iter-5  : 1.8489e+02  3.0162e+02
[2024-11-03 00:31:47.191296] [0x00007f835586f880] [info]   iter-6  : 1.8997e+02  2.9832e+02
[2024-11-03 00:31:47.192054] [0x00007f835586f880] [info]   iter-7  : 1.9227e+02  3.0533e+02
[2024-11-03 00:31:47.192674] [0x00007f835586f880] [info]   iter-8  : 1.9859e+02  2.9705e+02
[2024-11-03 00:31:47.193299] [0x00007f835586f880] [info]   iter-9  : 2.0341e+02  2.9900e+02
[2024-11-03 00:31:47.193948] [0x00007f835586f880] [info]   iter-10 : 2.1345e+02  3.0290e+02
[2024-11-03 00:31:47.194620] [0x00007f835586f880] [info]   iter-11 : 2.1908e+02  3.0284e+02
[2024-11-03 00:31:47.195389] [0x00007f835586f880] [info]   iter-12 : 2.2619e+02  3.0485e+02
[2024-11-03 00:31:47.196157] [0x00007f835586f880] [info]   iter-13 : 2.3056e+02  4.1304e+02
[2024-11-03 00:31:47.197020] [0x00007f835586f880] [info]   iter-14 : 2.9405e+02  4.0523e+02
[2024-11-03 00:31:47.197674] [0x00007f835586f880] [info]   iter-15 : 3.0483e+02  3.0941e+02
[2024-11-03 00:31:47.197690] [0x00007f835586f880] [info]   current weighted HPWL: 309.408um
[2024-11-03 00:31:47.197715] [0x00007f835586f880] [info] [0;36mGlobal placement completed[0m
[2024-11-03 00:31:47.197731] [0x00007f835586f880] [info] (wall time: 0.072363s, cpu time: 0.908929)
[2024-11-03 00:31:47.197899] [0x00007f835586f880] [info] (peak memory: 13MB,  current memory: 13MB)
[2024-11-03 00:31:47.197952] [0x00007f835586f880] [info] ------------------------------------------------------------
[2024-11-03 00:31:47.197965] [0x00007f835586f880] [info] Start standard cluster well legalization
[2024-11-03 00:31:47.197978] [0x00007f835586f880] [info]   Well max plug distance: 75um, 125 
[2024-11-03 00:31:47.197990] [0x00007f835586f880] [info]   GridValueX: 0.6 um
[2024-11-03 00:31:47.197999] [0x00007f835586f880] [info]   Well spacing: 1.275um, 3
[2024-11-03 00:31:47.198008] [0x00007f835586f880] [info]   Well tap cell width: 2
[2024-11-03 00:31:47.198085] [0x00007f835586f880] [info] Max movable cell width: 6
[2024-11-03 00:31:47.198098] [0x00007f835586f880] [info] Using default gridded row width: 2*max_unplug_length_
[2024-11-03 00:31:47.198108] [0x00007f835586f880] [info]   Total number of columns: 1
[2024-11-03 00:31:47.198117] [0x00007f835586f880] [info]   Gridded row width: 52.8um, 88
[2024-11-03 00:31:47.198147] [0x00007f835586f880] [info] Maximum possible number of gridded rows in a column: 14
[2024-11-03 00:31:47.198169] [0x00007f835586f880] [info] Form block clustering
[2024-11-03 00:31:47.198283] [0x00007f835586f880] [info]   current weighted HPWL: 577.425um
[2024-11-03 00:31:47.198305] [0x00007f835586f880] [info] Flip cluster orientation
[2024-11-03 00:31:47.198315] [0x00007f835586f880] [info]   current weighted HPWL: 602.625um
[2024-11-03 00:31:47.198330] [0x00007f835586f880] [info] Perform local reordering
[2024-11-03 00:31:47.198337] [0x00007f835586f880] [info] reorder iteration: 0
[2024-11-03 00:31:47.198652] [0x00007f835586f880] [info]   current weighted HPWL: 699.225um
[2024-11-03 00:31:47.198666] [0x00007f835586f880] [info] reorder iteration: 1
[2024-11-03 00:31:47.198967] [0x00007f835586f880] [info]   current weighted HPWL: 707.925um
[2024-11-03 00:31:47.199071] [0x00007f835586f880] [info] reorder iteration: 2
[2024-11-03 00:31:47.199448] [0x00007f835586f880] [info]   current weighted HPWL: 716.325um
[2024-11-03 00:31:47.199503] [0x00007f835586f880] [info] reorder iteration: 3
[2024-11-03 00:31:47.199892] [0x00007f835586f880] [info]   current weighted HPWL: 718.725um
[2024-11-03 00:31:47.199940] [0x00007f835586f880] [info] reorder iteration: 4
[2024-11-03 00:31:47.200270] [0x00007f835586f880] [info]   current weighted HPWL: 718.725um
[2024-11-03 00:31:47.200313] [0x00007f835586f880] [info] reorder iteration: 5
[2024-11-03 00:31:47.200637] [0x00007f835586f880] [info]   current weighted HPWL: 720.375um
[2024-11-03 00:31:47.200681] [0x00007f835586f880] [info] Insert well tap cells
[2024-11-03 00:31:47.200741] [0x00007f835586f880] [info] Insertion complete: 26 well tap cell created
[2024-11-03 00:31:47.200779] [0x00007f835586f880] [info] Skip creating end cap cells
[2024-11-03 00:31:47.200812] [0x00007f835586f880] [info]   current weighted HPWL: 706.575um
[2024-11-03 00:31:47.200853] [0x00007f835586f880] [info] [0;36mStandard Cluster Well Legalization completed[0m
[2024-11-03 00:31:47.200892] [0x00007f835586f880] [info] (wall time: 0.002936s, cpu time: 0.118883)
[2024-11-03 00:31:47.200978] [0x00007f835586f880] [info] (peak memory: 13MB,  current memory: 13MB)
[2024-11-03 00:31:47.201020] [0x00007f835586f880] [info] Writing PP and NP rect file: dali_outppnp.rect
[2024-11-03 00:31:47.201503] [0x00007f835586f880] [info] Writing N-well rect file: dali_outwell.rect
[2024-11-03 00:31:47.202087] [0x00007f835586f880] [info] Writing cluster rect file: dali_out_router.cluster
[2024-11-03 00:31:47.202782] [0x00007f835586f880] [info] ------------------------------------------------------------
[2024-11-03 00:31:47.202953] [0x00007f835586f880] [info] Start I/O Placement
[2024-11-03 00:31:47.202999] [0x00007f835586f880] [info] [0;36mI/O Placement complete![0m
[2024-11-03 00:31:47.203117] [0x00007f835586f880] [warning] IoPlace flag not specified, use --auto-place by default
[2024-11-03 00:31:47.203175] [0x00007f835586f880] [info] ------------------------------------------------------------
[2024-11-03 00:31:47.203217] [0x00007f835586f880] [info] Start I/O Placement
[2024-11-03 00:31:47.203260] [0x00007f835586f880] [info] [0;36mI/O Placement complete![0m
[2024-11-03 00:31:47.203388] [0x00007f835586f880] [info] Export Pplus/Nplus fillings to PhyDB
[2024-11-03 00:31:47.203443] [0x00007f835586f880] [info] Export N wells to PhyDB
