[2024-11-03 00:21:57.887382] [0x00007f5124c05880] [info] ------------------------------------------------------------
[2024-11-03 00:21:57.888324] [0x00007f5124c05880] [info] Load information from PhyDB
[2024-11-03 00:21:57.888422] [0x00007f5124c05880] [info]   placement grid not set in PhyDB
[2024-11-03 00:21:57.888435] [0x00007f5124c05880] [info]   checking sites
[2024-11-03 00:21:57.888447] [0x00007f5124c05880] [info]     width : 0.6um
[2024-11-03 00:21:57.888610] [0x00007f5124c05880] [info]     height: 0.3um
[2024-11-03 00:21:57.889453] [0x00007f5124c05880] [info] No P-well layer info provided, creating fake info
[2024-11-03 00:21:57.889620] [0x00007f5124c05880] [info] (wall time: 0.002480s, cpu time: 0.002280)
[2024-11-03 00:21:57.889654] [0x00007f5124c05880] [info] ------------------------------------------------------------
[2024-11-03 00:21:57.889662] [0x00007f5124c05880] [info] Circuit brief summary:
[2024-11-03 00:21:57.889666] [0x00007f5124c05880] [info]   movable blocks: 100
[2024-11-03 00:21:57.889710] [0x00007f5124c05880] [info]   fixed blocks:   0
[2024-11-03 00:21:57.889718] [0x00007f5124c05880] [info]   blocks:         100
[2024-11-03 00:21:57.889723] [0x00007f5124c05880] [info]   iopins:         0
[2024-11-03 00:21:57.889728] [0x00007f5124c05880] [info]   nets:           201
[2024-11-03 00:21:57.889731] [0x00007f5124c05880] [info]   grid size x/y:  0.6/0.3um
[2024-11-03 00:21:57.889737] [0x00007f5124c05880] [info]   total movable blk area: 8400
[2024-11-03 00:21:57.889761] [0x00007f5124c05880] [info]   total white space     : 18612
[2024-11-03 00:21:57.889765] [0x00007f5124c05880] [info]   total block area      : 8400
[2024-11-03 00:21:57.889768] [0x00007f5124c05880] [info]   total space: 18612
[2024-11-03 00:21:57.889813] [0x00007f5124c05880] [info]     left:   10
[2024-11-03 00:21:57.889864] [0x00007f5124c05880] [info]     right:  104
[2024-11-03 00:21:57.889893] [0x00007f5124c05880] [info]     bottom: 18
[2024-11-03 00:21:57.889983] [0x00007f5124c05880] [info]     top:    216
[2024-11-03 00:21:57.889991] [0x00007f5124c05880] [info]   average movable width/height: 6/14um
[2024-11-03 00:21:57.890002] [0x00007f5124c05880] [info]   white space utility: 0.451322
[2024-11-03 00:21:57.890007] [0x00007f5124c05880] [info]   current weighted HPWL: 248.738um
[2024-11-03 00:21:57.890060] [0x00007f5124c05880] [info] ------------------------------------------------------------
[2024-11-03 00:21:57.890064] [0x00007f5124c05880] [info] Start global placement
[2024-11-03 00:21:57.890069] [0x00007f5124c05880] [info]   target density: 0.5
[2024-11-03 00:21:57.890077] [0x00007f5124c05880] [info]   Block location initialization:
    HPWL before, 248.738
[2024-11-03 00:21:57.890107] [0x00007f5124c05880] [info]     HPWL after, 3988.37
[2024-11-03 00:21:57.895115] [0x00007f5124c05880] [info]   iter-0  : 4.6890e+01  4.0084e+02
[2024-11-03 00:21:57.896636] [0x00007f5124c05880] [info]   iter-1  : 1.1134e+02  3.5757e+02
[2024-11-03 00:21:57.899404] [0x00007f5124c05880] [info]   iter-2  : 1.2810e+02  5.5076e+02
[2024-11-03 00:21:57.900484] [0x00007f5124c05880] [info]   iter-3  : 1.6370e+02  4.4423e+02
[2024-11-03 00:21:57.901307] [0x00007f5124c05880] [info]   iter-4  : 1.6659e+02  3.2126e+02
[2024-11-03 00:21:57.903010] [0x00007f5124c05880] [info]   iter-5  : 1.7162e+02  3.2460e+02
[2024-11-03 00:21:57.913461] [0x00007f5124c05880] [info]   iter-6  : 1.8300e+02  3.2172e+02
[2024-11-03 00:21:57.920143] [0x00007f5124c05880] [info]   iter-7  : 1.8960e+02  3.2774e+02
[2024-11-03 00:21:57.922196] [0x00007f5124c05880] [info]   iter-8  : 1.9804e+02  3.2105e+02
[2024-11-03 00:21:57.922923] [0x00007f5124c05880] [info]   iter-9  : 2.0323e+02  3.2138e+02
[2024-11-03 00:21:57.924867] [0x00007f5124c05880] [info]   iter-10 : 2.1495e+02  3.2287e+02
[2024-11-03 00:21:57.930376] [0x00007f5124c05880] [info]   iter-11 : 2.2118e+02  3.2324e+02
[2024-11-03 00:21:57.943815] [0x00007f5124c05880] [info]   iter-12 : 2.3110e+02  3.2239e+02
[2024-11-03 00:21:57.953680] [0x00007f5124c05880] [info]   iter-13 : 2.3451e+02  3.2301e+02
[2024-11-03 00:21:57.957496] [0x00007f5124c05880] [info]   iter-14 : 2.3890e+02  3.2324e+02
[2024-11-03 00:21:57.959249] [0x00007f5124c05880] [info]   iter-15 : 2.4727e+02  3.2335e+02
[2024-11-03 00:21:57.963253] [0x00007f5124c05880] [info]   iter-16 : 2.5636e+02  4.5136e+02
[2024-11-03 00:21:57.965409] [0x00007f5124c05880] [info]   iter-17 : 3.3695e+02  3.3964e+02
[2024-11-03 00:21:57.965735] [0x00007f5124c05880] [info]   current weighted HPWL: 339.644um
[2024-11-03 00:21:57.965835] [0x00007f5124c05880] [info] [0;36mGlobal placement completed[0m
[2024-11-03 00:21:57.965915] [0x00007f5124c05880] [info] (wall time: 0.075850s, cpu time: 0.993061)
[2024-11-03 00:21:57.966297] [0x00007f5124c05880] [info] (peak memory: 13MB,  current memory: 13MB)
[2024-11-03 00:21:57.966483] [0x00007f5124c05880] [info] ------------------------------------------------------------
[2024-11-03 00:21:57.966565] [0x00007f5124c05880] [info] Start standard cluster well legalization
[2024-11-03 00:21:57.966644] [0x00007f5124c05880] [info]   Well max plug distance: 75um, 125 
[2024-11-03 00:21:57.966692] [0x00007f5124c05880] [info]   GridValueX: 0.6 um
[2024-11-03 00:21:57.966725] [0x00007f5124c05880] [info]   Well spacing: 1.275um, 3
[2024-11-03 00:21:57.966911] [0x00007f5124c05880] [info]   Well tap cell width: 2
[2024-11-03 00:21:57.967049] [0x00007f5124c05880] [info] Max movable cell width: 6
[2024-11-03 00:21:57.967106] [0x00007f5124c05880] [info] Using default gridded row width: 2*max_unplug_length_
[2024-11-03 00:21:57.967165] [0x00007f5124c05880] [info]   Total number of columns: 1
[2024-11-03 00:21:57.967219] [0x00007f5124c05880] [info]   Gridded row width: 52.8um, 88
[2024-11-03 00:21:57.967316] [0x00007f5124c05880] [info] Maximum possible number of gridded rows in a column: 14
[2024-11-03 00:21:57.967416] [0x00007f5124c05880] [info] Form block clustering
[2024-11-03 00:21:57.967696] [0x00007f5124c05880] [info]   current weighted HPWL: 622.388um
[2024-11-03 00:21:57.967799] [0x00007f5124c05880] [info] Flip cluster orientation
[2024-11-03 00:21:57.967843] [0x00007f5124c05880] [info]   current weighted HPWL: 647.587um
[2024-11-03 00:21:57.967899] [0x00007f5124c05880] [info] Perform local reordering
[2024-11-03 00:21:57.967938] [0x00007f5124c05880] [info] reorder iteration: 0
[2024-11-03 00:21:57.968399] [0x00007f5124c05880] [info]   current weighted HPWL: 727.312um
[2024-11-03 00:21:57.968447] [0x00007f5124c05880] [info] reorder iteration: 1
[2024-11-03 00:21:57.968781] [0x00007f5124c05880] [info]   current weighted HPWL: 727.912um
[2024-11-03 00:21:57.968820] [0x00007f5124c05880] [info] reorder iteration: 2
[2024-11-03 00:21:57.969149] [0x00007f5124c05880] [info]   current weighted HPWL: 734.737um
[2024-11-03 00:21:57.969194] [0x00007f5124c05880] [info] reorder iteration: 3
[2024-11-03 00:21:57.969535] [0x00007f5124c05880] [info]   current weighted HPWL: 739.912um
[2024-11-03 00:21:57.969576] [0x00007f5124c05880] [info] reorder iteration: 4
[2024-11-03 00:21:57.969905] [0x00007f5124c05880] [info]   current weighted HPWL: 743.512um
[2024-11-03 00:21:57.969949] [0x00007f5124c05880] [info] reorder iteration: 5
[2024-11-03 00:21:57.970299] [0x00007f5124c05880] [info]   current weighted HPWL: 745.912um
[2024-11-03 00:21:57.970967] [0x00007f5124c05880] [info] Insert well tap cells
[2024-11-03 00:21:57.971274] [0x00007f5124c05880] [info] Insertion complete: 26 well tap cell created
[2024-11-03 00:21:57.972308] [0x00007f5124c05880] [info] Skip creating end cap cells
[2024-11-03 00:21:57.972413] [0x00007f5124c05880] [info]   current weighted HPWL: 734.512um
[2024-11-03 00:21:57.972464] [0x00007f5124c05880] [info] [0;36mStandard Cluster Well Legalization completed[0m
[2024-11-03 00:21:57.972509] [0x00007f5124c05880] [info] (wall time: 0.006021s, cpu time: 0.141277)
[2024-11-03 00:21:57.972594] [0x00007f5124c05880] [info] (peak memory: 13MB,  current memory: 13MB)
[2024-11-03 00:21:57.972651] [0x00007f5124c05880] [info] Writing PP and NP rect file: dali_outppnp.rect
[2024-11-03 00:21:57.973281] [0x00007f5124c05880] [info] Writing N-well rect file: dali_outwell.rect
[2024-11-03 00:21:57.973717] [0x00007f5124c05880] [info] Writing cluster rect file: dali_out_router.cluster
[2024-11-03 00:21:57.974270] [0x00007f5124c05880] [info] ------------------------------------------------------------
[2024-11-03 00:21:57.974352] [0x00007f5124c05880] [info] Start I/O Placement
[2024-11-03 00:21:57.974397] [0x00007f5124c05880] [info] [0;36mI/O Placement complete![0m
[2024-11-03 00:21:57.974502] [0x00007f5124c05880] [warning] IoPlace flag not specified, use --auto-place by default
[2024-11-03 00:21:57.974544] [0x00007f5124c05880] [info] ------------------------------------------------------------
[2024-11-03 00:21:57.974583] [0x00007f5124c05880] [info] Start I/O Placement
[2024-11-03 00:21:57.974619] [0x00007f5124c05880] [info] [0;36mI/O Placement complete![0m
[2024-11-03 00:21:57.974765] [0x00007f5124c05880] [info] Export Pplus/Nplus fillings to PhyDB
[2024-11-03 00:21:57.974824] [0x00007f5124c05880] [info] Export N wells to PhyDB
