[2024-10-11 00:49:46.805703] [0x00007f503fa99880] [info] ------------------------------------------------------------
[2024-10-11 00:49:46.805928] [0x00007f503fa99880] [info] Load information from PhyDB
[2024-10-11 00:49:46.805941] [0x00007f503fa99880] [info]   placement grid not set in PhyDB
[2024-10-11 00:49:46.805951] [0x00007f503fa99880] [info]   checking sites
[2024-10-11 00:49:46.805956] [0x00007f503fa99880] [info]     width : 0.6um
[2024-10-11 00:49:46.806367] [0x00007f503fa99880] [info]     height: 0.3um
[2024-10-11 00:49:46.809121] [0x00007f503fa99880] [info] No P-well layer info provided, creating fake info
[2024-10-11 00:49:46.810856] [0x00007f503fa99880] [info] (wall time: 0.007224s, cpu time: 0.001995)
[2024-10-11 00:49:46.810898] [0x00007f503fa99880] [info] ------------------------------------------------------------
[2024-10-11 00:49:46.810906] [0x00007f503fa99880] [info] Circuit brief summary:
[2024-10-11 00:49:46.810923] [0x00007f503fa99880] [info]   movable blocks: 299
[2024-10-11 00:49:46.810931] [0x00007f503fa99880] [info]   fixed blocks:   0
[2024-10-11 00:49:46.810933] [0x00007f503fa99880] [info]   blocks:         299
[2024-10-11 00:49:46.810936] [0x00007f503fa99880] [info]   iopins:         24
[2024-10-11 00:49:46.810940] [0x00007f503fa99880] [info]   nets:           321
[2024-10-11 00:49:46.810943] [0x00007f503fa99880] [info]   grid size x/y:  0.6/0.3um
[2024-10-11 00:49:46.810948] [0x00007f503fa99880] [info]   total movable blk area: 24156
[2024-10-11 00:49:46.811009] [0x00007f503fa99880] [info]   total white space     : 51840
[2024-10-11 00:49:46.811061] [0x00007f503fa99880] [info]   total block area      : 24156
[2024-10-11 00:49:46.811068] [0x00007f503fa99880] [info]   total space: 51840
[2024-10-11 00:49:46.811076] [0x00007f503fa99880] [info]     left:   10
[2024-10-11 00:49:46.811079] [0x00007f503fa99880] [info]     right:  170
[2024-10-11 00:49:46.811083] [0x00007f503fa99880] [info]     bottom: 18
[2024-10-11 00:49:46.811085] [0x00007f503fa99880] [info]     top:    342
[2024-10-11 00:49:46.811088] [0x00007f503fa99880] [info]   average movable width/height: 5.7893/13.6823um
[2024-10-11 00:49:46.811098] [0x00007f503fa99880] [info]   white space utility: 0.465972
[2024-10-11 00:49:46.811105] [0x00007f503fa99880] [info]   current weighted HPWL: 1235.7um
[2024-10-11 00:49:46.811172] [0x00007f503fa99880] [info] ------------------------------------------------------------
[2024-10-11 00:49:46.811190] [0x00007f503fa99880] [info] Start global placement
[2024-10-11 00:49:46.811198] [0x00007f503fa99880] [info]   target density: 0.5
[2024-10-11 00:49:46.811242] [0x00007f503fa99880] [info]   Block location initialization:
    HPWL before, 1235.7
[2024-10-11 00:49:46.811300] [0x00007f503fa99880] [info]     HPWL after, 19956.4
[2024-10-11 00:49:46.816321] [0x00007f503fa99880] [info]   iter-0  : 1.0117e+03  7.1178e+03
[2024-10-11 00:49:46.819259] [0x00007f503fa99880] [info]   iter-1  : 1.0199e+03  6.2880e+03
[2024-10-11 00:49:46.832957] [0x00007f503fa99880] [info]   iter-2  : 1.0354e+03  5.3029e+03
[2024-10-11 00:49:46.846860] [0x00007f503fa99880] [info]   iter-3  : 1.0622e+03  5.1514e+03
[2024-10-11 00:49:46.861026] [0x00007f503fa99880] [info]   iter-4  : 1.0958e+03  4.8206e+03
[2024-10-11 00:49:46.881895] [0x00007f503fa99880] [info]   iter-5  : 1.1639e+03  4.7144e+03
[2024-10-11 00:49:46.904385] [0x00007f503fa99880] [info]   iter-6  : 1.2417e+03  4.3744e+03
[2024-10-11 00:49:46.931626] [0x00007f503fa99880] [info]   iter-7  : 1.3300e+03  4.1127e+03
[2024-10-11 00:49:46.938098] [0x00007f503fa99880] [info]   iter-8  : 1.4107e+03  4.0624e+03
[2024-10-11 00:49:46.954169] [0x00007f503fa99880] [info]   iter-9  : 1.4738e+03  4.0929e+03
[2024-10-11 00:49:46.972282] [0x00007f503fa99880] [info]   iter-10 : 1.5791e+03  3.7947e+03
[2024-10-11 00:49:46.992647] [0x00007f503fa99880] [info]   iter-11 : 1.6587e+03  3.5617e+03
[2024-10-11 00:49:47.024010] [0x00007f503fa99880] [info]   iter-12 : 1.7435e+03  3.4656e+03
[2024-10-11 00:49:47.041287] [0x00007f503fa99880] [info]   iter-13 : 1.7989e+03  3.1840e+03
[2024-10-11 00:49:47.075869] [0x00007f503fa99880] [info]   iter-14 : 1.8695e+03  2.9021e+03
[2024-10-11 00:49:47.097780] [0x00007f503fa99880] [info]   iter-15 : 1.8909e+03  2.8479e+03
[2024-10-11 00:49:47.128327] [0x00007f503fa99880] [info]   iter-16 : 1.9330e+03  2.8593e+03
[2024-10-11 00:49:47.152968] [0x00007f503fa99880] [info]   iter-17 : 1.9990e+03  2.9352e+03
[2024-10-11 00:49:47.167326] [0x00007f503fa99880] [info]   iter-18 : 2.1106e+03  2.8199e+03
[2024-10-11 00:49:47.173081] [0x00007f503fa99880] [info]   iter-19 : 2.1106e+03  2.7354e+03
[2024-10-11 00:49:47.221659] [0x00007f503fa99880] [info]   iter-20 : 2.1019e+03  2.8470e+03
[2024-10-11 00:49:47.241627] [0x00007f503fa99880] [info]   iter-21 : 2.2054e+03  2.7363e+03
[2024-10-11 00:49:47.265356] [0x00007f503fa99880] [info]   iter-22 : 2.1786e+03  2.8948e+03
[2024-10-11 00:49:47.281014] [0x00007f503fa99880] [info]   iter-23 : 2.2589e+03  2.9137e+03
[2024-10-11 00:49:47.298059] [0x00007f503fa99880] [info]   iter-24 : 2.3004e+03  2.9943e+03
[2024-10-11 00:49:47.307672] [0x00007f503fa99880] [info]   iter-25 : 2.3297e+03  2.8978e+03
[2024-10-11 00:49:47.317605] [0x00007f503fa99880] [info]   iter-26 : 2.3068e+03  2.8284e+03
[2024-10-11 00:49:47.332355] [0x00007f503fa99880] [info]   iter-27 : 2.3166e+03  2.9167e+03
[2024-10-11 00:49:47.342073] [0x00007f503fa99880] [info]   iter-28 : 2.3845e+03  2.8099e+03
[2024-10-11 00:49:47.361111] [0x00007f503fa99880] [info]   iter-29 : 2.3720e+03  2.7435e+03
[2024-10-11 00:49:47.366298] [0x00007f503fa99880] [info]   iter-30 : 2.3499e+03  2.7540e+03
[2024-10-11 00:49:47.381174] [0x00007f503fa99880] [info]   iter-31 : 2.3599e+03  2.7966e+03
[2024-10-11 00:49:47.399517] [0x00007f503fa99880] [info]   iter-32 : 2.3733e+03  2.7943e+03
[2024-10-11 00:49:47.410105] [0x00007f503fa99880] [info]   iter-33 : 2.3861e+03  2.9090e+03
[2024-10-11 00:49:47.439625] [0x00007f503fa99880] [info]   iter-34 : 2.4570e+03  2.8797e+03
[2024-10-11 00:49:47.451743] [0x00007f503fa99880] [info]   iter-35 : 2.4653e+03  2.8040e+03
[2024-10-11 00:49:47.459645] [0x00007f503fa99880] [info]   iter-36 : 2.4512e+03  2.7765e+03
[2024-10-11 00:49:47.469336] [0x00007f503fa99880] [info]   iter-37 : 2.4378e+03  2.9404e+03
[2024-10-11 00:49:47.479609] [0x00007f503fa99880] [info]   iter-38 : 2.5168e+03  2.7939e+03
[2024-10-11 00:49:47.493856] [0x00007f503fa99880] [info]   iter-39 : 2.4799e+03  2.7679e+03
[2024-10-11 00:49:47.508530] [0x00007f503fa99880] [info]   iter-40 : 2.4728e+03  2.7149e+03
[2024-10-11 00:49:47.508887] [0x00007f503fa99880] [info]   current weighted HPWL: 2714.93um
[2024-10-11 00:49:47.509175] [0x00007f503fa99880] [info] [0;36mGlobal placement completed[0m
[2024-10-11 00:49:47.509279] [0x00007f503fa99880] [info] (wall time: 0.698065s, cpu time: 10.801406)
[2024-10-11 00:49:47.509458] [0x00007f503fa99880] [info] (peak memory: 5395MB,  current memory: 5395MB)
[2024-10-11 00:49:47.509621] [0x00007f503fa99880] [info] ------------------------------------------------------------
[2024-10-11 00:49:47.509675] [0x00007f503fa99880] [info] Start standard cluster well legalization
[2024-10-11 00:49:47.509735] [0x00007f503fa99880] [info]   Well max plug distance: 75um, 125 
[2024-10-11 00:49:47.509795] [0x00007f503fa99880] [info]   GridValueX: 0.6 um
[2024-10-11 00:49:47.509876] [0x00007f503fa99880] [info]   Well spacing: 1.275um, 3
[2024-10-11 00:49:47.509923] [0x00007f503fa99880] [info]   Well tap cell width: 2
[2024-10-11 00:49:47.510061] [0x00007f503fa99880] [info] Max movable cell width: 18
[2024-10-11 00:49:47.510107] [0x00007f503fa99880] [info] Using default gridded row width: 2*max_unplug_length_
[2024-10-11 00:49:47.510154] [0x00007f503fa99880] [info]   Total number of columns: 1
[2024-10-11 00:49:47.510201] [0x00007f503fa99880] [info]   Gridded row width: 92.4um, 154
[2024-10-11 00:49:47.510287] [0x00007f503fa99880] [info] Maximum possible number of gridded rows in a column: 35
[2024-10-11 00:49:47.510389] [0x00007f503fa99880] [info] Form block clustering
[2024-10-11 00:49:47.510743] [0x00007f503fa99880] [info]   current weighted HPWL: 3580.5um
[2024-10-11 00:49:47.510894] [0x00007f503fa99880] [info] Flip cluster orientation
[2024-10-11 00:49:47.511246] [0x00007f503fa99880] [info]   current weighted HPWL: 3833.1um
[2024-10-11 00:49:47.511347] [0x00007f503fa99880] [info] Perform local reordering
[2024-10-11 00:49:47.511392] [0x00007f503fa99880] [info] reorder iteration: 0
[2024-10-11 00:49:47.514174] [0x00007f503fa99880] [info]   current weighted HPWL: 3825.3um
[2024-10-11 00:49:47.516776] [0x00007f503fa99880] [info] reorder iteration: 1
[2024-10-11 00:49:47.524517] [0x00007f503fa99880] [info]   current weighted HPWL: 3759.3um
[2024-10-11 00:49:47.525787] [0x00007f503fa99880] [info] reorder iteration: 2
[2024-10-11 00:49:47.527671] [0x00007f503fa99880] [info]   current weighted HPWL: 3760.5um
[2024-10-11 00:49:47.527867] [0x00007f503fa99880] [info] reorder iteration: 3
[2024-10-11 00:49:47.529600] [0x00007f503fa99880] [info]   current weighted HPWL: 3761.7um
[2024-10-11 00:49:47.530159] [0x00007f503fa99880] [info] reorder iteration: 4
[2024-10-11 00:49:47.532289] [0x00007f503fa99880] [info]   current weighted HPWL: 3771.9um
[2024-10-11 00:49:47.532445] [0x00007f503fa99880] [info] reorder iteration: 5
[2024-10-11 00:49:47.533650] [0x00007f503fa99880] [info]   current weighted HPWL: 3783.3um
[2024-10-11 00:49:47.534034] [0x00007f503fa99880] [info] Insert well tap cells
[2024-10-11 00:49:47.534180] [0x00007f503fa99880] [info] Insertion complete: 30 well tap cell created
[2024-10-11 00:49:47.534247] [0x00007f503fa99880] [info] Skip creating end cap cells
[2024-10-11 00:49:47.534295] [0x00007f503fa99880] [info]   current weighted HPWL: 3746.7um
[2024-10-11 00:49:47.534377] [0x00007f503fa99880] [info] [0;36mStandard Cluster Well Legalization completed[0m
[2024-10-11 00:49:47.534435] [0x00007f503fa99880] [info] (wall time: 0.024806s, cpu time: 0.334171)
[2024-10-11 00:49:47.534528] [0x00007f503fa99880] [info] (peak memory: 5395MB,  current memory: 5395MB)
[2024-10-11 00:49:47.534578] [0x00007f503fa99880] [info] Writing PP and NP rect file: dali_outppnp.rect
[2024-10-11 00:49:47.535763] [0x00007f503fa99880] [info] Writing N-well rect file: dali_outwell.rect
[2024-10-11 00:49:47.536256] [0x00007f503fa99880] [info] Writing cluster rect file: dali_out_router.cluster
[2024-10-11 00:49:47.537531] [0x00007f503fa99880] [info] ------------------------------------------------------------
[2024-10-11 00:49:47.537637] [0x00007f503fa99880] [info] Start I/O Placement
[2024-10-11 00:49:47.537713] [0x00007f503fa99880] [info] [0;36mI/O Placement complete![0m
[2024-10-11 00:49:47.537805] [0x00007f503fa99880] [warning] IoPlace flag not specified, use --auto-place by default
[2024-10-11 00:49:47.537862] [0x00007f503fa99880] [info] ------------------------------------------------------------
[2024-10-11 00:49:47.537901] [0x00007f503fa99880] [info] Start I/O Placement
[2024-10-11 00:49:47.537951] [0x00007f503fa99880] [info] [0;36mI/O Placement complete![0m
[2024-10-11 00:49:47.538275] [0x00007f503fa99880] [info] Export Pplus/Nplus fillings to PhyDB
[2024-10-11 00:49:47.538362] [0x00007f503fa99880] [info] Export N wells to PhyDB
