[2024-11-07 16:39:33.291396] [0x00007f3c74f2a880] [info] ------------------------------------------------------------
[2024-11-07 16:39:33.291743] [0x00007f3c74f2a880] [info] Load information from PhyDB
[2024-11-07 16:39:33.291786] [0x00007f3c74f2a880] [info]   placement grid not set in PhyDB
[2024-11-07 16:39:33.291816] [0x00007f3c74f2a880] [info]   checking sites
[2024-11-07 16:39:33.291828] [0x00007f3c74f2a880] [info]     width : 0.6um
[2024-11-07 16:39:33.291872] [0x00007f3c74f2a880] [info]     height: 0.3um
[2024-11-07 16:39:33.292559] [0x00007f3c74f2a880] [info] No P-well layer info provided, creating fake info
[2024-11-07 16:39:33.293715] [0x00007f3c74f2a880] [info] (wall time: 0.002741s, cpu time: 0.001227)
[2024-11-07 16:39:33.293758] [0x00007f3c74f2a880] [info] ------------------------------------------------------------
[2024-11-07 16:39:33.293766] [0x00007f3c74f2a880] [info] Circuit brief summary:
[2024-11-07 16:39:33.293784] [0x00007f3c74f2a880] [info]   movable blocks: 100
[2024-11-07 16:39:33.293815] [0x00007f3c74f2a880] [info]   fixed blocks:   0
[2024-11-07 16:39:33.293822] [0x00007f3c74f2a880] [info]   blocks:         100
[2024-11-07 16:39:33.293826] [0x00007f3c74f2a880] [info]   iopins:         0
[2024-11-07 16:39:33.293851] [0x00007f3c74f2a880] [info]   nets:           301
[2024-11-07 16:39:33.293862] [0x00007f3c74f2a880] [info]   grid size x/y:  0.6/0.3um
[2024-11-07 16:39:33.293888] [0x00007f3c74f2a880] [info]   total movable blk area: 13200
[2024-11-07 16:39:33.293898] [0x00007f3c74f2a880] [info]   total white space     : 29736
[2024-11-07 16:39:33.293934] [0x00007f3c74f2a880] [info]   total block area      : 13200
[2024-11-07 16:39:33.293942] [0x00007f3c74f2a880] [info]   total space: 29736
[2024-11-07 16:39:33.293969] [0x00007f3c74f2a880] [info]     left:   10
[2024-11-07 16:39:33.293977] [0x00007f3c74f2a880] [info]     right:  128
[2024-11-07 16:39:33.293998] [0x00007f3c74f2a880] [info]     bottom: 18
[2024-11-07 16:39:33.294035] [0x00007f3c74f2a880] [info]     top:    270
[2024-11-07 16:39:33.294045] [0x00007f3c74f2a880] [info]   average movable width/height: 11/12um
[2024-11-07 16:39:33.294070] [0x00007f3c74f2a880] [info]   white space utility: 0.443906
[2024-11-07 16:39:33.294109] [0x00007f3c74f2a880] [info]   current weighted HPWL: 467.775um
[2024-11-07 16:39:33.294188] [0x00007f3c74f2a880] [info] ------------------------------------------------------------
[2024-11-07 16:39:33.294214] [0x00007f3c74f2a880] [info] Start global placement
[2024-11-07 16:39:33.294222] [0x00007f3c74f2a880] [info]   target density: 0.5
[2024-11-07 16:39:33.294261] [0x00007f3c74f2a880] [info]   Block location initialization:
    HPWL before, 467.775
[2024-11-07 16:39:33.294298] [0x00007f3c74f2a880] [info]     HPWL after, 5044.09
[2024-11-07 16:39:33.323177] [0x00007f3c74f2a880] [info]   iter-0  : 2.5008e+02  6.4067e+02
[2024-11-07 16:39:33.325297] [0x00007f3c74f2a880] [info]   iter-1  : 2.3748e+02  7.0527e+02
[2024-11-07 16:39:33.329884] [0x00007f3c74f2a880] [info]   iter-2  : 3.1116e+02  4.4867e+02
[2024-11-07 16:39:33.331521] [0x00007f3c74f2a880] [info]   iter-3  : 2.7379e+02  4.0932e+02
[2024-11-07 16:39:33.332574] [0x00007f3c74f2a880] [info]   iter-4  : 2.7472e+02  6.0511e+02
[2024-11-07 16:39:33.333349] [0x00007f3c74f2a880] [info]   iter-5  : 3.2790e+02  5.6486e+02
[2024-11-07 16:39:33.334120] [0x00007f3c74f2a880] [info]   iter-6  : 3.1103e+02  5.6836e+02
[2024-11-07 16:39:33.336339] [0x00007f3c74f2a880] [info]   iter-7  : 3.1862e+02  4.1130e+02
[2024-11-07 16:39:33.342990] [0x00007f3c74f2a880] [info]   iter-8  : 3.1403e+02  4.0220e+02
[2024-11-07 16:39:33.354735] [0x00007f3c74f2a880] [info]   iter-9  : 3.1521e+02  4.0162e+02
[2024-11-07 16:39:33.363524] [0x00007f3c74f2a880] [info]   iter-10 : 3.2078e+02  4.0281e+02
[2024-11-07 16:39:33.367843] [0x00007f3c74f2a880] [info]   iter-11 : 3.2285e+02  4.0295e+02
[2024-11-07 16:39:33.373285] [0x00007f3c74f2a880] [info]   iter-12 : 3.2881e+02  4.0295e+02
[2024-11-07 16:39:33.375017] [0x00007f3c74f2a880] [info]   iter-13 : 3.3258e+02  4.0118e+02
[2024-11-07 16:39:33.375784] [0x00007f3c74f2a880] [info]   iter-14 : 3.3651e+02  4.0623e+02
[2024-11-07 16:39:33.376423] [0x00007f3c74f2a880] [info]   iter-15 : 3.3944e+02  4.0179e+02
[2024-11-07 16:39:33.377074] [0x00007f3c74f2a880] [info]   iter-16 : 3.4256e+02  4.0254e+02
[2024-11-07 16:39:33.377664] [0x00007f3c74f2a880] [info]   iter-17 : 3.4584e+02  4.0470e+02
[2024-11-07 16:39:33.378223] [0x00007f3c74f2a880] [info]   iter-18 : 3.4889e+02  4.0254e+02
[2024-11-07 16:39:33.378844] [0x00007f3c74f2a880] [info]   iter-19 : 3.5062e+02  4.0100e+02
[2024-11-07 16:39:33.379735] [0x00007f3c74f2a880] [info]   iter-20 : 3.4996e+02  4.0100e+02
[2024-11-07 16:39:33.383780] [0x00007f3c74f2a880] [info]   iter-21 : 3.5162e+02  4.0254e+02
[2024-11-07 16:39:33.391641] [0x00007f3c74f2a880] [info]   iter-22 : 3.5793e+02  4.0279e+02
[2024-11-07 16:39:33.403622] [0x00007f3c74f2a880] [info]   iter-23 : 3.6007e+02  4.0179e+02
[2024-11-07 16:39:33.409227] [0x00007f3c74f2a880] [info]   iter-24 : 3.6010e+02  4.0391e+02
[2024-11-07 16:39:33.413189] [0x00007f3c74f2a880] [info]   iter-25 : 3.6163e+02  4.0179e+02
[2024-11-07 16:39:33.417020] [0x00007f3c74f2a880] [info]   iter-26 : 3.6226e+02  4.0494e+02
[2024-11-07 16:39:33.422555] [0x00007f3c74f2a880] [info]   iter-27 : 3.6322e+02  4.0391e+02
[2024-11-07 16:39:33.429308] [0x00007f3c74f2a880] [info]   iter-28 : 3.6406e+02  4.0279e+02
[2024-11-07 16:39:33.434594] [0x00007f3c74f2a880] [info]   iter-29 : 3.6639e+02  4.0015e+02
[2024-11-07 16:39:33.442423] [0x00007f3c74f2a880] [info]   iter-30 : 3.6773e+02  4.0332e+02
[2024-11-07 16:39:33.443434] [0x00007f3c74f2a880] [info]   iter-31 : 3.6989e+02  4.0539e+02
[2024-11-07 16:39:33.444140] [0x00007f3c74f2a880] [info]   iter-32 : 3.6788e+02  4.0114e+02
[2024-11-07 16:39:33.445339] [0x00007f3c74f2a880] [info]   iter-33 : 3.7121e+02  3.9977e+02
[2024-11-07 16:39:33.450202] [0x00007f3c74f2a880] [info]   iter-34 : 3.6838e+02  4.0342e+02
[2024-11-07 16:39:33.452800] [0x00007f3c74f2a880] [info]   iter-35 : 3.7301e+02  3.9961e+02
[2024-11-07 16:39:33.453421] [0x00007f3c74f2a880] [info]   iter-36 : 3.6933e+02  4.0321e+02
[2024-11-07 16:39:33.455670] [0x00007f3c74f2a880] [info]   iter-37 : 3.7527e+02  4.0462e+02
[2024-11-07 16:39:33.456240] [0x00007f3c74f2a880] [info]   iter-38 : 3.7229e+02  4.0424e+02
[2024-11-07 16:39:33.456806] [0x00007f3c74f2a880] [info]   iter-39 : 3.7401e+02  4.0228e+02
[2024-11-07 16:39:33.457328] [0x00007f3c74f2a880] [info]   iter-40 : 3.7368e+02  3.9960e+02
[2024-11-07 16:39:33.458371] [0x00007f3c74f2a880] [info]   iter-41 : 3.7023e+02  3.9850e+02
[2024-11-07 16:39:33.459077] [0x00007f3c74f2a880] [info]   iter-42 : 3.7342e+02  3.9876e+02
[2024-11-07 16:39:33.459670] [0x00007f3c74f2a880] [info]   iter-43 : 3.7411e+02  3.9876e+02
[2024-11-07 16:39:33.460070] [0x00007f3c74f2a880] [info]   iter-44 : 3.7460e+02  3.9876e+02
[2024-11-07 16:39:33.460499] [0x00007f3c74f2a880] [info]   iter-45 : 3.7467e+02  3.9771e+02
[2024-11-07 16:39:33.460869] [0x00007f3c74f2a880] [info]   iter-46 : 3.7274e+02  3.9876e+02
[2024-11-07 16:39:33.461386] [0x00007f3c74f2a880] [info]   iter-47 : 3.7527e+02  3.9950e+02
[2024-11-07 16:39:33.463675] [0x00007f3c74f2a880] [info]   iter-48 : 3.7637e+02  3.9936e+02
[2024-11-07 16:39:33.464657] [0x00007f3c74f2a880] [info]   iter-49 : 3.7366e+02  4.0306e+02
[2024-11-07 16:39:33.465238] [0x00007f3c74f2a880] [info]   iter-50 : 3.7786e+02  4.0015e+02
[2024-11-07 16:39:33.466043] [0x00007f3c74f2a880] [info]   iter-51 : 3.7529e+02  3.9936e+02
[2024-11-07 16:39:33.466758] [0x00007f3c74f2a880] [info]   iter-52 : 3.7452e+02  4.0306e+02
[2024-11-07 16:39:33.467224] [0x00007f3c74f2a880] [info]   iter-53 : 3.7861e+02  3.9936e+02
[2024-11-07 16:39:33.469205] [0x00007f3c74f2a880] [info]   iter-54 : 3.7502e+02  3.9771e+02
[2024-11-07 16:39:33.469744] [0x00007f3c74f2a880] [info]   iter-55 : 3.7523e+02  3.9771e+02
[2024-11-07 16:39:33.470372] [0x00007f3c74f2a880] [info]   iter-56 : 3.7545e+02  3.9771e+02
[2024-11-07 16:39:33.470888] [0x00007f3c74f2a880] [info]   iter-57 : 3.7567e+02  4.0141e+02
[2024-11-07 16:39:33.471249] [0x00007f3c74f2a880] [info]   iter-58 : 3.7978e+02  4.0141e+02
[2024-11-07 16:39:33.471859] [0x00007f3c74f2a880] [info]   iter-59 : 3.8000e+02  4.0065e+02
[2024-11-07 16:39:33.471905] [0x00007f3c74f2a880] [info]   current weighted HPWL: 400.653um
[2024-11-07 16:39:33.471942] [0x00007f3c74f2a880] [info] [0;36mGlobal placement completed[0m
[2024-11-07 16:39:33.471974] [0x00007f3c74f2a880] [info] (wall time: 0.177784s, cpu time: 2.832570)
[2024-11-07 16:39:33.472046] [0x00007f3c74f2a880] [info] (peak memory: 13MB,  current memory: 13MB)
[2024-11-07 16:39:33.472091] [0x00007f3c74f2a880] [info] ------------------------------------------------------------
[2024-11-07 16:39:33.472201] [0x00007f3c74f2a880] [info] Start standard cluster well legalization
[2024-11-07 16:39:33.472231] [0x00007f3c74f2a880] [info]   Well max plug distance: 75um, 125 
[2024-11-07 16:39:33.472259] [0x00007f3c74f2a880] [info]   GridValueX: 0.6 um
[2024-11-07 16:39:33.472287] [0x00007f3c74f2a880] [info]   Well spacing: 1.275um, 3
[2024-11-07 16:39:33.472317] [0x00007f3c74f2a880] [info]   Well tap cell width: 2
[2024-11-07 16:39:33.472443] [0x00007f3c74f2a880] [info] Max movable cell width: 11
[2024-11-07 16:39:33.472474] [0x00007f3c74f2a880] [info] Using default gridded row width: 2*max_unplug_length_
[2024-11-07 16:39:33.472503] [0x00007f3c74f2a880] [info]   Total number of columns: 1
[2024-11-07 16:39:33.472529] [0x00007f3c74f2a880] [info]   Gridded row width: 67.2um, 112
[2024-11-07 16:39:33.472580] [0x00007f3c74f2a880] [info] Maximum possible number of gridded rows in a column: 20
[2024-11-07 16:39:33.472618] [0x00007f3c74f2a880] [info] Form block clustering
[2024-11-07 16:39:33.472713] [0x00007f3c74f2a880] [info]   current weighted HPWL: 888.825um
[2024-11-07 16:39:33.472748] [0x00007f3c74f2a880] [info] Flip cluster orientation
[2024-11-07 16:39:33.472774] [0x00007f3c74f2a880] [info]   current weighted HPWL: 932.55um
[2024-11-07 16:39:33.472809] [0x00007f3c74f2a880] [info] Perform local reordering
[2024-11-07 16:39:33.472833] [0x00007f3c74f2a880] [info] reorder iteration: 0
[2024-11-07 16:39:33.473163] [0x00007f3c74f2a880] [info]   current weighted HPWL: 1030.05um
[2024-11-07 16:39:33.473195] [0x00007f3c74f2a880] [info] reorder iteration: 1
[2024-11-07 16:39:33.473507] [0x00007f3c74f2a880] [info]   current weighted HPWL: 1039.8um
[2024-11-07 16:39:33.473539] [0x00007f3c74f2a880] [info] reorder iteration: 2
[2024-11-07 16:39:33.473840] [0x00007f3c74f2a880] [info]   current weighted HPWL: 1045.27um
[2024-11-07 16:39:33.473869] [0x00007f3c74f2a880] [info] reorder iteration: 3
[2024-11-07 16:39:33.474178] [0x00007f3c74f2a880] [info]   current weighted HPWL: 1051.27um
[2024-11-07 16:39:33.474212] [0x00007f3c74f2a880] [info] reorder iteration: 4
[2024-11-07 16:39:33.474504] [0x00007f3c74f2a880] [info]   current weighted HPWL: 1051.27um
[2024-11-07 16:39:33.474535] [0x00007f3c74f2a880] [info] reorder iteration: 5
[2024-11-07 16:39:33.474830] [0x00007f3c74f2a880] [info]   current weighted HPWL: 1052.47um
[2024-11-07 16:39:33.474862] [0x00007f3c74f2a880] [info] Insert well tap cells
[2024-11-07 16:39:33.474909] [0x00007f3c74f2a880] [info] Insertion complete: 38 well tap cell created
[2024-11-07 16:39:33.474939] [0x00007f3c74f2a880] [info] Skip creating end cap cells
[2024-11-07 16:39:33.474967] [0x00007f3c74f2a880] [info]   current weighted HPWL: 1036.35um
[2024-11-07 16:39:33.474999] [0x00007f3c74f2a880] [info] [0;36mStandard Cluster Well Legalization completed[0m
[2024-11-07 16:39:33.475031] [0x00007f3c74f2a880] [info] (wall time: 0.002936s, cpu time: 0.145339)
[2024-11-07 16:39:33.475080] [0x00007f3c74f2a880] [info] (peak memory: 13MB,  current memory: 13MB)
[2024-11-07 16:39:33.475111] [0x00007f3c74f2a880] [info] Writing PP and NP rect file: dali_outppnp.rect
[2024-11-07 16:39:33.475530] [0x00007f3c74f2a880] [info] Writing N-well rect file: dali_outwell.rect
[2024-11-07 16:39:33.475811] [0x00007f3c74f2a880] [info] Writing cluster rect file: dali_out_router.cluster
[2024-11-07 16:39:33.476166] [0x00007f3c74f2a880] [info] ------------------------------------------------------------
[2024-11-07 16:39:33.476316] [0x00007f3c74f2a880] [info] Start I/O Placement
[2024-11-07 16:39:33.476357] [0x00007f3c74f2a880] [info] [0;36mI/O Placement complete![0m
[2024-11-07 16:39:33.476424] [0x00007f3c74f2a880] [warning] IoPlace flag not specified, use --auto-place by default
[2024-11-07 16:39:33.476456] [0x00007f3c74f2a880] [info] ------------------------------------------------------------
[2024-11-07 16:39:33.476483] [0x00007f3c74f2a880] [info] Start I/O Placement
[2024-11-07 16:39:33.476516] [0x00007f3c74f2a880] [info] [0;36mI/O Placement complete![0m
[2024-11-07 16:39:33.476584] [0x00007f3c74f2a880] [info] Export Pplus/Nplus fillings to PhyDB
[2024-11-07 16:39:33.476633] [0x00007f3c74f2a880] [info] Export N wells to PhyDB
