
Magic 8.3 revision 105 - Compiled on Mon, 06 Dec 2021 22:32:27 +0200.
Starting magic under Tcl interpreter
Using the terminal as the console.
Using NULL graphics device.
Input style generic: scaleFactor=15, multiplier=2
Processing system .magicrc file
Loading "_0_0std_0_0cells_0_0INVX1" from command line.
Using technology "sky130l", version 1
Extracting _0_0std_0_0cells_0_0INVX1 into _0_0std_0_0cells_0_0INVX1.ext:

Magic 8.3 revision 105 - Compiled on Mon, 06 Dec 2021 22:32:27 +0200.
Starting magic under Tcl interpreter
Using the terminal as the console.
Using NULL graphics device.
Input style generic: scaleFactor=15, multiplier=2
Processing system .magicrc file
Loading "_0_0std_0_0cells_0_0INVX1" from command line.
Using technology "sky130l", version 1
exttosim finished.

Magic 8.3 revision 105 - Compiled on Mon, 06 Dec 2021 22:32:27 +0200.
Starting magic under Tcl interpreter
Using the terminal as the console.
Using NULL graphics device.
Input style generic: scaleFactor=15, multiplier=2
Processing system .magicrc file
Loading "_0_0std_0_0cells_0_0INVX1" from command line.
Using technology "sky130l", version 1
Extracting _0_0std_0_0cells_0_0INVX1 into _0_0std_0_0cells_0_0INVX1.ext:

Magic 8.3 revision 105 - Compiled on Mon, 06 Dec 2021 22:32:27 +0200.
Starting magic under Tcl interpreter
Using the terminal as the console.
Using NULL graphics device.
Input style generic: scaleFactor=15, multiplier=2
Processing system .magicrc file
Loading "_0_0std_0_0cells_0_0INVX1" from command line.
Using technology "sky130l", version 1
exttosim finished.

Magic 8.3 revision 105 - Compiled on Mon, 06 Dec 2021 22:32:27 +0200.
Starting magic under Tcl interpreter
Using the terminal as the console.
Using NULL graphics device.
Input style generic: scaleFactor=15, multiplier=2
Processing system .magicrc file
Loading "_0_0std_0_0cells_0_0INVX1" from command line.
Using technology "sky130l", version 1
Extracting _0_0std_0_0cells_0_0INVX1 into _0_0std_0_0cells_0_0INVX1.ext:

Magic 8.3 revision 105 - Compiled on Mon, 06 Dec 2021 22:32:27 +0200.
Starting magic under Tcl interpreter
Using the terminal as the console.
Using NULL graphics device.
Input style generic: scaleFactor=15, multiplier=2
Processing system .magicrc file
Loading "_0_0std_0_0cells_0_0INVX1" from command line.
Using technology "sky130l", version 1
exttosim finished.

Magic 8.3 revision 105 - Compiled on Mon, 06 Dec 2021 22:32:27 +0200.
Starting magic under Tcl interpreter
Using the terminal as the console.
Using NULL graphics device.
Input style generic: scaleFactor=15, multiplier=2
Processing system .magicrc file
Loading "_0_0std_0_0cells_0_0INVX1" from command line.
Using technology "sky130l", version 1
Extracting _0_0std_0_0cells_0_0INVX1 into _0_0std_0_0cells_0_0INVX1.ext:

Magic 8.3 revision 105 - Compiled on Mon, 06 Dec 2021 22:32:27 +0200.
Starting magic under Tcl interpreter
Using the terminal as the console.
Using NULL graphics device.
Input style generic: scaleFactor=15, multiplier=2
Processing system .magicrc file
Loading "_0_0std_0_0cells_0_0INVX1" from command line.
Using technology "sky130l", version 1
exttosim finished.
